#
# A fatal error has been detected by the Java Runtime Environment:
#
#  SIGSEGV (0xb) at pc=0x000000015c1ef0ac, pid=53742, tid=13327
#
# JRE version: OpenJDK Runtime Environment AdoptOpenJDK (14.0.2+12) (build 14.0.2+12)
# Java VM: OpenJDK 64-Bit Server VM AdoptOpenJDK (14.0.2+12, mixed mode, sharing, tiered, compressed oops, g1 gc, bsd-amd64)
# Problematic frame:
# C  [libopenblas.0.dylib+0x100ac]  saxpy_+0xac
#
# No core dump will be written. Core dumps have been disabled. To enable core dumping, try "ulimit -c unlimited" before starting Java again
#
# If you would like to submit a bug report, please visit:
#   https://github.com/AdoptOpenJDK/openjdk-support/issues
#

---------------  S U M M A R Y ------------

Command Line: -Dfile.encoding=UTF8 -ea -Xmx1024m 

Host: MacBookPro18,1 x86_64 2400 MHz, 10 cores, 16G, Darwin 21.4.0
Time: Wed May 25 13:20:44 2022 KST elapsed time: 51 seconds (0d 0h 0m 51s)

---------------  T H R E A D  ---------------

Current thread is native thread

Stack: [0x000000030828e000,0x000000030928e000],  sp=0x0000000309221990,  free space=15950k
Native frames: (J=compiled Java code, A=aot compiled Java code, j=interpreted, Vv=VM code, C=native code)
C  [libopenblas.0.dylib+0x100ac]  saxpy_+0xac
C  [fasttext_inner.cpython-38-darwin.so+0x7227]  __pyx_f_6gensim_6models_14fasttext_inner_fasttext_fast_sentence_cbow_neg+0x157


siginfo: si_signo: 11 (SIGSEGV), si_code: 1 (SEGV_MAPERR), si_addr: 0x00000000000000a0

Register to memory mapping:

RAX=
[error occurred during error reporting (printing register info), id 0xb, SIGSEGV (0xb) at pc=0x000000017808f5c6]

Registers:
RAX=0x0000000000000080, RBX=0x0000000000000001, RCX=0x00007fef62469600, RDX=0x0000000000000000
RSP=0x0000000309221990, RBP=0x00000003092219d0, RSI=0x0000000000000000, RDI=0x0000000000000080
R8 =0x0000000000000001, R9 =0x00007fef3fb54f00, R10=0x00007fef3fb54f00, R11=0x0000000000000001
R12=0x000000017678a964, R13=0x0000000000000000, R14=0x0000000000000000, R15=0x0000000309221b40
RIP=0x000000015c1ef0ac, EFLAGS=0x0000000000000246, ERR=0x0000000000000004
  TRAPNO=0x000000000000000e

Top of Stack: (sp=0x0000000309221990)
0x0000000309221990:   0000000000000001 0000000000000000
0x00000003092219a0:   0000000000000000 00000000000000d0
0x00000003092219b0:   3f80000074fbf898 000000017678a960
0x00000003092219c0:   00007fef3fb54f00 0000000309221b40
0x00000003092219d0:   0000000309221ab0 0000000176782227
0x00000003092219e0:   00007fedfe700000 0000000000000002
0x00000003092219f0:   00007fef75520000 00007fef4ef5d800
0x0000000309221a00:   00000000000017de 00007fef75820000
0x0000000309221a10:   0000000000000005 00007fee78820000
0x0000000309221a20:   00007fef62468000 3cade99000010120
0x0000000309221a30:   000055cb41708b2d 0000000000000001
0x0000000309221a40:   00007fef3fb54f00 00000000ffffffff
0x0000000309221a50:   00000001000001d8 0000000000000002
0x0000000309221a60:   0000000309221b40 00007fef3fdc0600
0x0000000309221a70:   3f80000060eec000 00007fef3f800000
0x0000000309221a80:   0000008060eecaf0 0000000000000000
0x0000000309221a90:   0000000000000000 0000000000000000
0x0000000309221aa0:   0000000000000000 0000000000000002
0x0000000309221ab0:   000000030928d2b0 0000000176786aff
0x0000000309221ac0:   0000000000000000 0000000000000000
0x0000000309221ad0:   0000000000002024 0000000000000d91
0x0000000309221ae0:   000000030922b7d0 00007fef8f0620b0
0x0000000309221af0:   0000000000000001 0000000000000002
0x0000000309221b00:   00007fef60eeccf0 00007fef60eec8d0
0x0000000309221b10:   0000000000000002 0000000000000000
0x0000000309221b20:   0000000000000000 0000000000000000
0x0000000309221b30:   0000000000000000 0000000000000000
0x0000000309221b40:   0000000500000000 0000008000000001
0x0000000309221b50:   0000000100000002 3cade99000000008
0x0000000309221b60:   00007fef62468000 00007fee78820000
0x0000000309221b70:   00007fef75820000 00007fedfe700000
0x0000000309221b80:   00007fef3fdc0600 00007fef3fb54f00 

Instructions: (pc=0x000000015c1ef0ac)
0x000000015c1eefac:   00 00 00 00 00 00 00 00 00 00 00 00 00 00 00 00
0x000000015c1eefbc:   00 00 00 00 00 00 00 00 00 00 00 00 00 00 00 00
0x000000015c1eefcc:   00 00 00 00 00 00 00 00 00 00 00 00 00 00 00 00
0x000000015c1eefdc:   00 00 00 00 00 00 00 00 00 00 00 00 00 00 00 00
0x000000015c1eefec:   00 00 00 00 00 00 00 00 00 00 00 00 00 00 00 00
0x000000015c1eeffc:   00 00 00 00 55 48 89 e5 41 57 41 56 53 50 48 63
0x000000015c1ef00c:   07 4c 63 19 49 63 19 f3 0f 10 06 f3 0f 11 45 e4
0x000000015c1ef01c:   48 85 c0 0f 8e ee 00 00 00 0f 57 c9 0f 2e c1 75
0x000000015c1ef02c:   06 0f 8b e0 00 00 00 44 89 d9 09 d9 74 7f 48 8d
0x000000015c1ef03c:   48 ff 49 0f af cb 48 c1 e1 02 49 89 d1 49 29 c9
0x000000015c1ef04c:   45 85 db 4c 0f 49 ca b9 01 00 00 00 48 29 c1 48
0x000000015c1ef05c:   0f af cb 85 db 4d 8d 14 88 4d 0f 49 d0 3d 11 27
0x000000015c1ef06c:   00 00 7c 19 45 85 db 74 14 85 db 74 10 48 8d 0d
0x000000015c1ef07c:   08 0e bc 03 44 8b 31 41 83 fe 01 75 4b 48 8d 0d
0x000000015c1ef08c:   f0 0d bc 03 4c 8b 31 48 83 ec 08 48 89 c7 31 f6
0x000000015c1ef09c:   31 d2 4c 89 c9 4d 89 d8 4d 89 d1 6a 00 6a 00 53
0x000000015c1ef0ac:   41 ff 96 a0 00 00 00 48 83 c4 20 eb 5a 0f 57 c9
0x000000015c1ef0bc:   f3 0f 2a c8 f3 0f 59 c1 f3 0f 59 02 f3 41 0f 58
0x000000015c1ef0cc:   00 f3 41 0f 11 00 eb 3f 48 8d 0d a5 0d bc 03 4c
0x000000015c1ef0dc:   8b 39 48 83 ec 08 4c 8d 45 e4 bf 02 00 00 00 48
0x000000015c1ef0ec:   89 c6 ba 00 00 00 00 b9 00 00 00 00 41 56 41 ff
0x000000015c1ef0fc:   b7 a0 00 00 00 6a 00 6a 00 53 41 52 41 53 e8 51
0x000000015c1ef10c:   93 32 00 48 83 c4 40 48 83 c4 08 5b 41 5e 41 5f
0x000000015c1ef11c:   5d c3 90 90 55 48 89 e5 8b 3f 85 ff 7e 68 4c 89
0x000000015c1ef12c:   c0 4c 63 02 4c 63 10 8d 47 ff 45 89 d1 44 0f af
0x000000015c1ef13c:   c8 41 0f af c0 48 63 d0 48 c1 e2 02 48 89 f0 48
0x000000015c1ef14c:   29 d0 45 85 c0 48 0f 49 c6 49 63 d1 48 c1 e2 02
0x000000015c1ef15c:   49 89 c9 49 29 d1 45 85 d2 4c 0f 49 c9 48 8d 0d
0x000000015c1ef16c:   10 0d bc 03 4c 8b 19 48 83 ec 08 0f 57 c0 31 f6
0x000000015c1ef17c:   31 d2 48 89 c1 6a 00 6a 00 41 52 41 ff 93 b0 00
0x000000015c1ef18c:   00 00 48 83 c4 20 5d c3 90 90 90 90 90 90 90 90
0x000000015c1ef19c:   90 90 90 90 55 48 89 e5 48 63 3f 48 85 ff 7e 4f 


Stack slot to memory mapping:
stack at sp + 0 slots: 
[error occurred during error reporting (inspecting top of stack), id 0xb, SIGSEGV (0xb) at pc=0x000000017808f5c6]


---------------  P R O C E S S  ---------------

VM state:at safepoint (shutting down)

VM Mutex/Monitor currently owned by a thread:  ([mutex/lock_event])
[0x0000600003ec9180] Threads_lock - owner thread: 0x00007fef48cb9000
[0x0000600003ec9780] Heap_lock - owner thread: 0x00007fef4effc000

Heap address: 0x00000007c0000000, size: 1024 MB, Compressed Oops mode: Zero based, Oop shift amount: 3
Narrow klass base: 0x0000000800000000, Narrow klass shift: 3
Compressed class space size: 1073741824 Address: 0x0000000800b1a000

Heap:
 garbage-first heap   total 27648K, used 6067K [0x00000007c0000000, 0x0000000800000000)
  region size 1024K, 1 young (1024K), 0 survivors (0K)
 Metaspace       used 2402K, capacity 4931K, committed 5120K, reserved 1056768K
  class space    used 218K, capacity 465K, committed 512K, reserved 1048576K
Heap Regions: E=young(eden), S=young(survivor), O=old, HS=humongous(starts), HC=humongous(continues), CS=collection set, F=free, OA=open archive, CA=closed archive, TAMS=top-at-mark-start (previous, next)
|   0|0x00000007c0000000, 0x00000007c00fffc8, 0x00000007c0100000| 99%| O|  |TAMS 0x00000007c0000000, 0x00000007c0000000| Untracked 
|   1|0x00000007c0100000, 0x00000007c01fffe0, 0x00000007c0200000| 99%| O|  |TAMS 0x00000007c0100000, 0x00000007c0100000| Untracked 
|   2|0x00000007c0200000, 0x00000007c0300000, 0x00000007c0300000|100%| O|  |TAMS 0x00000007c0200000, 0x00000007c0200000| Untracked 
|   3|0x00000007c0300000, 0x00000007c03ffff8, 0x00000007c0400000| 99%| O|  |TAMS 0x00000007c0300000, 0x00000007c0300000| Untracked 
|   4|0x00000007c0400000, 0x00000007c0481960, 0x00000007c0500000| 50%| O|  |TAMS 0x00000007c0400000, 0x00000007c0400000| Untracked 
|   5|0x00000007c0500000, 0x00000007c059d440, 0x00000007c0600000| 61%| O|  |TAMS 0x00000007c0500000, 0x00000007c0500000| Untracked 
|   6|0x00000007c0600000, 0x00000007c0600000, 0x00000007c0700000|  0%| F|  |TAMS 0x00000007c0600000, 0x00000007c0600000| Untracked 
|   7|0x00000007c0700000, 0x00000007c0700000, 0x00000007c0800000|  0%| F|  |TAMS 0x00000007c0700000, 0x00000007c0700000| Untracked 
|   8|0x00000007c0800000, 0x00000007c0800000, 0x00000007c0900000|  0%| F|  |TAMS 0x00000007c0800000, 0x00000007c0800000| Untracked 
|   9|0x00000007c0900000, 0x00000007c0900000, 0x00000007c0a00000|  0%| F|  |TAMS 0x00000007c0900000, 0x00000007c0900000| Untracked 
|  10|0x00000007c0a00000, 0x00000007c0a00000, 0x00000007c0b00000|  0%| F|  |TAMS 0x00000007c0a00000, 0x00000007c0a00000| Untracked 
|  11|0x00000007c0b00000, 0x00000007c0b00000, 0x00000007c0c00000|  0%| F|  |TAMS 0x00000007c0b00000, 0x00000007c0b00000| Untracked 
|  12|0x00000007c0c00000, 0x00000007c0c00000, 0x00000007c0d00000|  0%| F|  |TAMS 0x00000007c0c00000, 0x00000007c0c00000| Untracked 
|  13|0x00000007c0d00000, 0x00000007c0d00000, 0x00000007c0e00000|  0%| F|  |TAMS 0x00000007c0d00000, 0x00000007c0d00000| Untracked 
|  14|0x00000007c0e00000, 0x00000007c0e00000, 0x00000007c0f00000|  0%| F|  |TAMS 0x00000007c0e00000, 0x00000007c0e00000| Untracked 
|  15|0x00000007c0f00000, 0x00000007c0f00000, 0x00000007c1000000|  0%| F|  |TAMS 0x00000007c0f00000, 0x00000007c0f00000| Untracked 
|  16|0x00000007c1000000, 0x00000007c1000000, 0x00000007c1100000|  0%| F|  |TAMS 0x00000007c1000000, 0x00000007c1000000| Untracked 
|  17|0x00000007c1100000, 0x00000007c1100000, 0x00000007c1200000|  0%| F|  |TAMS 0x00000007c1100000, 0x00000007c1100000| Untracked 
|  18|0x00000007c1200000, 0x00000007c1200000, 0x00000007c1300000|  0%| F|  |TAMS 0x00000007c1200000, 0x00000007c1200000| Untracked 
|  19|0x00000007c1300000, 0x00000007c1300000, 0x00000007c1400000|  0%| F|  |TAMS 0x00000007c1300000, 0x00000007c1300000| Untracked 
|  20|0x00000007c1400000, 0x00000007c1400000, 0x00000007c1500000|  0%| F|  |TAMS 0x00000007c1400000, 0x00000007c1400000| Untracked 
|  21|0x00000007c1500000, 0x00000007c1500000, 0x00000007c1600000|  0%| F|  |TAMS 0x00000007c1500000, 0x00000007c1500000| Untracked 
|  22|0x00000007c1600000, 0x00000007c1600000, 0x00000007c1700000|  0%| F|  |TAMS 0x00000007c1600000, 0x00000007c1600000| Untracked 
|  23|0x00000007c1700000, 0x00000007c1700000, 0x00000007c1800000|  0%| F|  |TAMS 0x00000007c1700000, 0x00000007c1700000| Untracked 
|  24|0x00000007c1800000, 0x00000007c18cc588, 0x00000007c1900000| 79%| E|  |TAMS 0x00000007c1800000, 0x00000007c1800000| Complete 
|1022|0x00000007ffe00000, 0x00000007ffe52000, 0x00000007fff00000| 32%|OA|  |TAMS 0x00000007ffe00000, 0x00000007ffe00000| Untracked 
|1023|0x00000007fff00000, 0x00000007fff7c000, 0x0000000800000000| 48%|CA|  |TAMS 0x00000007fff00000, 0x00000007fff00000| Untracked 

Card table byte_map: [0x0000000176fc9000,0x00000001771c9000] _byte_map_base: 0x00000001731c9000

Marking Bits (Prev, Next): (CMBitMap*) 0x00007fef6e9d5818, (CMBitMap*) 0x00007fef6e9d5858
 Prev Bits: [0x00000001916d2000, 0x00000001926d2000)
 Next Bits: [0x00000001926d2000, 0x00000001936d2000)

Polling page: 0x000000011214d000

Metaspace:

Usage:
  Non-class:      4.36 MB capacity,     2.13 MB ( 49%) used,     2.22 MB ( 51%) free+waste,     5.38 KB ( <1%) overhead. 
      Class:    465.00 KB capacity,   218.80 KB ( 47%) used,   243.38 KB ( 52%) free+waste,     2.81 KB ( <1%) overhead. 
       Both:      4.82 MB capacity,     2.35 MB ( 49%) used,     2.46 MB ( 51%) free+waste,     8.19 KB ( <1%) overhead. 

Virtual space:
  Non-class space:        8.00 MB reserved,       4.50 MB ( 56%) committed 
      Class space:        1.00 GB reserved,     512.00 KB ( <1%) committed 
             Both:        1.01 GB reserved,       5.00 MB ( <1%) committed 

Chunk freelists:
   Non-Class:  6.00 KB
       Class:  1.00 KB
        Both:  7.00 KB

MaxMetaspaceSize: unlimited
CompressedClassSpaceSize: 1.00 GB

CodeHeap 'non-profiled nmethods': size=120028Kb used=303Kb max_used=303Kb free=119724Kb
 bounds [0x000000018a19b000, 0x000000018a40b000, 0x00000001916d2000]
CodeHeap 'profiled nmethods': size=120028Kb used=1439Kb max_used=1439Kb free=118589Kb
 bounds [0x0000000182c64000, 0x0000000182ed4000, 0x000000018a19b000]
CodeHeap 'non-nmethods': size=5704Kb used=1119Kb max_used=1146Kb free=4585Kb
 bounds [0x00000001826d2000, 0x0000000182942000, 0x0000000182c64000]
 total_blobs=1175 nmethods=815 adapters=274
 compilation: enabled
              stopped_count=0, restarted_count=0
 full_count=0

Compilation events (20 events):
Event: 0.941 Thread 0x00007fef48cbd800  676       4       java.nio.MappedByteBuffer::rewind (5 bytes)
Event: 0.941 Thread 0x00007fef48cbd800 nmethod 676 0x000000018a1e5410 code [0x000000018a1e5580, 0x000000018a1e55f8]
Event: 0.941 Thread 0x00007fef48cbd800  797       4       java.nio.ByteBuffer::position (8 bytes)
Event: 0.942 Thread 0x00007fef48cbd800 nmethod 797 0x000000018a1e5710 code [0x000000018a1e58a0, 0x000000018a1e59b8]
Event: 0.942 Thread 0x00007fef48cbd800  743       4       java.nio.MappedByteBuffer::position (8 bytes)
Event: 0.942 Thread 0x00007fef48cbd800 nmethod 743 0x000000018a1e5a90 code [0x000000018a1e5c20, 0x000000018a1e5d38]
Event: 0.942 Thread 0x00007fef48cbd800  805   !   4       jdk.internal.jimage.ImageReader$SharedImageReader::imageFileAttributes (46 bytes)
Event: 0.942 Thread 0x00007fef48cbd800 nmethod 805 0x000000018a1e5e90 code [0x000000018a1e6000, 0x000000018a1e6098]
Event: 0.942 Thread 0x00007fef48cbd800  738       4       java.util.Spliterators$1Adapter::accept (11 bytes)
Event: 0.943 Thread 0x00007fef48cbd800 nmethod 738 0x000000018a1e6190 code [0x000000018a1e6300, 0x000000018a1e6438]
Event: 0.943 Thread 0x00007fef48cbd800  719       4       jdk.internal.jimage.ImageStringsReader::get (9 bytes)
Event: 0.943 Thread 0x00007fef48cbd800 nmethod 719 0x000000018a1e6490 code [0x000000018a1e6620, 0x000000018a1e66e8]
Event: 22.494 Thread 0x00007fef48cbe800  812       3       java.lang.ref.ReferenceQueue::reallyPoll (65 bytes)
Event: 22.494 Thread 0x00007fef48cbe800 nmethod 812 0x0000000182dcb090 code [0x0000000182dcb260, 0x0000000182dcb7b0]
Event: 30.075 Thread 0x00007fef48cbe800  813       1       org.jpype.ref.JPypeReferenceQueue::access$100 (5 bytes)
Event: 30.076 Thread 0x00007fef48cbe800 nmethod 813 0x000000018a1e6790 code [0x000000018a1e6920, 0x000000018a1e69b0]
Event: 30.330 Thread 0x00007fef48cbe800  814       1       org.jpype.ref.JPypeReferenceQueue::access$200 (5 bytes)
Event: 30.330 Thread 0x00007fef48cbe800 nmethod 814 0x000000018a1e6a90 code [0x000000018a1e6c20, 0x000000018a1e6cb0]
Event: 51.577 Thread 0x00007fef48cbe800  815       3       java.util.HashMap$HashIterator::hasNext (13 bytes)
Event: 51.577 Thread 0x00007fef48cbe800 nmethod 815 0x0000000182dcb890 code [0x0000000182dcba20, 0x0000000182dcbb90]

GC Heap History (20 events):
Event: 6.368 GC heap before
{Heap before GC invocations=18 (full 10):
 garbage-first heap   total 27648K, used 6066K [0x00000007c0000000, 0x0000000800000000)
  region size 1024K, 1 young (1024K), 0 survivors (0K)
 Metaspace       used 2394K, capacity 4931K, committed 5120K, reserved 1056768K
  class space    used 217K, capacity 465K, committed 512K, reserved 1048576K
}
Event: 6.373 GC heap after
{Heap after GC invocations=19 (full 11):
 garbage-first heap   total 27648K, used 6066K [0x00000007c0000000, 0x0000000800000000)
  region size 1024K, 0 young (0K), 0 survivors (0K)
 Metaspace       used 2394K, capacity 4931K, committed 5120K, reserved 1056768K
  class space    used 217K, capacity 465K, committed 512K, reserved 1048576K
}
Event: 6.405 GC heap before
{Heap before GC invocations=19 (full 11):
 garbage-first heap   total 27648K, used 6066K [0x00000007c0000000, 0x0000000800000000)
  region size 1024K, 1 young (1024K), 0 survivors (0K)
 Metaspace       used 2394K, capacity 4931K, committed 5120K, reserved 1056768K
  class space    used 217K, capacity 465K, committed 512K, reserved 1048576K
}
Event: 6.410 GC heap after
{Heap after GC invocations=20 (full 12):
 garbage-first heap   total 27648K, used 6066K [0x00000007c0000000, 0x0000000800000000)
  region size 1024K, 0 young (0K), 0 survivors (0K)
 Metaspace       used 2394K, capacity 4931K, committed 5120K, reserved 1056768K
  class space    used 217K, capacity 465K, committed 512K, reserved 1048576K
}
Event: 6.476 GC heap before
{Heap before GC invocations=20 (full 12):
 garbage-first heap   total 27648K, used 6066K [0x00000007c0000000, 0x0000000800000000)
  region size 1024K, 1 young (1024K), 0 survivors (0K)
 Metaspace       used 2394K, capacity 4931K, committed 5120K, reserved 1056768K
  class space    used 217K, capacity 465K, committed 512K, reserved 1048576K
}
Event: 6.482 GC heap after
{Heap after GC invocations=21 (full 13):
 garbage-first heap   total 27648K, used 6066K [0x00000007c0000000, 0x0000000800000000)
  region size 1024K, 0 young (0K), 0 survivors (0K)
 Metaspace       used 2394K, capacity 4931K, committed 5120K, reserved 1056768K
  class space    used 217K, capacity 465K, committed 512K, reserved 1048576K
}
Event: 6.548 GC heap before
{Heap before GC invocations=21 (full 13):
 garbage-first heap   total 27648K, used 6066K [0x00000007c0000000, 0x0000000800000000)
  region size 1024K, 1 young (1024K), 0 survivors (0K)
 Metaspace       used 2394K, capacity 4931K, committed 5120K, reserved 1056768K
  class space    used 217K, capacity 465K, committed 512K, reserved 1048576K
}
Event: 6.554 GC heap after
{Heap after GC invocations=22 (full 14):
 garbage-first heap   total 27648K, used 6066K [0x00000007c0000000, 0x0000000800000000)
  region size 1024K, 0 young (0K), 0 survivors (0K)
 Metaspace       used 2394K, capacity 4931K, committed 5120K, reserved 1056768K
  class space    used 217K, capacity 465K, committed 512K, reserved 1048576K
}
Event: 6.554 GC heap before
{Heap before GC invocations=22 (full 14):
 garbage-first heap   total 27648K, used 6066K [0x00000007c0000000, 0x0000000800000000)
  region size 1024K, 1 young (1024K), 0 survivors (0K)
 Metaspace       used 2394K, capacity 4931K, committed 5120K, reserved 1056768K
  class space    used 217K, capacity 465K, committed 512K, reserved 1048576K
}
Event: 6.559 GC heap after
{Heap after GC invocations=23 (full 15):
 garbage-first heap   total 27648K, used 6066K [0x00000007c0000000, 0x0000000800000000)
  region size 1024K, 0 young (0K), 0 survivors (0K)
 Metaspace       used 2394K, capacity 4931K, committed 5120K, reserved 1056768K
  class space    used 217K, capacity 465K, committed 512K, reserved 1048576K
}
Event: 6.603 GC heap before
{Heap before GC invocations=23 (full 15):
 garbage-first heap   total 27648K, used 6066K [0x00000007c0000000, 0x0000000800000000)
  region size 1024K, 1 young (1024K), 0 survivors (0K)
 Metaspace       used 2394K, capacity 4931K, committed 5120K, reserved 1056768K
  class space    used 217K, capacity 465K, committed 512K, reserved 1048576K
}
Event: 6.609 GC heap after
{Heap after GC invocations=24 (full 16):
 garbage-first heap   total 27648K, used 6066K [0x00000007c0000000, 0x0000000800000000)
  region size 1024K, 0 young (0K), 0 survivors (0K)
 Metaspace       used 2394K, capacity 4931K, committed 5120K, reserved 1056768K
  class space    used 217K, capacity 465K, committed 512K, reserved 1048576K
}
Event: 6.609 GC heap before
{Heap before GC invocations=24 (full 16):
 garbage-first heap   total 27648K, used 6066K [0x00000007c0000000, 0x0000000800000000)
  region size 1024K, 0 young (0K), 0 survivors (0K)
 Metaspace       used 2394K, capacity 4931K, committed 5120K, reserved 1056768K
  class space    used 217K, capacity 465K, committed 512K, reserved 1048576K
}
Event: 6.613 GC heap after
{Heap after GC invocations=25 (full 17):
 garbage-first heap   total 27648K, used 6066K [0x00000007c0000000, 0x0000000800000000)
  region size 1024K, 0 young (0K), 0 survivors (0K)
 Metaspace       used 2394K, capacity 4931K, committed 5120K, reserved 1056768K
  class space    used 217K, capacity 465K, committed 512K, reserved 1048576K
}
Event: 6.656 GC heap before
{Heap before GC invocations=25 (full 17):
 garbage-first heap   total 27648K, used 6066K [0x00000007c0000000, 0x0000000800000000)
  region size 1024K, 1 young (1024K), 0 survivors (0K)
 Metaspace       used 2394K, capacity 4931K, committed 5120K, reserved 1056768K
  class space    used 217K, capacity 465K, committed 512K, reserved 1048576K
}
Event: 6.661 GC heap after
{Heap after GC invocations=26 (full 18):
 garbage-first heap   total 27648K, used 6066K [0x00000007c0000000, 0x0000000800000000)
  region size 1024K, 0 young (0K), 0 survivors (0K)
 Metaspace       used 2394K, capacity 4931K, committed 5120K, reserved 1056768K
  class space    used 217K, capacity 465K, committed 512K, reserved 1048576K
}
Event: 6.661 GC heap before
{Heap before GC invocations=26 (full 18):
 garbage-first heap   total 27648K, used 6066K [0x00000007c0000000, 0x0000000800000000)
  region size 1024K, 0 young (0K), 0 survivors (0K)
 Metaspace       used 2394K, capacity 4931K, committed 5120K, reserved 1056768K
  class space    used 217K, capacity 465K, committed 512K, reserved 1048576K
}
Event: 6.666 GC heap after
{Heap after GC invocations=27 (full 19):
 garbage-first heap   total 27648K, used 6066K [0x00000007c0000000, 0x0000000800000000)
  region size 1024K, 0 young (0K), 0 survivors (0K)
 Metaspace       used 2394K, capacity 4931K, committed 5120K, reserved 1056768K
  class space    used 217K, capacity 465K, committed 512K, reserved 1048576K
}
Event: 15.591 GC heap before
{Heap before GC invocations=27 (full 19):
 garbage-first heap   total 27648K, used 6066K [0x00000007c0000000, 0x0000000800000000)
  region size 1024K, 1 young (1024K), 0 survivors (0K)
 Metaspace       used 2394K, capacity 4931K, committed 5120K, reserved 1056768K
  class space    used 217K, capacity 465K, committed 512K, reserved 1048576K
}
Event: 15.598 GC heap after
{Heap after GC invocations=28 (full 20):
 garbage-first heap   total 27648K, used 6067K [0x00000007c0000000, 0x0000000800000000)
  region size 1024K, 0 young (0K), 0 survivors (0K)
 Metaspace       used 2394K, capacity 4931K, committed 5120K, reserved 1056768K
  class space    used 217K, capacity 465K, committed 512K, reserved 1048576K
}

Deoptimization events (20 events):
Event: 0.768 Thread 0x00007fef48c7d000 Uncommon trap: trap_request=0xffffffbe fr.pc=0x000000018a1cddbc relative=0x000000000000097c
Event: 0.768 Thread 0x00007fef48c7d000 Uncommon trap: reason=profile_predicate action=maybe_recompile pc=0x000000018a1cddbc method=jdk.internal.jimage.ImageStringsReader.charsFromByteBuffer([CLjava/nio/ByteBuffer;)V @ 6 c2
Event: 0.768 Thread 0x00007fef48c7d000 DEOPT PACKING pc=0x000000018a1cddbc sp=0x000000030607ace0
Event: 0.768 Thread 0x00007fef48c7d000 DEOPT UNPACKING pc=0x000000018271b11f sp=0x000000030607aae8 mode 2
Event: 0.769 Thread 0x00007fef48c7d000 Uncommon trap: trap_request=0xffffffbe fr.pc=0x000000018a1cddbc relative=0x000000000000097c
Event: 0.769 Thread 0x00007fef48c7d000 Uncommon trap: reason=profile_predicate action=maybe_recompile pc=0x000000018a1cddbc method=jdk.internal.jimage.ImageStringsReader.charsFromByteBuffer([CLjava/nio/ByteBuffer;)V @ 6 c2
Event: 0.769 Thread 0x00007fef48c7d000 DEOPT PACKING pc=0x000000018a1cddbc sp=0x000000030607ace0
Event: 0.769 Thread 0x00007fef48c7d000 DEOPT UNPACKING pc=0x000000018271b11f sp=0x000000030607aae8 mode 2
Event: 0.769 Thread 0x00007fef48c7d000 Uncommon trap: trap_request=0xffffffbe fr.pc=0x000000018a1cddbc relative=0x000000000000097c
Event: 0.769 Thread 0x00007fef48c7d000 Uncommon trap: reason=profile_predicate action=maybe_recompile pc=0x000000018a1cddbc method=jdk.internal.jimage.ImageStringsReader.charsFromByteBuffer([CLjava/nio/ByteBuffer;)V @ 6 c2
Event: 0.769 Thread 0x00007fef48c7d000 DEOPT PACKING pc=0x000000018a1cddbc sp=0x000000030607ace0
Event: 0.769 Thread 0x00007fef48c7d000 DEOPT UNPACKING pc=0x000000018271b11f sp=0x000000030607aae8 mode 2
Event: 0.864 Thread 0x00007fef48c7d000 Uncommon trap: trap_request=0xffffffbe fr.pc=0x000000018a1c3434 relative=0x00000000000003b4
Event: 0.864 Thread 0x00007fef48c7d000 Uncommon trap: reason=profile_predicate action=maybe_recompile pc=0x000000018a1c3434 method=java.lang.StringLatin1.indexOf([BI[BII)I @ 18 c2
Event: 0.864 Thread 0x00007fef48c7d000 DEOPT PACKING pc=0x000000018a1c3434 sp=0x000000030607ba80
Event: 0.864 Thread 0x00007fef48c7d000 DEOPT UNPACKING pc=0x000000018271b11f sp=0x000000030607ba00 mode 2
Event: 0.867 Thread 0x00007fef48c7d000 Uncommon trap: trap_request=0xffffffbe fr.pc=0x000000018a1c3434 relative=0x00000000000003b4
Event: 0.867 Thread 0x00007fef48c7d000 Uncommon trap: reason=profile_predicate action=maybe_recompile pc=0x000000018a1c3434 method=java.lang.StringLatin1.indexOf([BI[BII)I @ 18 c2
Event: 0.867 Thread 0x00007fef48c7d000 DEOPT PACKING pc=0x000000018a1c3434 sp=0x000000030607b990
Event: 0.867 Thread 0x00007fef48c7d000 DEOPT UNPACKING pc=0x000000018271b11f sp=0x000000030607b910 mode 2

Classes unloaded (0 events):
No events

Classes redefined (0 events):
No events

Internal exceptions (4 events):
Event: 0.288 Thread 0x00007fef48c7d000 Exception <a 'java/lang/NoClassDefFoundError'{0x00000007cfe73070}: org/jpype/classloader/DynamicClassLoader> (0x00000007cfe73070) 
thrown [./src/hotspot/share/classfile/systemDictionary.cpp, line 215]
Event: 0.377 Thread 0x00007fef48c7d000 Exception <a 'java/lang/IncompatibleClassChangeError'{0x00000007cfda6e58}: Found class java.lang.Object, but interface was expected> (0x00000007cfda6e58) 
thrown [./src/hotspot/share/interpreter/linkResolver.cpp, line 832]
Event: 0.674 Thread 0x00007fef48c7d000 Exception <a 'java/lang/NoSuchMethodError'{0x00000007c0a13bc0}: 'void java.lang.invoke.DirectMethodHandle$Holder.invokeSpecial(java.lang.Object, java.lang.Object, java.lang.Object, java.lang.Object)'> (0x00000007c0a13bc0) 
thrown [./src/hotspot/share/interpreter/linkResolver.cpp, line 766]
Event: 51.576 Thread 0x00007fef48d2d000 Exception <a 'java/lang/InterruptedException'{0x00000007c1800048}> (0x00000007c1800048) 
thrown [./src/hotspot/share/runtime/objectMonitor.cpp, line 1415]

Events (20 events):
Event: 15.598 Executing VM operation: G1CollectFull done
Event: 51.567 loading class jdk/internal/misc/Signal$1
Event: 51.567 loading class jdk/internal/misc/Signal$1 done
Event: 51.568 Thread 0x00007fef4effc000 Thread added: 0x00007fef4effc000
Event: 51.568 Protecting memory [0x00000003102a6000,0x00000003102aa000] with protection modes 0
Event: 51.568 Executing VM operation: HandshakeOneThread
Event: 51.568 Executing VM operation: HandshakeOneThread done
Event: 51.568 Thread 0x00007fef4eedd000 Thread added: 0x00007fef4eedd000
Event: 51.568 Protecting memory [0x00000003103a9000,0x00000003103ad000] with protection modes 0
Event: 51.575 Executing VM operation: ThreadDump
Event: 51.575 Executing VM operation: ThreadDump done
Event: 51.576 Executing VM operation: HandshakeOneThread
Event: 51.576 Executing VM operation: HandshakeOneThread done
Event: 51.577 Executing VM operation: HandshakeOneThread
Event: 51.577 Executing VM operation: HandshakeOneThread done
Event: 51.577 Protecting memory [0x0000000307af3000,0x0000000307af7000] with protection modes 3
Event: 51.577 Thread 0x00007fef48d2d000 Thread exited: 0x00007fef48d2d000
Event: 51.578 Protecting memory [0x00000003103a9000,0x00000003103ad000] with protection modes 3
Event: 51.578 Thread 0x00007fef4eedd000 Thread exited: 0x00007fef4eedd000
Event: 51.578 Executing VM operation: Exit


Dynamic libraries:
0x00007ff814995000 	/usr/lib/libSystem.B.dylib
0x00007ff814990000 	/usr/lib/system/libcache.dylib
0x00007ff81494c000 	/usr/lib/system/libcommonCrypto.dylib
0x00007ff814975000 	/usr/lib/system/libcompiler_rt.dylib
0x00007ff81496b000 	/usr/lib/system/libcopyfile.dylib
0x00007ff80954d000 	/usr/lib/system/libcorecrypto.dylib
0x00007ff80960b000 	/usr/lib/system/libdispatch.dylib
0x00007ff8097cb000 	/usr/lib/system/libdyld.dylib
0x00007ff814987000 	/usr/lib/system/libkeymgr.dylib
0x00007ff81492a000 	/usr/lib/system/libmacho.dylib
0x00007ff813fa3000 	/usr/lib/system/libquarantine.dylib
0x00007ff814985000 	/usr/lib/system/libremovefile.dylib
0x00007ff80e67c000 	/usr/lib/system/libsystem_asl.dylib
0x00007ff8094f6000 	/usr/lib/system/libsystem_blocks.dylib
0x00007ff80968f000 	/usr/lib/system/libsystem_c.dylib
0x00007ff81497d000 	/usr/lib/system/libsystem_collections.dylib
0x00007ff8132ce000 	/usr/lib/system/libsystem_configuration.dylib
0x00007ff81257a000 	/usr/lib/system/libsystem_containermanager.dylib
0x00007ff81465d000 	/usr/lib/system/libsystem_coreservices.dylib
0x00007ff80bd25000 	/usr/lib/system/libsystem_darwin.dylib
0x00007ff814988000 	/usr/lib/system/libsystem_dnssd.dylib
0x00007ff80968c000 	/usr/lib/system/libsystem_featureflags.dylib
0x00007ff8097e1000 	/usr/lib/system/libsystem_info.dylib
0x00007ff8148c2000 	/usr/lib/system/libsystem_m.dylib
0x00007ff8095df000 	/usr/lib/system/libsystem_malloc.dylib
0x00007ff80e617000 	/usr/lib/system/libsystem_networkextension.dylib
0x00007ff80c14b000 	/usr/lib/system/libsystem_notify.dylib
0x00007ff81acb1000 	/usr/lib/system/libsystem_product_info_filter.dylib
0x00007ff8132d2000 	/usr/lib/system/libsystem_sandbox.dylib
0x00007ff814982000 	/usr/lib/system/libsystem_secinit.dylib
0x00007ff809787000 	/usr/lib/system/libsystem_kernel.dylib
0x00007ff8097d7000 	/usr/lib/system/libsystem_platform.dylib
0x00007ff8097bf000 	/usr/lib/system/libsystem_pthread.dylib
0x00007ff80ff34000 	/usr/lib/system/libsystem_symptoms.dylib
0x00007ff809534000 	/usr/lib/system/libsystem_trace.dylib
0x00007ff814958000 	/usr/lib/system/libunwind.dylib
0x00007ff8094f8000 	/usr/lib/system/libxpc.dylib
0x00007ff809771000 	/usr/lib/libc++abi.dylib
0x00007ff809652000 	/usr/lib/libobjc.A.dylib
0x00007ff814963000 	/usr/lib/liboah.dylib
0x00007ff809718000 	/usr/lib/libc++.1.dylib
0x000000010b560000 	/Users/isaebom/opt/anaconda3/envs/cna/lib/python3.8/lib-dynload/_heapq.cpython-38-darwin.so
0x000000010b588000 	/Users/isaebom/opt/anaconda3/envs/cna/lib/python3.8/site-packages/markupsafe/_speedups.cpython-38-darwin.so
0x000000010b5a8000 	/Users/isaebom/opt/anaconda3/envs/cna/lib/python3.8/lib-dynload/zlib.cpython-38-darwin.so
0x000000010b5db000 	/Users/isaebom/opt/anaconda3/envs/cna/lib/libz.1.2.11.dylib
0x000000010b618000 	/Users/isaebom/opt/anaconda3/envs/cna/lib/python3.8/lib-dynload/_bz2.cpython-38-darwin.so
0x000000010b5c1000 	/Users/isaebom/opt/anaconda3/envs/cna/lib/python3.8/lib-dynload/_lzma.cpython-38-darwin.so
0x000000010b678000 	/Users/isaebom/opt/anaconda3/envs/cna/lib/liblzma.5.dylib
0x000000010b652000 	/Users/isaebom/opt/anaconda3/envs/cna/lib/python3.8/lib-dynload/grp.cpython-38-darwin.so
0x000000010b6d0000 	/Users/isaebom/opt/anaconda3/envs/cna/lib/python3.8/lib-dynload/math.cpython-38-darwin.so
0x000000010b660000 	/Users/isaebom/opt/anaconda3/envs/cna/lib/python3.8/lib-dynload/_bisect.cpython-38-darwin.so
0x000000010b6f7000 	/Users/isaebom/opt/anaconda3/envs/cna/lib/python3.8/lib-dynload/_sha512.cpython-38-darwin.so
0x000000010b70d000 	/Users/isaebom/opt/anaconda3/envs/cna/lib/python3.8/lib-dynload/_random.cpython-38-darwin.so
0x000000010b71d000 	/Users/isaebom/opt/anaconda3/envs/cna/lib/python3.8/lib-dynload/_hashlib.cpython-38-darwin.so
0x000000010b9ad000 	/Users/isaebom/opt/anaconda3/envs/cna/lib/libcrypto.1.1.dylib
0x000000010b734000 	/Users/isaebom/opt/anaconda3/envs/cna/lib/python3.8/lib-dynload/_blake2.cpython-38-darwin.so
0x000000010b76a000 	/Users/isaebom/opt/anaconda3/envs/cna/lib/python3.8/lib-dynload/_sha3.cpython-38-darwin.so
0x000000010b7a2000 	/Users/isaebom/opt/anaconda3/envs/cna/lib/python3.8/lib-dynload/_struct.cpython-38-darwin.so
0x000000010b7e3000 	/Users/isaebom/opt/anaconda3/envs/cna/lib/python3.8/lib-dynload/_pickle.cpython-38-darwin.so
0x000000010b7c2000 	/Users/isaebom/opt/anaconda3/envs/cna/lib/python3.8/lib-dynload/_json.cpython-38-darwin.so
0x000000010b885000 	/Users/isaebom/opt/anaconda3/envs/cna/lib/python3.8/lib-dynload/_decimal.cpython-38-darwin.so
0x000000010c007000 	/Users/isaebom/opt/anaconda3/envs/cna/lib/python3.8/lib-dynload/unicodedata.cpython-38-darwin.so
0x000000010b831000 	/Users/isaebom/opt/anaconda3/envs/cna/lib/python3.8/lib-dynload/_socket.cpython-38-darwin.so
0x000000010b753000 	/Users/isaebom/opt/anaconda3/envs/cna/lib/python3.8/lib-dynload/select.cpython-38-darwin.so
0x000000010b94d000 	/Users/isaebom/opt/anaconda3/envs/cna/lib/python3.8/lib-dynload/_datetime.cpython-38-darwin.so
0x000000010b66c000 	/Users/isaebom/opt/anaconda3/envs/cna/lib/python3.8/lib-dynload/_opcode.cpython-38-darwin.so
0x000000010b860000 	/Users/isaebom/opt/anaconda3/envs/cna/lib/python3.8/lib-dynload/binascii.cpython-38-darwin.so
0x000000010bf28000 	/Users/isaebom/opt/anaconda3/envs/cna/lib/python3.8/lib-dynload/_ssl.cpython-38-darwin.so
0x000000010c11f000 	/Users/isaebom/opt/anaconda3/envs/cna/lib/libssl.1.1.dylib
0x000000010b878000 	/Users/isaebom/opt/anaconda3/envs/cna/lib/python3.8/lib-dynload/_scproxy.cpython-38-darwin.so
0x00007ff80a2c8000 	/System/Library/Frameworks/SystemConfiguration.framework/Versions/A/SystemConfiguration
0x00007ff8132da000 	/System/Library/PrivateFrameworks/AppleSystemInfo.framework/Versions/A/AppleSystemInfo
0x00007ff80980c000 	/System/Library/Frameworks/CoreFoundation.framework/Versions/A/CoreFoundation
0x00007ff80c095000 	/System/Library/Frameworks/IOKit.framework/Versions/A/IOKit
0x00007ff80b738000 	/System/Library/Frameworks/Security.framework/Versions/A/Security
0x00007ff813fca000 	/usr/lib/libbsm.0.dylib
0x00007ff80d79b000 	/usr/lib/libnetwork.dylib
0x00007ff80e62f000 	/usr/lib/libMobileGestalt.dylib
0x00007ff814997000 	/usr/lib/libfakelink.dylib
0x00007ff80ba91000 	/usr/lib/libicucore.A.dylib
0x00007ff81499b000 	/System/Library/PrivateFrameworks/SoftLinking.framework/Versions/A/SoftLinking
0x00007ff810122000 	/usr/lib/libDiagnosticMessagesClient.dylib
0x00007ff80e62e000 	/usr/lib/libenergytrace.dylib
0x00007ff8148af000 	/usr/lib/libz.1.dylib
0x00007ff814930000 	/usr/lib/system/libkxld.dylib
0x00007ff80a5b5000 	/System/Library/Frameworks/Foundation.framework/Versions/C/Foundation
0x00007ff813bf6000 	/System/Library/PrivateFrameworks/IOMobileFramebuffer.framework/Versions/A/IOMobileFramebuffer
0x00007ff811384000 	/System/Library/PrivateFrameworks/CoreAutoLayout.framework/Versions/A/CoreAutoLayout
0x00007ff814c1c000 	/usr/lib/libcompression.dylib
0x00007ff80e188000 	/System/Library/Frameworks/CFNetwork.framework/Versions/A/CFNetwork
0x00007ff810211000 	/System/Library/Frameworks/DiskArbitration.framework/Versions/A/DiskArbitration
0x00007ff814ad8000 	/usr/lib/libarchive.2.dylib
0x00007ff8113cc000 	/usr/lib/libxml2.2.dylib
0x00007ff81addc000 	/System/Library/Frameworks/CoreServices.framework/Versions/A/CoreServices
0x00007ff8132de000 	/usr/lib/liblangid.dylib
0x00007ff8150f4000 	/usr/lib/liblzma.5.dylib
0x00007ff814bea000 	/usr/lib/libapple_nghttp2.dylib
0x00007ff80fb57000 	/usr/lib/libsqlite3.dylib
0x00007ffb2132d000 	/usr/lib/libCoreEntitlements.dylib
0x00007ff81463f000 	/System/Library/PrivateFrameworks/AppleFSCompression.framework/Versions/A/AppleFSCompression
0x00007ff813fb2000 	/usr/lib/libcoretls.dylib
0x00007ff81510e000 	/usr/lib/libcoretls_cfhelpers.dylib
0x00007ff814c17000 	/usr/lib/libpam.2.dylib
0x00007ff81517d000 	/usr/lib/libxar.1.dylib
0x00007ff81464f000 	/usr/lib/libbz2.1.0.dylib
0x00007ff81499c000 	/usr/lib/libpcap.A.dylib
0x00007ff80ff2c000 	/usr/lib/libdns_services.dylib
0x00007ff8149d6000 	/usr/lib/libiconv.2.dylib
0x00007ff814929000 	/usr/lib/libcharset.1.dylib
0x00007ff81134f000 	/System/Library/Frameworks/CoreServices.framework/Versions/A/Frameworks/FSEvents.framework/Versions/A/FSEvents
0x00007ff80bd2f000 	/System/Library/Frameworks/CoreServices.framework/Versions/A/Frameworks/CarbonCore.framework/Versions/A/CarbonCore
0x00007ff810175000 	/System/Library/Frameworks/CoreServices.framework/Versions/A/Frameworks/Metadata.framework/Versions/A/Metadata
0x00007ff814662000 	/System/Library/Frameworks/CoreServices.framework/Versions/A/Frameworks/OSServices.framework/Versions/A/OSServices
0x00007ff814b5f000 	/System/Library/Frameworks/CoreServices.framework/Versions/A/Frameworks/SearchKit.framework/Versions/A/SearchKit
0x00007ff80febf000 	/System/Library/Frameworks/CoreServices.framework/Versions/A/Frameworks/AE.framework/Versions/A/AE
0x00007ff809d0d000 	/System/Library/Frameworks/CoreServices.framework/Versions/A/Frameworks/LaunchServices.framework/Versions/A/LaunchServices
0x00007ff8150a5000 	/System/Library/Frameworks/CoreServices.framework/Versions/A/Frameworks/DictionaryServices.framework/Versions/A/DictionaryServices
0x00007ff81135c000 	/System/Library/Frameworks/CoreServices.framework/Versions/A/Frameworks/SharedFileList.framework/Versions/A/SharedFileList
0x00007ff813fa6000 	/usr/lib/libCheckFix.dylib
0x00007ff80e693000 	/System/Library/PrivateFrameworks/TCC.framework/Versions/A/TCC
0x00007ff8132e0000 	/System/Library/PrivateFrameworks/CoreNLP.framework/Versions/A/CoreNLP
0x00007ff810125000 	/System/Library/PrivateFrameworks/MetadataUtilities.framework/Versions/A/MetadataUtilities
0x00007ff80a378000 	/usr/lib/libmecabra.dylib
0x00007ff81b074000 	/System/Library/Frameworks/Accelerate.framework/Versions/A/Accelerate
0x00007ff813fda000 	/usr/lib/libmecab.dylib
0x00007ff80a343000 	/usr/lib/libCRFSuite.dylib
0x00007ff814034000 	/usr/lib/libgermantok.dylib
0x00007ff814bc5000 	/usr/lib/libThaiTokenizer.dylib
0x00007ff810218000 	/System/Library/Frameworks/Accelerate.framework/Versions/A/Frameworks/vImage.framework/Versions/A/vImage
0x00007ff81adb3000 	/System/Library/Frameworks/Accelerate.framework/Versions/A/Frameworks/vecLib.framework/Versions/A/vecLib
0x00007ff8151be000 	/System/Library/Frameworks/Accelerate.framework/Versions/A/Frameworks/vecLib.framework/Versions/A/libvMisc.dylib
0x00007ff8139f5000 	/System/Library/Frameworks/Accelerate.framework/Versions/A/Frameworks/vecLib.framework/Versions/A/libvDSP.dylib
0x00007ff80a087000 	/System/Library/Frameworks/Accelerate.framework/Versions/A/Frameworks/vecLib.framework/Versions/A/libBLAS.dylib
0x00007ff814cfa000 	/System/Library/Frameworks/Accelerate.framework/Versions/A/Frameworks/vecLib.framework/Versions/A/libLAPACK.dylib
0x00007ff814037000 	/System/Library/Frameworks/Accelerate.framework/Versions/A/Frameworks/vecLib.framework/Versions/A/libLinearAlgebra.dylib
0x00007ff814c02000 	/System/Library/Frameworks/Accelerate.framework/Versions/A/Frameworks/vecLib.framework/Versions/A/libSparseBLAS.dylib
0x00007ff814cf4000 	/System/Library/Frameworks/Accelerate.framework/Versions/A/Frameworks/vecLib.framework/Versions/A/libQuadrature.dylib
0x00007ff8133cb000 	/System/Library/Frameworks/Accelerate.framework/Versions/A/Frameworks/vecLib.framework/Versions/A/libBNNS.dylib
0x00007ff80a259000 	/System/Library/Frameworks/Accelerate.framework/Versions/A/Frameworks/vecLib.framework/Versions/A/libSparse.dylib
0x00007ff8100f4000 	/System/Library/PrivateFrameworks/CoreAnalytics.framework/Versions/A/CoreAnalytics
0x00007ff8133c4000 	/System/Library/PrivateFrameworks/LinguisticData.framework/Versions/A/LinguisticData
0x00007ff80a20f000 	/System/Library/PrivateFrameworks/Lexicon.framework/Versions/A/Lexicon
0x00007ff8151b7000 	/usr/lib/libChineseTokenizer.dylib
0x00007ff80a971000 	/System/Library/PrivateFrameworks/LanguageModeling.framework/Versions/A/LanguageModeling
0x00007ff814bc7000 	/System/Library/PrivateFrameworks/AppleSauce.framework/Versions/A/AppleSauce
0x00007ff813be4000 	/System/Library/PrivateFrameworks/CoreEmoji.framework/Versions/A/CoreEmoji
0x00007ff814ac7000 	/usr/lib/libcmph.dylib
0x00007ff811333000 	/System/Library/Frameworks/OpenDirectory.framework/Versions/A/Frameworks/CFOpenDirectory.framework/Versions/A/CFOpenDirectory
0x00007ff811327000 	/System/Library/Frameworks/OpenDirectory.framework/Versions/A/OpenDirectory
0x00007ff815110000 	/System/Library/PrivateFrameworks/APFS.framework/Versions/A/APFS
0x00007ff813f01000 	/System/Library/Frameworks/SecurityFoundation.framework/Versions/A/SecurityFoundation
0x00007ff81518b000 	/usr/lib/libutil.dylib
0x00007ff80c059000 	/System/Library/PrivateFrameworks/CoreServicesStore.framework/Versions/A/CoreServicesStore
0x00007ff811381000 	/usr/lib/libapp_launch_measurement.dylib
0x00007ff81518f000 	/usr/lib/libxslt.1.dylib
0x00007ff813f8e000 	/System/Library/PrivateFrameworks/BackgroundTaskManagement.framework/Versions/A/BackgroundTaskManagement
0x00007ff812597000 	/System/Library/Frameworks/IOSurface.framework/Versions/A/IOSurface
0x00007ffa13ebd000 	/System/Library/CoreServices/Encodings/libKoreanConverter.dylib
0x000000010b59d000 	/Users/isaebom/opt/anaconda3/envs/cna/lib/python3.8/lib-dynload/_uuid.cpython-38-darwin.so
0x000000010bf79000 	/Users/isaebom/opt/anaconda3/envs/cna/lib/python3.8/lib-dynload/_ctypes.cpython-38-darwin.so
0x000000010befd000 	/Users/isaebom/opt/anaconda3/envs/cna/lib/libffi.7.dylib
0x000000010b98c000 	/Users/isaebom/opt/anaconda3/envs/cna/lib/python3.8/lib-dynload/_posixsubprocess.cpython-38-darwin.so
0x000000010bf16000 	/Users/isaebom/opt/anaconda3/envs/cna/lib/python3.8/site-packages/torch/lib/libtorch_global_deps.dylib
0x000000010c53c000 	/Users/isaebom/opt/anaconda3/envs/cna/lib/python3.8/site-packages/torch/.dylibs/libiomp5.dylib
0x000000010bfcb000 	/Users/isaebom/opt/anaconda3/envs/cna/lib/python3.8/site-packages/torch/_C.cpython-38-darwin.so
0x000000010da47000 	/Users/isaebom/opt/anaconda3/envs/cna/lib/python3.8/site-packages/torch/lib/libtorch_python.dylib
0x000000010c24a000 	/Users/isaebom/opt/anaconda3/envs/cna/lib/python3.8/site-packages/torch/lib/libshm.dylib
0x000000010bfe3000 	/Users/isaebom/opt/anaconda3/envs/cna/lib/python3.8/site-packages/torch/lib/libtorch.dylib
0x00000001265b9000 	/Users/isaebom/opt/anaconda3/envs/cna/lib/python3.8/site-packages/torch/lib/libtorch_cpu.dylib
0x000000010c2cf000 	/Users/isaebom/opt/anaconda3/envs/cna/lib/python3.8/site-packages/torch/lib/libc10.dylib
0x000000010cd86000 	/Users/isaebom/opt/anaconda3/envs/cna/lib/python3.8/site-packages/numpy/core/_multiarray_umath.cpython-38-darwin.so
0x0000000113bd6000 	/Users/isaebom/opt/anaconda3/envs/cna/lib/python3.8/site-packages/numpy/.dylibs/libopenblasp-r0.3.7.dylib
0x000000010c935000 	/Users/isaebom/opt/anaconda3/envs/cna/lib/python3.8/site-packages/numpy/.dylibs/libgfortran.3.dylib
0x000000010c3e8000 	/Users/isaebom/opt/anaconda3/envs/cna/lib/python3.8/site-packages/numpy/.dylibs/libquadmath.0.dylib
0x000000010c46c000 	/Users/isaebom/opt/anaconda3/envs/cna/lib/python3.8/site-packages/numpy/.dylibs/libgcc_s.1.dylib
0x000000010c4b0000 	/Users/isaebom/opt/anaconda3/envs/cna/lib/python3.8/site-packages/numpy/core/_multiarray_tests.cpython-38-darwin.so
0x000000010c2ab000 	/Users/isaebom/opt/anaconda3/envs/cna/lib/python3.8/site-packages/numpy/linalg/lapack_lite.cpython-38-darwin.so
0x000000010cc2b000 	/Users/isaebom/opt/anaconda3/envs/cna/lib/python3.8/site-packages/numpy/linalg/_umath_linalg.cpython-38-darwin.so
0x000000010c3a3000 	/Users/isaebom/opt/anaconda3/envs/cna/lib/python3.8/site-packages/numpy/fft/_pocketfft_internal.cpython-38-darwin.so
0x000000010d7b7000 	/Users/isaebom/opt/anaconda3/envs/cna/lib/python3.8/site-packages/numpy/random/mtrand.cpython-38-darwin.so
0x000000010cc87000 	/Users/isaebom/opt/anaconda3/envs/cna/lib/python3.8/site-packages/numpy/random/_bit_generator.cpython-38-darwin.so
0x000000010d913000 	/Users/isaebom/opt/anaconda3/envs/cna/lib/python3.8/site-packages/numpy/random/_common.cpython-38-darwin.so
0x0000000111f5a000 	/Users/isaebom/opt/anaconda3/envs/cna/lib/python3.8/site-packages/numpy/random/_bounded_integers.cpython-38-darwin.so
0x000000010cd03000 	/Users/isaebom/opt/anaconda3/envs/cna/lib/python3.8/site-packages/numpy/random/_mt19937.cpython-38-darwin.so
0x000000010cd42000 	/Users/isaebom/opt/anaconda3/envs/cna/lib/python3.8/site-packages/numpy/random/_philox.cpython-38-darwin.so
0x000000010c4f8000 	/Users/isaebom/opt/anaconda3/envs/cna/lib/python3.8/site-packages/numpy/random/_pcg64.cpython-38-darwin.so
0x000000010d9bc000 	/Users/isaebom/opt/anaconda3/envs/cna/lib/python3.8/site-packages/numpy/random/_sfc64.cpython-38-darwin.so
0x000000011214f000 	/Users/isaebom/opt/anaconda3/envs/cna/lib/python3.8/site-packages/numpy/random/_generator.cpython-38-darwin.so
0x000000010d9e3000 	/Users/isaebom/opt/anaconda3/envs/cna/lib/python3.8/lib-dynload/cmath.cpython-38-darwin.so
0x000000010da01000 	/Users/isaebom/opt/anaconda3/envs/cna/lib/python3.8/lib-dynload/array.cpython-38-darwin.so
0x000000010c2b9000 	/Users/isaebom/opt/anaconda3/envs/cna/lib/python3.8/lib-dynload/_multiprocessing.cpython-38-darwin.so
0x000000010c3d6000 	/Users/isaebom/opt/anaconda3/envs/cna/lib/python3.8/lib-dynload/_contextvars.cpython-38-darwin.so
0x0000000112077000 	/Users/isaebom/opt/anaconda3/envs/cna/lib/python3.8/lib-dynload/_asyncio.cpython-38-darwin.so
0x000000010c528000 	/Users/isaebom/opt/anaconda3/envs/cna/lib/python3.8/lib-dynload/_queue.cpython-38-darwin.so
0x000000010da25000 	/Users/isaebom/opt/anaconda3/envs/cna/lib/python3.8/site-packages/sklearn/__check_build/_check_build.cpython-38-darwin.so
0x0000000112377000 	/Users/isaebom/opt/anaconda3/envs/cna/lib/python3.8/site-packages/sklearn/.dylibs/libomp.dylib
0x00000001122f1000 	/Users/isaebom/opt/anaconda3/envs/cna/lib/python3.8/site-packages/scipy/_lib/_ccallback_c.cpython-38-darwin.so
0x00000001561f8000 	/Users/isaebom/opt/anaconda3/envs/cna/lib/python3.8/site-packages/scipy/sparse/_sparsetools.cpython-38-darwin.so
0x00000001125f6000 	/Users/isaebom/opt/anaconda3/envs/cna/lib/python3.8/site-packages/scipy/sparse/_csparsetools.cpython-38-darwin.so
0x0000000112789000 	/Users/isaebom/opt/anaconda3/envs/cna/lib/python3.8/site-packages/scipy/sparse/csgraph/_shortest_path.cpython-38-darwin.so
0x00000001124ca000 	/Users/isaebom/opt/anaconda3/envs/cna/lib/python3.8/site-packages/scipy/sparse/csgraph/_tools.cpython-38-darwin.so
0x000000011253f000 	/Users/isaebom/opt/anaconda3/envs/cna/lib/python3.8/site-packages/scipy/sparse/csgraph/_traversal.cpython-38-darwin.so
0x0000000112915000 	/Users/isaebom/opt/anaconda3/envs/cna/lib/python3.8/site-packages/scipy/sparse/csgraph/_min_spanning_tree.cpython-38-darwin.so
0x0000000112a31000 	/Users/isaebom/opt/anaconda3/envs/cna/lib/python3.8/site-packages/scipy/sparse/csgraph/_flow.cpython-38-darwin.so
0x0000000112ae9000 	/Users/isaebom/opt/anaconda3/envs/cna/lib/python3.8/site-packages/scipy/sparse/csgraph/_matching.cpython-38-darwin.so
0x0000000112b9f000 	/Users/isaebom/opt/anaconda3/envs/cna/lib/python3.8/site-packages/scipy/sparse/csgraph/_reordering.cpython-38-darwin.so
0x00000001120f7000 	/Users/isaebom/opt/anaconda3/envs/cna/lib/python3.8/site-packages/sklearn/utils/murmurhash.cpython-38-darwin.so
0x000000011298f000 	/Users/isaebom/opt/anaconda3/envs/cna/lib/python3.8/lib-dynload/pyexpat.cpython-38-darwin.so
0x00000001120e0000 	/Users/isaebom/opt/anaconda3/envs/cna/lib/python3.8/lib-dynload/_csv.cpython-38-darwin.so
0x000000011212d000 	/Users/isaebom/opt/anaconda3/envs/cna/lib/python3.8/lib-dynload/mmap.cpython-38-darwin.so
0x0000000112dc7000 	/Users/isaebom/opt/anaconda3/envs/cna/lib/python3.8/site-packages/scipy/spatial/_ckdtree.cpython-38-darwin.so
0x00000001131ab000 	/Users/isaebom/opt/anaconda3/envs/cna/lib/python3.8/site-packages/scipy/spatial/_qhull.cpython-38-darwin.so
0x000000015c1df000 	/Users/isaebom/opt/anaconda3/envs/cna/lib/python3.8/site-packages/scipy/.dylibs/libopenblas.0.dylib
0x0000000113424000 	/Users/isaebom/opt/anaconda3/envs/cna/lib/python3.8/site-packages/scipy/.dylibs/libgfortran.3.dylib
0x0000000112c45000 	/Users/isaebom/opt/anaconda3/envs/cna/lib/python3.8/site-packages/scipy/.dylibs/libquadmath.0.dylib
0x00000001128a2000 	/Users/isaebom/opt/anaconda3/envs/cna/lib/python3.8/site-packages/scipy/.dylibs/libgcc_s.1.dylib
0x000000011259f000 	/Users/isaebom/opt/anaconda3/envs/cna/lib/python3.8/site-packages/scipy/_lib/messagestream.cpython-38-darwin.so
0x0000000112d35000 	/Users/isaebom/opt/anaconda3/envs/cna/lib/python3.8/site-packages/scipy/spatial/_voronoi.cpython-38-darwin.so
0x0000000113726000 	/Users/isaebom/opt/anaconda3/envs/cna/lib/python3.8/site-packages/scipy/linalg/_fblas.cpython-38-darwin.so
0x000000011382d000 	/Users/isaebom/opt/anaconda3/envs/cna/lib/python3.8/site-packages/scipy/linalg/_flapack.cpython-38-darwin.so
0x0000000113075000 	/Users/isaebom/opt/anaconda3/envs/cna/lib/python3.8/site-packages/scipy/linalg/_cythonized_array_utils.cpython-38-darwin.so
0x000000011233b000 	/Users/isaebom/opt/anaconda3/envs/cna/lib/python3.8/site-packages/scipy/linalg/_flinalg.cpython-38-darwin.so
0x0000000125c46000 	/Users/isaebom/opt/anaconda3/envs/cna/lib/python3.8/site-packages/scipy/linalg/_solve_toeplitz.cpython-38-darwin.so
0x0000000112f93000 	/Users/isaebom/opt/anaconda3/envs/cna/lib/python3.8/site-packages/scipy/linalg/_matfuncs_sqrtm_triu.cpython-38-darwin.so
0x0000000125cd6000 	/Users/isaebom/opt/anaconda3/envs/cna/lib/python3.8/site-packages/scipy/linalg/_decomp_update.cpython-38-darwin.so
0x0000000125d83000 	/Users/isaebom/opt/anaconda3/envs/cna/lib/python3.8/site-packages/scipy/linalg/cython_blas.cpython-38-darwin.so
0x0000000125fbd000 	/Users/isaebom/opt/anaconda3/envs/cna/lib/python3.8/site-packages/scipy/linalg/cython_lapack.cpython-38-darwin.so
0x0000000112fc7000 	/Users/isaebom/opt/anaconda3/envs/cna/lib/python3.8/site-packages/scipy/spatial/_distance_wrap.cpython-38-darwin.so
0x0000000125e7e000 	/Users/isaebom/opt/anaconda3/envs/cna/lib/python3.8/site-packages/scipy/spatial/_hausdorff.cpython-38-darwin.so
0x000000015af86000 	/Users/isaebom/opt/anaconda3/envs/cna/lib/python3.8/site-packages/scipy/special/_ufuncs.cpython-38-darwin.so
0x000000012610e000 	/Users/isaebom/opt/anaconda3/envs/cna/lib/python3.8/site-packages/scipy/special/_ufuncs_cxx.cpython-38-darwin.so
0x0000000126318000 	/Users/isaebom/opt/anaconda3/envs/cna/lib/python3.8/site-packages/scipy/special/_specfun.cpython-38-darwin.so
0x00000001128eb000 	/Users/isaebom/opt/anaconda3/envs/cna/lib/python3.8/site-packages/scipy/special/_comb.cpython-38-darwin.so
0x000000011300d000 	/Users/isaebom/opt/anaconda3/envs/cna/lib/python3.8/site-packages/scipy/special/_ellip_harm_2.cpython-38-darwin.so
0x00000001261a4000 	/Users/isaebom/opt/anaconda3/envs/cna/lib/python3.8/site-packages/scipy/spatial/_distance_pybind.cpython-38-darwin.so
0x000000015b4b4000 	/Users/isaebom/opt/anaconda3/envs/cna/lib/python3.8/site-packages/scipy/spatial/transform/_rotation.cpython-38-darwin.so
0x0000000125eed000 	/Users/isaebom/opt/anaconda3/envs/cna/lib/python3.8/site-packages/scipy/ndimage/_nd_image.cpython-38-darwin.so
0x000000015b370000 	/Users/isaebom/opt/anaconda3/envs/cna/lib/python3.8/site-packages/scipy/ndimage/_ni_label.cpython-38-darwin.so
0x00000001264c4000 	/Users/isaebom/opt/anaconda3/envs/cna/lib/python3.8/site-packages/scipy/sparse/linalg/_isolve/_iterative.cpython-38-darwin.so
0x000000015b6f3000 	/Users/isaebom/opt/anaconda3/envs/cna/lib/python3.8/site-packages/scipy/sparse/linalg/_dsolve/_superlu.cpython-38-darwin.so
0x000000015b92c000 	/Users/isaebom/opt/anaconda3/envs/cna/lib/python3.8/site-packages/scipy/sparse/linalg/_eigen/arpack/_arpack.cpython-38-darwin.so
0x00000001125c9000 	/Users/isaebom/opt/anaconda3/envs/cna/lib/python3.8/site-packages/scipy/optimize/_minpack2.cpython-38-darwin.so
0x0000000113b75000 	/Users/isaebom/opt/anaconda3/envs/cna/lib/python3.8/site-packages/scipy/optimize/_group_columns.cpython-38-darwin.so
0x000000015b7e9000 	/Users/isaebom/opt/anaconda3/envs/cna/lib/python3.8/site-packages/scipy/optimize/_trlib/_trlib.cpython-38-darwin.so
0x0000000125e13000 	/Users/isaebom/opt/anaconda3/envs/cna/lib/python3.8/site-packages/scipy/optimize/_lbfgsb.cpython-38-darwin.so
0x0000000125f5e000 	/Users/isaebom/opt/anaconda3/envs/cna/lib/python3.8/site-packages/scipy/optimize/_moduleTNC.cpython-38-darwin.so
0x000000012627a000 	/Users/isaebom/opt/anaconda3/envs/cna/lib/python3.8/site-packages/scipy/optimize/_cobyla.cpython-38-darwin.so
0x0000000126556000 	/Users/isaebom/opt/anaconda3/envs/cna/lib/python3.8/site-packages/scipy/optimize/_slsqp.cpython-38-darwin.so
0x000000015b441000 	/Users/isaebom/opt/anaconda3/envs/cna/lib/python3.8/site-packages/scipy/optimize/_minpack.cpython-38-darwin.so
0x000000015b623000 	/Users/isaebom/opt/anaconda3/envs/cna/lib/python3.8/site-packages/scipy/optimize/_lsq/givens_elimination.cpython-38-darwin.so
0x0000000112cf4000 	/Users/isaebom/opt/anaconda3/envs/cna/lib/python3.8/site-packages/scipy/optimize/_zeros.cpython-38-darwin.so
0x0000000113048000 	/Users/isaebom/opt/anaconda3/envs/cna/lib/python3.8/site-packages/scipy/optimize/__nnls.cpython-38-darwin.so
0x00000001701cf000 	/Users/isaebom/opt/anaconda3/envs/cna/lib/python3.8/site-packages/scipy/optimize/_highs/_highs_wrapper.cpython-38-darwin.so
0x0000000112cce000 	/Users/isaebom/opt/anaconda3/envs/cna/lib/python3.8/site-packages/scipy/optimize/_highs/_highs_constants.cpython-38-darwin.so
0x000000015bbeb000 	/Users/isaebom/opt/anaconda3/envs/cna/lib/python3.8/site-packages/scipy/linalg/_interpolative.cpython-38-darwin.so
0x000000015bb2b000 	/Users/isaebom/opt/anaconda3/envs/cna/lib/python3.8/site-packages/scipy/optimize/_bglu_dense.cpython-38-darwin.so
0x0000000112da1000 	/Users/isaebom/opt/anaconda3/envs/cna/lib/python3.8/site-packages/scipy/optimize/_lsap_module.cpython-38-darwin.so
0x000000015b8aa000 	/Users/isaebom/opt/anaconda3/envs/cna/lib/python3.8/site-packages/scipy/integrate/_odepack.cpython-38-darwin.so
0x000000015ba8a000 	/Users/isaebom/opt/anaconda3/envs/cna/lib/python3.8/site-packages/scipy/integrate/_quadpack.cpython-38-darwin.so
0x000000015be08000 	/Users/isaebom/opt/anaconda3/envs/cna/lib/python3.8/site-packages/scipy/integrate/_vode.cpython-38-darwin.so
0x000000015bad6000 	/Users/isaebom/opt/anaconda3/envs/cna/lib/python3.8/site-packages/scipy/integrate/_dop.cpython-38-darwin.so
0x000000015bd86000 	/Users/isaebom/opt/anaconda3/envs/cna/lib/python3.8/site-packages/scipy/integrate/_lsoda.cpython-38-darwin.so
0x000000015bf1b000 	/Users/isaebom/opt/anaconda3/envs/cna/lib/python3.8/site-packages/scipy/interpolate/_fitpack.cpython-38-darwin.so
0x000000015c08a000 	/Users/isaebom/opt/anaconda3/envs/cna/lib/python3.8/site-packages/scipy/interpolate/dfitpack.cpython-38-darwin.so
0x00000001706b5000 	/Users/isaebom/opt/anaconda3/envs/cna/lib/python3.8/site-packages/scipy/interpolate/_bspl.cpython-38-darwin.so
0x0000000170769000 	/Users/isaebom/opt/anaconda3/envs/cna/lib/python3.8/site-packages/scipy/interpolate/_ppoly.cpython-38-darwin.so
0x000000017083a000 	/Users/isaebom/opt/anaconda3/envs/cna/lib/python3.8/site-packages/scipy/interpolate/interpnd.cpython-38-darwin.so
0x00000001709ff000 	/Users/isaebom/opt/anaconda3/envs/cna/lib/python3.8/site-packages/scipy/interpolate/_rbfinterp_pythran.cpython-38-darwin.so
0x0000000170c11000 	/Users/isaebom/opt/anaconda3/envs/cna/lib/python3.8/site-packages/scipy/stats/_stats.cpython-38-darwin.so
0x0000000171218000 	/Users/isaebom/opt/anaconda3/envs/cna/lib/python3.8/site-packages/scipy/special/cython_special.cpython-38-darwin.so
0x0000000170d78000 	/Users/isaebom/opt/anaconda3/envs/cna/lib/python3.8/site-packages/scipy/stats/_boost/beta_ufunc.cpython-38-darwin.so
0x0000000170af4000 	/Users/isaebom/opt/anaconda3/envs/cna/lib/python3.8/site-packages/scipy/stats/_boost/binom_ufunc.cpython-38-darwin.so
0x0000000170eb2000 	/Users/isaebom/opt/anaconda3/envs/cna/lib/python3.8/site-packages/scipy/stats/_boost/nbinom_ufunc.cpython-38-darwin.so
0x0000000170919000 	/Users/isaebom/opt/anaconda3/envs/cna/lib/python3.8/site-packages/scipy/stats/_boost/hypergeom_ufunc.cpython-38-darwin.so
0x000000015bfa8000 	/Users/isaebom/opt/anaconda3/envs/cna/lib/python3.8/site-packages/scipy/stats/_biasedurn.cpython-38-darwin.so
0x000000015be99000 	/Users/isaebom/opt/anaconda3/envs/cna/lib/python3.8/site-packages/scipy/stats/_hypotests_pythran.cpython-38-darwin.so
0x000000015b687000 	/Users/isaebom/opt/anaconda3/envs/cna/lib/python3.8/site-packages/scipy/stats/_statlib.cpython-38-darwin.so
0x0000000170fc8000 	/Users/isaebom/opt/anaconda3/envs/cna/lib/python3.8/site-packages/scipy/stats/_mvn.cpython-38-darwin.so
0x00000001717c0000 	/Users/isaebom/opt/anaconda3/envs/cna/lib/python3.8/site-packages/scipy/stats/_sobol.cpython-38-darwin.so
0x000000017117e000 	/Users/isaebom/opt/anaconda3/envs/cna/lib/python3.8/site-packages/scipy/stats/_qmc_cy.cpython-38-darwin.so
0x0000000171caf000 	/Users/isaebom/opt/anaconda3/envs/cna/lib/python3.8/site-packages/scipy/stats/_unuran/unuran_wrapper.cpython-38-darwin.so
0x0000000112d0d000 	/Users/isaebom/opt/anaconda3/envs/cna/lib/python3.8/site-packages/sklearn/utils/_openmp_helpers.cpython-38-darwin.so
0x000000015c01d000 	/Users/isaebom/opt/anaconda3/envs/cna/lib/python3.8/site-packages/sklearn/utils/_logistic_sigmoid.cpython-38-darwin.so
0x0000000171a79000 	/Users/isaebom/opt/anaconda3/envs/cna/lib/python3.8/site-packages/sklearn/utils/sparsefuncs_fast.cpython-38-darwin.so
0x000000015c178000 	/Users/isaebom/opt/anaconda3/envs/cna/lib/python3.8/site-packages/sklearn/utils/_seq_dataset.cpython-38-darwin.so
0x00000001262d5000 	/Users/isaebom/opt/anaconda3/envs/cna/lib/python3.8/site-packages/sklearn/utils/_random.cpython-38-darwin.so
0x00000001719c7000 	/Users/isaebom/opt/anaconda3/envs/cna/lib/python3.8/site-packages/sklearn/preprocessing/_csr_polynomial_expansion.cpython-38-darwin.so
0x00000001710ff000 	/Users/isaebom/opt/anaconda3/envs/cna/lib/python3.8/site-packages/sklearn/utils/arrayfuncs.cpython-38-darwin.so
0x000000017201f000 	/Users/isaebom/opt/anaconda3/envs/cna/lib/python3.8/site-packages/sklearn/utils/_cython_blas.cpython-38-darwin.so
0x00000001709b5000 	/Users/isaebom/opt/anaconda3/envs/cna/lib/python3.8/site-packages/sklearn/metrics/cluster/_expected_mutual_info_fast.cpython-38-darwin.so
0x0000000171c1f000 	/Users/isaebom/opt/anaconda3/envs/cna/lib/python3.8/site-packages/sklearn/metrics/_pairwise_fast.cpython-38-darwin.so
0x000000017217a000 	/Users/isaebom/opt/anaconda3/envs/cna/lib/python3.8/site-packages/sklearn/linear_model/_cd_fast.cpython-38-darwin.so
0x000000017228b000 	/Users/isaebom/opt/anaconda3/envs/cna/lib/python3.8/site-packages/sklearn/linear_model/_sgd_fast.cpython-38-darwin.so
0x0000000172107000 	/Users/isaebom/opt/anaconda3/envs/cna/lib/python3.8/site-packages/sklearn/utils/_weight_vector.cpython-38-darwin.so
0x000000017232b000 	/Users/isaebom/opt/anaconda3/envs/cna/lib/python3.8/site-packages/sklearn/linear_model/_sag_fast.cpython-38-darwin.so
0x00000001723ea000 	/Users/isaebom/opt/anaconda3/envs/cna/lib/python3.8/site-packages/sklearn/svm/_libsvm.cpython-38-darwin.so
0x0000000172390000 	/Users/isaebom/opt/anaconda3/envs/cna/lib/python3.8/site-packages/sklearn/svm/_liblinear.cpython-38-darwin.so
0x0000000172509000 	/Users/isaebom/opt/anaconda3/envs/cna/lib/python3.8/site-packages/sklearn/svm/_libsvm_sparse.cpython-38-darwin.so
0x00000001725c6000 	/Users/isaebom/opt/anaconda3/envs/cna/lib/python3.8/site-packages/pandas/_libs/tslibs/conversion.cpython-38-darwin.so
0x0000000172684000 	/Users/isaebom/opt/anaconda3/envs/cna/lib/python3.8/site-packages/pandas/_libs/tslibs/c_timestamp.cpython-38-darwin.so
0x0000000172728000 	/Users/isaebom/opt/anaconda3/envs/cna/lib/python3.8/site-packages/pandas/_libs/tslibs/nattype.cpython-38-darwin.so
0x00000001727be000 	/Users/isaebom/opt/anaconda3/envs/cna/lib/python3.8/site-packages/pandas/_libs/missing.cpython-38-darwin.so
0x000000011317e000 	/Users/isaebom/opt/anaconda3/envs/cna/lib/python3.8/site-packages/pandas/_libs/tslibs/np_datetime.cpython-38-darwin.so
0x000000015b6bb000 	/Users/isaebom/opt/anaconda3/envs/cna/lib/python3.8/site-packages/pandas/_libs/ops_dispatch.cpython-38-darwin.so
0x000000017284e000 	/Users/isaebom/opt/anaconda3/envs/cna/lib/python3.8/site-packages/pandas/_libs/tslibs/timezones.cpython-38-darwin.so
0x000000017293b000 	/Users/isaebom/opt/anaconda3/envs/cna/lib/python3.8/site-packages/pandas/_libs/tslibs/tzconversion.cpython-38-darwin.so
0x0000000172a8c000 	/Users/isaebom/opt/anaconda3/envs/cna/lib/python3.8/site-packages/pandas/_libs/tslibs/timedeltas.cpython-38-darwin.so
0x0000000172bc1000 	/Users/isaebom/opt/anaconda3/envs/cna/lib/python3.8/site-packages/pandas/_libs/tslibs/offsets.cpython-38-darwin.so
0x000000015b8ef000 	/Users/isaebom/opt/anaconda3/envs/cna/lib/python3.8/site-packages/pandas/_libs/tslibs/ccalendar.cpython-38-darwin.so
0x0000000172ccf000 	/Users/isaebom/opt/anaconda3/envs/cna/lib/python3.8/site-packages/pandas/_libs/tslibs/strptime.cpython-38-darwin.so
0x0000000172ddc000 	/Users/isaebom/opt/anaconda3/envs/cna/lib/python3.8/site-packages/pandas/_libs/tslibs/fields.cpython-38-darwin.so
0x0000000172e7c000 	/Users/isaebom/opt/anaconda3/envs/cna/lib/python3.8/site-packages/pandas/_libs/tslibs/parsing.cpython-38-darwin.so
0x0000000172a05000 	/Users/isaebom/opt/anaconda3/envs/cna/lib/python3.8/site-packages/pandas/_libs/tslibs/frequencies.cpython-38-darwin.so
0x000000017300e000 	/Users/isaebom/opt/anaconda3/envs/cna/lib/python3.8/site-packages/pandas/_libs/tslibs/period.cpython-38-darwin.so
0x000000017312c000 	/Users/isaebom/opt/anaconda3/envs/cna/lib/python3.8/site-packages/pandas/_libs/tslibs/timestamps.cpython-38-darwin.so
0x0000000173200000 	/Users/isaebom/opt/anaconda3/envs/cna/lib/python3.8/site-packages/pandas/_libs/tslibs/resolution.cpython-38-darwin.so
0x0000000173354000 	/Users/isaebom/opt/anaconda3/envs/cna/lib/python3.8/site-packages/pandas/_libs/hashtable.cpython-38-darwin.so
0x00000001734f6000 	/Users/isaebom/opt/anaconda3/envs/cna/lib/python3.8/site-packages/pandas/_libs/lib.cpython-38-darwin.so
0x0000000173670000 	/Users/isaebom/opt/anaconda3/envs/cna/lib/python3.8/site-packages/pandas/_libs/tslib.cpython-38-darwin.so
0x0000000173899000 	/Users/isaebom/opt/anaconda3/envs/cna/lib/python3.8/site-packages/pandas/_libs/interval.cpython-38-darwin.so
0x0000000173db2000 	/Users/isaebom/opt/anaconda3/envs/cna/lib/python3.8/site-packages/pandas/_libs/algos.cpython-38-darwin.so
0x000000015bdd3000 	/Users/isaebom/opt/anaconda3/envs/cna/lib/python3.8/site-packages/pandas/_libs/properties.cpython-38-darwin.so
0x0000000172f90000 	/Users/isaebom/opt/anaconda3/envs/cna/lib/python3.8/site-packages/pandas/_libs/hashing.cpython-38-darwin.so
0x00000001732a1000 	/Users/isaebom/opt/anaconda3/envs/cna/lib/python3.8/site-packages/pandas/_libs/ops.cpython-38-darwin.so
0x0000000174208000 	/Users/isaebom/opt/anaconda3/envs/cna/lib/python3.8/site-packages/pandas/_libs/index.cpython-38-darwin.so
0x00000001746b9000 	/Users/isaebom/opt/anaconda3/envs/cna/lib/python3.8/site-packages/pandas/_libs/join.cpython-38-darwin.so
0x00000001743df000 	/Users/isaebom/opt/anaconda3/envs/cna/lib/python3.8/site-packages/pandas/_libs/sparse.cpython-38-darwin.so
0x0000000113bb1000 	/Users/isaebom/opt/anaconda3/envs/cna/lib/python3.8/site-packages/pandas/_libs/indexing.cpython-38-darwin.so
0x000000017373a000 	/Users/isaebom/opt/anaconda3/envs/cna/lib/python3.8/site-packages/pandas/_libs/writers.cpython-38-darwin.so
0x00000001737bd000 	/Users/isaebom/opt/anaconda3/envs/cna/lib/python3.8/site-packages/pandas/_libs/internals.cpython-38-darwin.so
0x0000000173be3000 	/Users/isaebom/opt/anaconda3/envs/cna/lib/python3.8/site-packages/pandas/_libs/reshape.cpython-38-darwin.so
0x0000000174daf000 	/Users/isaebom/opt/anaconda3/envs/cna/lib/python3.8/site-packages/pandas/_libs/window/aggregations.cpython-38-darwin.so
0x0000000173c86000 	/Users/isaebom/opt/anaconda3/envs/cna/lib/python3.8/site-packages/pandas/_libs/window/indexers.cpython-38-darwin.so
0x0000000175018000 	/Users/isaebom/opt/anaconda3/envs/cna/lib/python3.8/site-packages/pandas/_libs/groupby.cpython-38-darwin.so
0x0000000174ebf000 	/Users/isaebom/opt/anaconda3/envs/cna/lib/python3.8/site-packages/pandas/_libs/reduction.cpython-38-darwin.so
0x000000017535f000 	/Users/isaebom/opt/anaconda3/envs/cna/lib/python3.8/site-packages/pandas/_libs/parsers.cpython-38-darwin.so
0x000000015bee0000 	/Users/isaebom/opt/anaconda3/envs/cna/lib/python3.8/site-packages/pandas/_libs/json.cpython-38-darwin.so
0x00000001724b7000 	/Users/isaebom/opt/anaconda3/envs/cna/lib/python3.8/site-packages/pandas/_libs/testing.cpython-38-darwin.so
0x00000001754d5000 	/Users/isaebom/opt/anaconda3/envs/cna/lib/python3.8/site-packages/_jpype.cpython-38-darwin.so
0x0000000112a20000 	/Users/isaebom/opt/anaconda3/envs/cna/lib/python3.8/lib-dynload/fcntl.cpython-38-darwin.so
0x0000000175b09000 	/Users/isaebom/opt/anaconda3/envs/cna/lib/python3.8/site-packages/lxml/etree.cpython-38-darwin.so
0x0000000173cee000 	/Users/isaebom/opt/anaconda3/envs/cna/lib/python3.8/site-packages/lxml/_elementpath.cpython-38-darwin.so
0x00000001756fd000 	/Users/isaebom/opt/anaconda3/envs/cna/lib/python3.8/site-packages/matplotlib/ft2font.cpython-38-darwin.so
0x000000017560e000 	/Users/isaebom/opt/anaconda3/envs/cna/lib/python3.8/site-packages/kiwisolver/_cext.cpython-38-darwin.so
0x0000000175682000 	/Users/isaebom/opt/anaconda3/envs/cna/lib/python3.8/site-packages/matplotlib/_path.cpython-38-darwin.so
0x000000017590a000 	/Users/isaebom/opt/anaconda3/envs/cna/lib/python3.8/site-packages/matplotlib/_image.cpython-38-darwin.so
0x00000001759c6000 	/Users/isaebom/opt/anaconda3/envs/cna/lib/python3.8/site-packages/matplotlib/backends/_backend_agg.cpython-38-darwin.so
0x0000000175a9a000 	/Users/isaebom/opt/anaconda3/envs/cna/lib/python3.8/site-packages/sklearn/decomposition/_cdnmf_fast.cpython-38-darwin.so
0x00000001728e5000 	/Users/isaebom/opt/anaconda3/envs/cna/lib/python3.8/site-packages/sklearn/decomposition/_online_lda_fast.cpython-38-darwin.so
0x0000000112d25000 	/Users/isaebom/opt/anaconda3/envs/cna/lib/python3.8/lib-dynload/termios.cpython-38-darwin.so
0x00000001765ad000 	/Users/isaebom/opt/anaconda3/envs/cna/lib/python3.8/site-packages/gensim/_matutils.cpython-38-darwin.so
0x000000017465a000 	/Users/isaebom/opt/anaconda3/envs/cna/lib/python3.8/site-packages/gensim/corpora/_mmreader.cpython-38-darwin.so
0x0000000173d79000 	/Users/isaebom/opt/anaconda3/envs/cna/lib/python3.8/lib-dynload/_elementtree.cpython-38-darwin.so
0x0000000171a58000 	/Users/isaebom/opt/anaconda3/envs/cna/lib/python3.8/site-packages/gensim/models/_utils_any2vec.cpython-38-darwin.so
0x0000000174faa000 	/Users/isaebom/opt/anaconda3/envs/cna/lib/python3.8/site-packages/gensim/models/word2vec_inner.cpython-38-darwin.so
0x0000000176675000 	/Users/isaebom/opt/anaconda3/envs/cna/lib/python3.8/site-packages/gensim/models/word2vec_corpusfile.cpython-38-darwin.so
0x00000001766ea000 	/Users/isaebom/opt/anaconda3/envs/cna/lib/python3.8/site-packages/gensim/models/doc2vec_inner.cpython-38-darwin.so
0x0000000176738000 	/Users/isaebom/opt/anaconda3/envs/cna/lib/python3.8/site-packages/gensim/models/doc2vec_corpusfile.cpython-38-darwin.so
0x000000017677b000 	/Users/isaebom/opt/anaconda3/envs/cna/lib/python3.8/site-packages/gensim/models/fasttext_inner.cpython-38-darwin.so
0x000000017290a000 	/Users/isaebom/opt/anaconda3/envs/cna/lib/python3.8/site-packages/gensim/models/fasttext_corpusfile.cpython-38-darwin.so
0x0000000176837000 	/Users/isaebom/opt/anaconda3/envs/cna/lib/python3.8/site-packages/sklearn/neighbors/_ball_tree.cpython-38-darwin.so
0x000000017696a000 	/Users/isaebom/opt/anaconda3/envs/cna/lib/python3.8/site-packages/sklearn/neighbors/_dist_metrics.cpython-38-darwin.so
0x000000015b49a000 	/Users/isaebom/opt/anaconda3/envs/cna/lib/python3.8/site-packages/sklearn/neighbors/_typedefs.cpython-38-darwin.so
0x0000000176a27000 	/Users/isaebom/opt/anaconda3/envs/cna/lib/python3.8/site-packages/sklearn/neighbors/_kd_tree.cpython-38-darwin.so
0x0000000173867000 	/Library/Java/JavaVirtualMachines/adoptopenjdk-14.jdk/Contents/Home/lib/libjli.dylib
0x00007ff820aaa000 	/System/Library/Frameworks/Cocoa.framework/Versions/A/Cocoa
0x00007ff80c1a9000 	/System/Library/Frameworks/AppKit.framework/Versions/C/AppKit
0x00007ff80f713000 	/System/Library/Frameworks/CoreData.framework/Versions/A/CoreData
0x00007ff80d037000 	/System/Library/PrivateFrameworks/UIFoundation.framework/Versions/A/UIFoundation
0x00007ff81a9b4000 	/System/Library/PrivateFrameworks/RemoteViewServices.framework/Versions/A/RemoteViewServices
0x00007ff812c58000 	/System/Library/PrivateFrameworks/XCTTargetBootstrap.framework/Versions/A/XCTTargetBootstrap
0x00007ff81685a000 	/System/Library/PrivateFrameworks/InternationalSupport.framework/Versions/A/InternationalSupport
0x00007ff8168e4000 	/System/Library/PrivateFrameworks/UserActivity.framework/Versions/A/UserActivity
0x00007ff815c3e000 	/usr/lib/libspindump.dylib
0x00007ff80d2c5000 	/System/Library/Frameworks/UniformTypeIdentifiers.framework/Versions/A/UniformTypeIdentifiers
0x00007ff8125b2000 	/System/Library/Frameworks/Metal.framework/Versions/A/Metal
0x00007ff812c5d000 	/System/Library/PrivateFrameworks/CoreSVG.framework/Versions/A/CoreSVG
0x00007ff80e6ac000 	/System/Library/PrivateFrameworks/SkyLight.framework/Versions/A/SkyLight
0x00007ff80ea4a000 	/System/Library/Frameworks/CoreGraphics.framework/Versions/A/CoreGraphics
0x00007ff8156bd000 	/System/Library/PrivateFrameworks/IconServices.framework/Versions/A/IconServices
0x00007ff81e757000 	/System/Library/Frameworks/ApplicationServices.framework/Versions/A/ApplicationServices
0x00007ff812c44000 	/System/Library/PrivateFrameworks/DFRFoundation.framework/Versions/A/DFRFoundation
0x00007ff81764f000 	/System/Library/Frameworks/AudioToolbox.framework/Versions/A/AudioToolbox
0x00007ff816866000 	/System/Library/PrivateFrameworks/DataDetectorsCore.framework/Versions/A/DataDetectorsCore
0x00007ff912838000 	/System/Library/PrivateFrameworks/TextInput.framework/Versions/A/TextInput
0x00007ff812950000 	/System/Library/Frameworks/Carbon.framework/Versions/A/Frameworks/HIToolbox.framework/Versions/A/HIToolbox
0x00007ff810d87000 	/System/Library/Frameworks/QuartzCore.framework/Versions/A/QuartzCore
0x00007ff81a9ec000 	/System/Library/Frameworks/Carbon.framework/Versions/A/Frameworks/SpeechRecognition.framework/Versions/A/SpeechRecognition
0x00007ff8110e1000 	/System/Library/PrivateFrameworks/CoreUI.framework/Versions/A/CoreUI
0x00007ff80b004000 	/System/Library/Frameworks/CoreAudio.framework/Versions/A/CoreAudio
0x00007ff81602a000 	/System/Library/PrivateFrameworks/MultitouchSupport.framework/Versions/A/MultitouchSupport
0x00007ff81131b000 	/System/Library/PrivateFrameworks/PerformanceAnalysis.framework/Versions/A/PerformanceAnalysis
0x00007ffa21c44000 	/System/Library/Frameworks/OpenGL.framework/Versions/A/OpenGL
0x00007ff813ec9000 	/System/Library/PrivateFrameworks/MobileKeyBag.framework/Versions/A/MobileKeyBag
0x00007ff80f174000 	/System/Library/Frameworks/ColorSync.framework/Versions/A/ColorSync
0x00007ff812ed4000 	/System/Library/Frameworks/CoreImage.framework/Versions/A/CoreImage
0x00007ff80ae1c000 	/System/Library/Frameworks/CoreText.framework/Versions/A/CoreText
0x00007ff812c8d000 	/System/Library/Frameworks/ImageIO.framework/Versions/A/ImageIO
0x00007ff81678d000 	/System/Library/PrivateFrameworks/TextureIO.framework/Versions/A/TextureIO
0x00007ff815336000 	/usr/lib/libate.dylib
0x00007ff8166ae000 	/System/Library/Frameworks/ImageIO.framework/Versions/A/Resources/libRadiance.dylib
0x00007ff8166b7000 	/System/Library/Frameworks/ImageIO.framework/Versions/A/Resources/libJPEG.dylib
0x00007ff816609000 	/System/Library/Frameworks/ImageIO.framework/Versions/A/Resources/libPng.dylib
0x00007ff81662a000 	/System/Library/Frameworks/ImageIO.framework/Versions/A/Resources/libTIFF.dylib
0x00007ff816716000 	/System/Library/Frameworks/ImageIO.framework/Versions/A/Resources/libGIF.dylib
0x00007ff815f46000 	/System/Library/Frameworks/ImageIO.framework/Versions/A/Resources/libJP2.dylib
0x00007ff815684000 	/usr/lib/libexpat.1.dylib
0x00007ff815efb000 	/System/Library/PrivateFrameworks/AppleJPEG.framework/Versions/A/AppleJPEG
0x00007ff812814000 	/System/Library/PrivateFrameworks/FontServices.framework/libFontParser.dylib
0x00007ff80fe69000 	/System/Library/PrivateFrameworks/RunningBoardServices.framework/Versions/A/RunningBoardServices
0x00007ff821062000 	/System/Library/PrivateFrameworks/IOSurfaceAccelerator.framework/Versions/A/IOSurfaceAccelerator
0x00007ff816026000 	/System/Library/PrivateFrameworks/WatchdogClient.framework/Versions/A/WatchdogClient
0x00007ff80aa5f000 	/System/Library/Frameworks/CoreDisplay.framework/Versions/A/CoreDisplay
0x00007ff812712000 	/System/Library/Frameworks/CoreMedia.framework/Versions/A/CoreMedia
0x00007ff8125a9000 	/System/Library/PrivateFrameworks/IOAccelerator.framework/Versions/A/IOAccelerator
0x00007ff8114b0000 	/System/Library/Frameworks/CoreVideo.framework/Versions/A/CoreVideo
0x00007ff814c15000 	/System/Library/Frameworks/MetalPerformanceShaders.framework/Versions/A/MetalPerformanceShaders
0x00007ff816063000 	/System/Library/Frameworks/VideoToolbox.framework/Versions/A/VideoToolbox
0x00007ff80fdb3000 	/System/Library/PrivateFrameworks/BaseBoard.framework/Versions/A/BaseBoard
0x00007ff80fb3d000 	/System/Library/PrivateFrameworks/ProtocolBuffer.framework/Versions/A/ProtocolBuffer
0x00007ff8166a7000 	/System/Library/PrivateFrameworks/GPUWrangler.framework/Versions/A/GPUWrangler
0x00007ff81668b000 	/System/Library/PrivateFrameworks/IOPresentment.framework/Versions/A/IOPresentment
0x00007ff8166b1000 	/System/Library/PrivateFrameworks/DSExternalDisplay.framework/Versions/A/DSExternalDisplay
0x00007ffa21c38000 	/System/Library/Frameworks/OpenGL.framework/Versions/A/Libraries/libCoreFSCache.dylib
0x00007ffb0ead6000 	/System/Library/PrivateFrameworks/GPUCompiler.framework/Versions/31001/Libraries/libGPUCompilerUtils.dylib
0x00007ff81671b000 	/System/Library/PrivateFrameworks/CMCaptureCore.framework/Versions/A/CMCaptureCore
0x00007ff815c2c000 	/System/Library/PrivateFrameworks/AppServerSupport.framework/Versions/A/AppServerSupport
0x00007ff817ee7000 	/System/Library/PrivateFrameworks/perfdata.framework/Versions/A/perfdata
0x00007ff80ab8b000 	/System/Library/PrivateFrameworks/AudioToolboxCore.framework/Versions/A/AudioToolboxCore
0x00007ff8126f0000 	/System/Library/PrivateFrameworks/caulk.framework/Versions/A/caulk
0x00007ff8177f9000 	/usr/lib/libAudioStatistics.dylib
0x00007ff90efe6000 	/System/Library/PrivateFrameworks/SystemPolicy.framework/Versions/A/SystemPolicy
0x00007ff817a54000 	/usr/lib/libSMC.dylib
0x00007ff82095d000 	/System/Library/Frameworks/CoreMIDI.framework/Versions/A/CoreMIDI
0x00007ff8165d8000 	/usr/lib/libAudioToolboxUtility.dylib
0x00007ff90b289000 	/System/Library/PrivateFrameworks/OSAServicesClient.framework/Versions/A/OSAServicesClient
0x00007ff817ef4000 	/usr/lib/libperfcheck.dylib
0x00007ff90fa90000 	/usr/lib/libmis.dylib
0x00007ffa21c93000 	/System/Library/Frameworks/OpenGL.framework/Versions/A/Libraries/libGLU.dylib
0x00007ffa21c57000 	/System/Library/Frameworks/OpenGL.framework/Versions/A/Libraries/libGFXShared.dylib
0x00007ffa21e60000 	/System/Library/Frameworks/OpenGL.framework/Versions/A/Libraries/libGL.dylib
0x00007ffa21c60000 	/System/Library/Frameworks/OpenGL.framework/Versions/A/Libraries/libGLImage.dylib
0x00007ffa21c54000 	/System/Library/Frameworks/OpenGL.framework/Versions/A/Libraries/libCVMSPluginSupport.dylib
0x00007ffa21c3f000 	/System/Library/Frameworks/OpenGL.framework/Versions/A/Libraries/libCoreVMClient.dylib
0x00007ff81325c000 	/System/Library/Frameworks/MetalPerformanceShaders.framework/Versions/A/Frameworks/MPSCore.framework/Versions/A/MPSCore
0x00007ff8145aa000 	/System/Library/Frameworks/MetalPerformanceShaders.framework/Versions/A/Frameworks/MPSImage.framework/Versions/A/MPSImage
0x00007ff81404d000 	/System/Library/Frameworks/MetalPerformanceShaders.framework/Versions/A/Frameworks/MPSNeuralNetwork.framework/Versions/A/MPSNeuralNetwork
0x00007ff8144c1000 	/System/Library/Frameworks/MetalPerformanceShaders.framework/Versions/A/Frameworks/MPSMatrix.framework/Versions/A/MPSMatrix
0x00007ff81427c000 	/System/Library/Frameworks/MetalPerformanceShaders.framework/Versions/A/Frameworks/MPSRayIntersector.framework/Versions/A/MPSRayIntersector
0x00007ff8144f9000 	/System/Library/Frameworks/MetalPerformanceShaders.framework/Versions/A/Frameworks/MPSNDArray.framework/Versions/A/MPSNDArray
0x00007ffa26bc0000 	/System/Library/Frameworks/MetalPerformanceShaders.framework/Versions/A/Frameworks/MPSFunctions.framework/Versions/A/MPSFunctions
0x00007ff809f64000 	/System/Library/PrivateFrameworks/MetalTools.framework/Versions/A/MetalTools
0x00007ff8132d8000 	/System/Library/PrivateFrameworks/AggregateDictionary.framework/Versions/A/AggregateDictionary
0x00007ff815466000 	/usr/lib/libIOReport.dylib
0x00007ffa2326f000 	/System/Library/Frameworks/OpenCL.framework/Versions/A/OpenCL
0x00007ff8157ca000 	/System/Library/PrivateFrameworks/FaceCore.framework/Versions/A/FaceCore
0x00007ff8157bb000 	/System/Library/PrivateFrameworks/GraphVisualizer.framework/Versions/A/GraphVisualizer
0x00007ffb0e9e1000 	/System/Library/PrivateFrameworks/FontServices.framework/Versions/A/FontServices
0x00007ff815be4000 	/System/Library/PrivateFrameworks/OTSVG.framework/Versions/A/OTSVG
0x00007ff811097000 	/System/Library/Frameworks/ApplicationServices.framework/Versions/A/Frameworks/ATS.framework/Versions/A/Resources/libFontRegistry.dylib
0x00007ff815c34000 	/System/Library/PrivateFrameworks/FontServices.framework/libhvf.dylib
0x00007ffb0e9e2000 	/System/Library/PrivateFrameworks/FontServices.framework/libXTFontStaticRegistryData.dylib
0x00007ff815634000 	/System/Library/PrivateFrameworks/AppleVA.framework/Versions/A/AppleVA
0x00007ff817819000 	/System/Library/Frameworks/ApplicationServices.framework/Versions/A/Frameworks/ATS.framework/Versions/A/ATS
0x00007ff80f270000 	/System/Library/Frameworks/ApplicationServices.framework/Versions/A/Frameworks/HIServices.framework/Versions/A/HIServices
0x00007ff816725000 	/System/Library/Frameworks/ApplicationServices.framework/Versions/A/Frameworks/PrintCore.framework/Versions/A/PrintCore
0x00007ff817ba7000 	/System/Library/Frameworks/ApplicationServices.framework/Versions/A/Frameworks/QD.framework/Versions/A/QD
0x00007ff817b9f000 	/System/Library/Frameworks/ApplicationServices.framework/Versions/A/Frameworks/ColorSyncLegacy.framework/Versions/A/ColorSyncLegacy
0x00007ff817809000 	/System/Library/Frameworks/ApplicationServices.framework/Versions/A/Frameworks/SpeechSynthesis.framework/Versions/A/SpeechSynthesis
0x00007ff8166e6000 	/System/Library/Frameworks/ApplicationServices.framework/Versions/A/Frameworks/ATSUI.framework/Versions/A/ATSUI
0x00007ff817b34000 	/usr/lib/libcups.2.dylib
0x00007ff817f03000 	/System/Library/Frameworks/Kerberos.framework/Versions/A/Kerberos
0x00007ff817f12000 	/System/Library/Frameworks/GSS.framework/Versions/A/GSS
0x00007ff817885000 	/usr/lib/libresolv.9.dylib
0x00007ff815c43000 	/System/Library/PrivateFrameworks/Heimdal.framework/Versions/A/Heimdal
0x00007ff81eadf000 	/System/Library/Frameworks/Kerberos.framework/Versions/A/Libraries/libHeimdalProxy.dylib
0x00007ff80ff3c000 	/System/Library/Frameworks/Network.framework/Versions/A/Network
0x00007ff81569e000 	/usr/lib/libheimdal-asn1.dylib
0x00007ff817f5d000 	/System/Library/PrivateFrameworks/CommonAuth.framework/Versions/A/CommonAuth
0x00007ff81778b000 	/System/Library/PrivateFrameworks/AudioSession.framework/Versions/A/AudioSession
0x00007ff81572e000 	/System/Library/PrivateFrameworks/MediaExperience.framework/Versions/A/MediaExperience
0x00007ff81761e000 	/System/Library/PrivateFrameworks/AudioSession.framework/libSessionUtility.dylib
0x00007ff817bb3000 	/System/Library/PrivateFrameworks/AudioResourceArbitration.framework/Versions/A/AudioResourceArbitration
0x00007ff81bc26000 	/System/Library/PrivateFrameworks/PowerLog.framework/Versions/A/PowerLog
0x00007ff8156a7000 	/System/Library/PrivateFrameworks/IconFoundation.framework/Versions/A/IconFoundation
0x00007ff81a9dc000 	/System/Library/PrivateFrameworks/SpeechRecognitionCore.framework/Versions/A/SpeechRecognitionCore
0x0000000177936000 	/Library/Java/JavaVirtualMachines/adoptopenjdk-14.jdk/Contents/Home/lib/server/libjvm.dylib
0x0000000172a5f000 	/Library/Java/JavaVirtualMachines/adoptopenjdk-14.jdk/Contents/Home/lib/libjimage.dylib
0x0000000176b96000 	/Library/Java/JavaVirtualMachines/adoptopenjdk-14.jdk/Contents/Home/lib/libjava.dylib
0x0000000173330000 	/Library/Java/JavaVirtualMachines/adoptopenjdk-14.jdk/Contents/Home/lib/libzip.dylib
0x000000017663e000 	/Library/Java/JavaVirtualMachines/adoptopenjdk-14.jdk/Contents/Home/lib/libnio.dylib
0x000000017740c000 	/Library/Java/JavaVirtualMachines/adoptopenjdk-14.jdk/Contents/Home/lib/libnet.dylib


VM Arguments:
jvm_args: -Dfile.encoding=UTF8 -ea -Xmx1024m 
java_command: <unknown>
java_class_path (initial): /Users/isaebom/opt/anaconda3/envs/cna/lib/python3.8/site-packages/konlpy/java:/Users/isaebom/opt/anaconda3/envs/cna/lib/python3.8/site-packages/konlpy/java/bin:/Users/isaebom/opt/anaconda3/envs/cna/lib/python3.8/site-packages/konlpy/java/*:/Users/isaebom/opt/anaconda3/envs/cna/lib/python3.8/site-packages/konlpy/java/jhannanum-0.8.4.jar:/Users/isaebom/opt/anaconda3/envs/cna/lib/python3.8/site-packages/konlpy/java/kkma-2.0.jar:/Users/isaebom/opt/anaconda3/envs/cna/lib/python3.8/site-packages/konlpy/java/aho-corasick.jar:/Users/isaebom/opt/anaconda3/envs/cna/lib/python3.8/site-packages/konlpy/java/shineware-common-1.0.jar:/Users/isaebom/opt/anaconda3/envs/cna/lib/python3.8/site-packages/konlpy/java/shineware-ds-1.0.jar:/Users/isaebom/opt/anaconda3/envs/cna/lib/python3.8/site-packages/konlpy/java/komoran-3.0.jar:/Users/isaebom/opt/anaconda3/envs/cna/lib/python3.8/site-packages/konlpy/java/snakeyaml-1.12.jar:/Users/isaebom/opt/anaconda3/envs/cna/lib/python3.8/site-packages/konlpy/java/scala-library-2.12.3.jar:/Users/isaebom/opt/anaconda3/envs/cna/lib/python3.8/site-packages/konlpy/java/open-korean-text-2.1.0.jar:/Users/isaebom/opt/anaconda3/envs/cna/lib/python3.8/site-packages/konlpy/java/twitter-text-1.14.7.jar:/Users/isaebom/opt/anaconda3/envs/cna/lib/python3.8/site-packages/konlpy/java/*
Launcher Type: generic

[Global flags]
     intx CICompilerCount                          = 4                                         {product} {ergonomic}
     uint ConcGCThreads                            = 2                                         {product} {ergonomic}
     uint G1ConcRefinementThreads                  = 9                                         {product} {ergonomic}
   size_t G1HeapRegionSize                         = 1048576                                   {product} {ergonomic}
    uintx GCDrainStackTargetSize                   = 64                                        {product} {ergonomic}
   size_t InitialHeapSize                          = 268435456                                 {product} {ergonomic}
   size_t MarkStackSize                            = 4194304                                   {product} {ergonomic}
   size_t MaxHeapSize                              = 1073741824                                {product} {command line}
   size_t MaxNewSize                               = 643825664                                 {product} {ergonomic}
   size_t MinHeapDeltaBytes                        = 1048576                                   {product} {ergonomic}
   size_t MinHeapSize                              = 8388608                                   {product} {ergonomic}
    uintx NonNMethodCodeHeapSize                   = 5839372                                {pd product} {ergonomic}
    uintx NonProfiledCodeHeapSize                  = 122909434                              {pd product} {ergonomic}
    uintx ProfiledCodeHeapSize                     = 122909434                              {pd product} {ergonomic}
    uintx ReservedCodeCacheSize                    = 251658240                              {pd product} {ergonomic}
     bool SegmentedCodeCache                       = true                                      {product} {ergonomic}
   size_t SoftMaxHeapSize                          = 1073741824                             {manageable} {ergonomic}
     bool UseCompressedClassPointers               = true                                 {lp64_product} {ergonomic}
     bool UseCompressedOops                        = true                                 {lp64_product} {ergonomic}
     bool UseG1GC                                  = true                                      {product} {ergonomic}

Logging:
Log output configuration:
 #0: 
[error occurred during error reporting (printing log configuration), id 0xb, SIGSEGV (0xb) at pc=0x0000000177e2ccfd]

Environment Variables:
PATH=/Users/isaebom/opt/anaconda3/envs/cna/bin:/Users/isaebom/miniforge3/condabin:/opt/homebrew/bin:/opt/local/bin:/opt/local/sbin:/usr/local/bin:/usr/bin:/bin:/usr/sbin:/sbin:/opt/X11/bin:/Library/Apple/usr/bin
SHELL=/bin/zsh
DISPLAY=/private/tmp/com.apple.launchd.P1nkeuCHuo/org.xquartz:0

Signal Handlers:
SIGSEGV: [libjvm.dylib+0x7a76b0], sa_mask[0]=11111111111111111111111111111111, sa_flags=SA_ONSTACK|SA_RESTART|SA_SIGINFO
SIGBUS: [libjvm.dylib+0x7a76b0], sa_mask[0]=11111111111111111111111111111111, sa_flags=SA_RESTART|SA_SIGINFO
SIGFPE: [libjvm.dylib+0x7a76b0], sa_mask[0]=11111111111111111111111111111111, sa_flags=SA_RESTART|SA_SIGINFO
SIGPIPE: [libjvm.dylib+0x5f917f], sa_mask[0]=11111111111111111111111111111111, sa_flags=SA_RESTART|SA_SIGINFO
SIGXFSZ: [libjvm.dylib+0x5f917f], sa_mask[0]=11111111111111111111111111111111, sa_flags=SA_RESTART|SA_SIGINFO
SIGILL: [libjvm.dylib+0x7a76b0], sa_mask[0]=11111111111111111111111111111111, sa_flags=SA_RESTART|SA_SIGINFO
SIGUSR2: [libjvm.dylib+0x5f974f], sa_mask[0]=00100000000000000000000000000000, sa_flags=SA_RESTART|SA_SIGINFO
SIGHUP: [libjvm.dylib+0x5f87af], sa_mask[0]=11111111111111111111111111111111, sa_flags=SA_RESTART|SA_SIGINFO
SIGINT: [libjvm.dylib+0x5f87af], sa_mask[0]=11111111111111111111111111111111, sa_flags=SA_RESTART|SA_SIGINFO
SIGTERM: [libjvm.dylib+0x5f87af], sa_mask[0]=11111111111111111111111111111111, sa_flags=SA_RESTART|SA_SIGINFO
SIGQUIT: [libjvm.dylib+0x5f87af], sa_mask[0]=11111111111111111111111111111111, sa_flags=SA_RESTART|SA_SIGINFO


---------------  S Y S T E M  ---------------

OS:uname:Darwin 21.4.0 Darwin Kernel Version 21.4.0: Fri Mar 18 00:46:32 PDT 2022; root:xnu-8020.101.4~15/RELEASE_ARM64_T6000 x86_64
OS uptime: 7 days 0:18 hours
rlimit: STACK 8176k, CORE 0k, NPROC 2666, NOFILE 10240, AS infinity, DATA infinity, FSIZE infinity
load average:6.81 5.37 4.86

CPU:total 10 (initial active 10) (1 cores per cpu, 1 threads per core) family 6 model 44 stepping 0, cmov, cx8, fxsr, mmx, sse, sse2, sse3, ssse3, sse4.1, sse4.2, popcnt, aes, clmul, tsc, tscinvbit, tscinv

Memory: 4k page, physical 16777216k(104032k free), swap 2097152k(675584k free)

vm_info: OpenJDK 64-Bit Server VM (14.0.2+12) for bsd-amd64 JRE (14.0.2+12), built on Jul 15 2020 10:01:04 by "jenkins" with clang 4.2.1 Compatible Apple LLVM 10.0.1 (clang-1001.0.46.4)

END.
