#
# A fatal error has been detected by the Java Runtime Environment:
#
#  Internal Error (./open/src/hotspot/os_cpu/windows_x86/os_windows_x86.cpp:145), pid=8592, tid=7068
#  guarantee(result == EXCEPTION_CONTINUE_EXECUTION) failed: Unexpected result from topLevelExceptionFilter
#
# JRE version: OpenJDK Runtime Environment (15.0+36) (build 15+36-1562)
# Java VM: OpenJDK 64-Bit Server VM (15+36-1562, mixed mode, sharing, tiered, compressed oops, g1 gc, windows-amd64)
# No core dump will be written. Minidumps are not enabled by default on client versions of Windows
#
# If you would like to submit a bug report, please visit:
#   https://bugreport.java.com/bugreport/crash.jsp
# The crash happened outside the Java Virtual Machine in native code.
# See problematic frame for where to report the bug.
#

---------------  S U M M A R Y ------------

Command Line: -Dfile.encoding=UTF8 -ea -Xmx1024m 

Host: Intel(R) Core(TM) i7-1065G7 CPU @ 1.30GHz, 8 cores, 15G,  Windows 10 , 64 bit Build 19041 (10.0.19041.1566)
Time: Mon Mar 21 21:41:06 2022 대한민국 표준시 elapsed time: 106.102257 seconds (0d 0h 1m 46s)

---------------  T H R E A D  ---------------

Current thread (0x0000025a84999610):  JavaThread "Python Reference Queue" daemon [_thread_in_native, id=7068, stack(0x000000af801f0000,0x000000af803e0000)]

Stack: [0x000000af801f0000,0x000000af803e0000]
Native frames: (J=compiled Java code, j=interpreted, Vv=VM code, C=native code)
C  0x00007ffea33c9eaa
C  0x00007ffea3520379
C  0x00007ffea3521ad3
C  0x00007ffea35220e7
C  0x00007ffea2fb593c
C  0x00007ffea33c9b6c
C  [ntdll.dll+0xa20cf]
C  [ntdll.dll+0x51454]
C  [ntdll.dll+0xa0bfe]
C  0x00007ffea3d8735d
C  0x00007ffea3d87392
C  0x00007ffea3cb3884
C  0x00007ffea3cb6393
C  0x00007ffea3fc48f3
C  [python38.dll+0x7f529]  dict_dealloc+0x239  (dictobject.c:1986)
C  [python38.dll+0x80314]  subtype_dealloc+0x1a4  (typeobject.c:1273)
C  [python38.dll+0x7f488]  dict_dealloc+0x198  (dictobject.c:1994)
C  [python38.dll+0x42264]  subtype_clear+0xa8  (typeobject.c:1138)
C  [python38.dll+0x41ec0]  delete_garbage+0x50  (gcmodule.c:949)
C  [python38.dll+0x430c9]  collect+0x165  (gcmodule.c:1128)
C  [python38.dll+0xd6649]  collect_with_callback+0x45  (gcmodule.c:1241)
C  [python38.dll+0xd64ab]  PyGC_Collect+0x63  (gcmodule.c:1834)
C  0x00007ffea455bec0  Java_jpype_ref_JPypeReferenceQueue_wake+0x40  (jp_reference_queue.cpp:60)
C  0x0000025a8e59f177

Java frames: (J=compiled Java code, j=interpreted, Vv=VM code)
j  org.jpype.ref.JPypeReferenceQueue.wake(J)V+0
j  org.jpype.ref.JPypeReferenceQueue$Worker.run()V+49
j  java.lang.Thread.run()V+11 java.base@15
v  ~StubRoutines::call_stub

---------------  P R O C E S S  ---------------

Threads class SMR info:
_java_thread_list=0x0000025a82e75400, length=12, elements={
0x0000025a8499cb00, 0x0000025a8499cfd0, 0x0000025a8499b7c0, 0x0000025a8499d970,
0x0000025a8499d4a0, 0x0000025a8499f180, 0x0000025a84b02130, 0x0000025a84affdc0,
0x0000025a84b002d0, 0x0000025a8499c160, 0x0000025a8499fb20, 0x0000025a84999610
}

Java Threads: ( => current thread )
  0x0000025a8499cb00 JavaThread "main" [_thread_in_native, id=2464, stack(0x000000affbe00000,0x000000affbff0000)]
  0x0000025a8499cfd0 JavaThread "Reference Handler" daemon [_thread_blocked, id=13196, stack(0x000000affec80000,0x000000affee70000)]
  0x0000025a8499b7c0 JavaThread "Finalizer" daemon [_thread_blocked, id=6044, stack(0x000000affee70000,0x000000afff060000)]
  0x0000025a8499d970 JavaThread "Signal Dispatcher" daemon [_thread_blocked, id=4340, stack(0x000000afff060000,0x000000afff250000)]
  0x0000025a8499d4a0 JavaThread "Attach Listener" daemon [_thread_blocked, id=12824, stack(0x000000afff250000,0x000000afff440000)]
  0x0000025a8499f180 JavaThread "Service Thread" daemon [_thread_blocked, id=12332, stack(0x000000afff440000,0x000000afff630000)]
  0x0000025a84b02130 JavaThread "C2 CompilerThread0" daemon [_thread_blocked, id=4400, stack(0x000000afff630000,0x000000afff820000)]
  0x0000025a84affdc0 JavaThread "C1 CompilerThread0" daemon [_thread_blocked, id=8644, stack(0x000000afff820000,0x000000afffa10000)]
  0x0000025a84b002d0 JavaThread "Sweeper thread" daemon [_thread_blocked, id=13208, stack(0x000000afffa10000,0x000000afffc00000)]
  0x0000025a8499c160 JavaThread "Notification Thread" daemon [_thread_blocked, id=12636, stack(0x000000afffc00000,0x000000afffdf0000)]
  0x0000025a8499fb20 JavaThread "Common-Cleaner" daemon [_thread_blocked, id=8412, stack(0x000000af80000000,0x000000af801f0000)]
=>0x0000025a84999610 JavaThread "Python Reference Queue" daemon [_thread_in_native, id=7068, stack(0x000000af801f0000,0x000000af803e0000)]

Other Threads:
  0x0000025a84d8ecc0 VMThread "VM Thread" [stack: 0x000000affea90000,0x000000affec80000] [id=12836]
  0x0000025a84cee4a0 WatcherThread [stack: 0x000000afffdf0000,0x000000affffe0000] [id=8268]
  0x0000025a82f1e990 GCTaskThread "GC Thread#0" [stack: 0x000000affe0e0000,0x000000affe2d0000] [id=12496]
  0x0000025a84dacf90 GCTaskThread "GC Thread#1" [stack: 0x000000af803e0000,0x000000af805d0000] [id=8444]
  0x0000025a84dad2c0 GCTaskThread "GC Thread#2" [stack: 0x000000af805d0000,0x000000af807c0000] [id=6016]
  0x0000025a84dab940 GCTaskThread "GC Thread#3" [stack: 0x000000af807c0000,0x000000af809b0000] [id=6836]
  0x0000025a84dac600 GCTaskThread "GC Thread#4" [stack: 0x000000af809b0000,0x000000af80ba0000] [id=5632]
  0x0000025a84dadf80 GCTaskThread "GC Thread#5" [stack: 0x000000af80ba0000,0x000000af80d90000] [id=6040]
  0x0000025a82e60d90 ConcurrentGCThread "G1 Main Marker" [stack: 0x000000affe2d0000,0x000000affe4c0000] [id=12644]
  0x0000025a82f1e660 ConcurrentGCThread "G1 Conc#0" [stack: 0x000000affe4c0000,0x000000affe6b0000] [id=11332]
  0x0000025a84daa620 ConcurrentGCThread "G1 Conc#1" [stack: 0x000000af81170000,0x000000af81360000] [id=11668]
  0x0000025a84aea120 ConcurrentGCThread "G1 Refine#0" [stack: 0x000000affe6b0000,0x000000affe8a0000] [id=11128]
  0x0000025a84c6dbc0 ConcurrentGCThread "G1 Young RemSet Sampling" [stack: 0x000000affe8a0000,0x000000affea90000] [id=11924]

Threads with active compile tasks:

VM state: not at safepoint (normal execution)

VM Mutex/Monitor currently owned by a thread: None

Heap address: 0x00000000c0000000, size: 1024 MB, Compressed Oops mode: 32-bit
CDS archive(s) mapped at: [0x0000000800000000-0x0000000800b50000-0x0000000800b50000), size 11862016, SharedBaseAddress: 0x0000000800000000, ArchiveRelocationMode: 0.
Compressed class space mapped at: 0x0000000800b50000-0x0000000840b50000, size: 1073741824
Narrow klass base: 0x0000000800000000, Narrow klass shift: 3, Narrow klass range: 0x100000000

GC Precious Log:
 CPUs: 8 total, 8 available
 Memory: 16093M
 Large Page Support: Disabled
 NUMA Support: Disabled
 Compressed Oops: Enabled (32-bit)
 Heap Region Size: 1M
 Heap Min Capacity: 8M
 Heap Initial Capacity: 252M
 Heap Max Capacity: 1G
 Pre-touch: Disabled
 Parallel Workers: 8
 Concurrent Workers: 2
 Concurrent Refinement Workers: 8
 Periodic GC: Disabled

Heap:
 garbage-first heap   total 20480K, used 5486K [0x00000000c0000000, 0x0000000100000000)
  region size 1024K, 1 young (1024K), 0 survivors (0K)
 Metaspace       used 2465K, capacity 4850K, committed 5120K, reserved 1056768K
  class space    used 209K, capacity 436K, committed 512K, reserved 1048576K

Heap Regions: E=young(eden), S=young(survivor), O=old, HS=humongous(starts), HC=humongous(continues), CS=collection set, F=free, OA=open archive, CA=closed archive, TAMS=top-at-mark-start (previous, next)
|   0|0x00000000c0000000, 0x00000000c00fffa8, 0x00000000c0100000| 99%| O|  |TAMS 0x00000000c0000000, 0x00000000c0000000| Untracked 
|   1|0x00000000c0100000, 0x00000000c01fff98, 0x00000000c0200000| 99%| O|  |TAMS 0x00000000c0100000, 0x00000000c0100000| Untracked 
|   2|0x00000000c0200000, 0x00000000c02ffff8, 0x00000000c0300000| 99%| O|  |TAMS 0x00000000c0200000, 0x00000000c0200000| Untracked 
|   3|0x00000000c0300000, 0x00000000c03fffe8, 0x00000000c0400000| 99%| O|  |TAMS 0x00000000c0300000, 0x00000000c0300000| Untracked 
|   4|0x00000000c0400000, 0x00000000c04ffff8, 0x00000000c0500000| 99%| O|  |TAMS 0x00000000c0400000, 0x00000000c0400000| Untracked 
|   5|0x00000000c0500000, 0x00000000c055b938, 0x00000000c0600000| 35%| O|  |TAMS 0x00000000c0500000, 0x00000000c0500000| Untracked 
|   6|0x00000000c0600000, 0x00000000c0600000, 0x00000000c0700000|  0%| F|  |TAMS 0x00000000c0600000, 0x00000000c0600000| Untracked 
|   7|0x00000000c0700000, 0x00000000c0700000, 0x00000000c0800000|  0%| F|  |TAMS 0x00000000c0700000, 0x00000000c0700000| Untracked 
|   8|0x00000000c0800000, 0x00000000c0800000, 0x00000000c0900000|  0%| F|  |TAMS 0x00000000c0800000, 0x00000000c0800000| Untracked 
|   9|0x00000000c0900000, 0x00000000c0900000, 0x00000000c0a00000|  0%| F|  |TAMS 0x00000000c0900000, 0x00000000c0900000| Untracked 
|  10|0x00000000c0a00000, 0x00000000c0a00000, 0x00000000c0b00000|  0%| F|  |TAMS 0x00000000c0a00000, 0x00000000c0a00000| Untracked 
|  11|0x00000000c0b00000, 0x00000000c0b00000, 0x00000000c0c00000|  0%| F|  |TAMS 0x00000000c0b00000, 0x00000000c0b00000| Untracked 
|  12|0x00000000c0c00000, 0x00000000c0c00000, 0x00000000c0d00000|  0%| F|  |TAMS 0x00000000c0c00000, 0x00000000c0c00000| Untracked 
|  13|0x00000000c0d00000, 0x00000000c0d00000, 0x00000000c0e00000|  0%| F|  |TAMS 0x00000000c0d00000, 0x00000000c0d00000| Untracked 
|  14|0x00000000c0e00000, 0x00000000c0e00000, 0x00000000c0f00000|  0%| F|  |TAMS 0x00000000c0e00000, 0x00000000c0e00000| Untracked 
|  15|0x00000000c0f00000, 0x00000000c0f00000, 0x00000000c1000000|  0%| F|  |TAMS 0x00000000c0f00000, 0x00000000c0f00000| Untracked 
|  16|0x00000000c1000000, 0x00000000c1000000, 0x00000000c1100000|  0%| F|  |TAMS 0x00000000c1000000, 0x00000000c1000000| Untracked 
|  17|0x00000000c1100000, 0x00000000c1100000, 0x00000000c1200000|  0%| F|  |TAMS 0x00000000c1100000, 0x00000000c1100000| Untracked 
|  18|0x00000000c1200000, 0x00000000c1200000, 0x00000000c1300000|  0%| F|  |TAMS 0x00000000c1200000, 0x00000000c1200000| Untracked 
|  92|0x00000000c5c00000, 0x00000000c5c0efd0, 0x00000000c5d00000|  5%| E|  |TAMS 0x00000000c5c00000, 0x00000000c5c00000| Complete 

Card table byte_map: [0x0000025a9e210000,0x0000025a9e410000] _byte_map_base: 0x0000025a9dc10000

Marking Bits (Prev, Next): (CMBitMap*) 0x0000025a84d10a30, (CMBitMap*) 0x0000025a84d109f0
 Prev Bits: [0x0000025a9f610000, 0x0000025aa0610000)
 Next Bits: [0x0000025a9e610000, 0x0000025a9f610000)

Polling page: 0x0000025a8e570000

Metaspace:

Usage:
  Non-class:      4.31 MB capacity,     2.20 MB ( 51%) used,     2.11 MB ( 49%) free+waste,     1.94 KB ( <1%) overhead. 
      Class:    436.00 KB capacity,   209.36 KB ( 48%) used,   225.64 KB ( 52%) free+waste,     1.00 KB ( <1%) overhead. 
       Both:      4.74 MB capacity,     2.41 MB ( 51%) used,     2.33 MB ( 49%) free+waste,     2.94 KB ( <1%) overhead. 

Virtual space:
  Non-class space:        8.00 MB reserved,       4.50 MB ( 56%) committed 
      Class space:        1.00 GB reserved,     512.00 KB ( <1%) committed 
             Both:        1.01 GB reserved,       5.00 MB ( <1%) committed 

Chunk freelists:
   Non-Class:  2.00 KB
       Class:  12.00 KB
        Both:  14.00 KB

MaxMetaspaceSize: 17179869184.00 GB
CompressedClassSpaceSize: 1.00 GB

CodeHeap 'non-profiled nmethods': size=120000Kb used=437Kb max_used=437Kb free=119562Kb
 bounds [0x0000025a96060000, 0x0000025a962d0000, 0x0000025a9d590000]
CodeHeap 'profiled nmethods': size=120000Kb used=1364Kb max_used=1364Kb free=118635Kb
 bounds [0x0000025a8eb30000, 0x0000025a8eda0000, 0x0000025a96060000]
CodeHeap 'non-nmethods': size=5760Kb used=1144Kb max_used=1192Kb free=4615Kb
 bounds [0x0000025a8e590000, 0x0000025a8e800000, 0x0000025a8eb30000]
 total_blobs=1248 nmethods=866 adapters=295
 compilation: enabled
              stopped_count=0, restarted_count=0
 full_count=0

Compilation events (20 events):
Event: 0.999 Thread 0x0000025a84affdc0 nmethod 861 0x0000025a960b7c90 code [0x0000025a960b7e20, 0x0000025a960b7ed8]
Event: 1.001 Thread 0x0000025a84b02b50 nmethod 673 0x0000025a960b7f90 code [0x0000025a960b8120, 0x0000025a960b85d8]
Event: 1.001 Thread 0x0000025a84b02b50  827       4       jdk.internal.jimage.ImageReader$Resource::create (17 bytes)
Event: 1.001 Thread 0x0000025a84b02130 nmethod 777 0x0000025a960b8a10 code [0x0000025a960b8d00, 0x0000025a960bc1f0]
Event: 1.001 Thread 0x0000025a84b02130  766       4       jdk.internal.jimage.ImageStringsReader::get (9 bytes)
Event: 1.002 Thread 0x0000025a84b02130 nmethod 766 0x0000025a960bdc10 code [0x0000025a960bdda0, 0x0000025a960bde48]
Event: 1.002 Thread 0x0000025a84b02130  752       4       java.util.Spliterators$1Adapter::accept (11 bytes)
Event: 1.003 Thread 0x0000025a84b02130 nmethod 752 0x0000025a960bdf10 code [0x0000025a960be080, 0x0000025a960be198]
Event: 1.003 Thread 0x0000025a84b02130  837       4       java.nio.DirectIntBufferU::ix (10 bytes)
Event: 1.003 Thread 0x0000025a84b02130 nmethod 837 0x0000025a960be210 code [0x0000025a960be380, 0x0000025a960be3f8]
Event: 1.003 Thread 0x0000025a84b02130  743       4       java.nio.ByteOrder::nativeOrder (4 bytes)
Event: 1.004 Thread 0x0000025a84b02130 nmethod 743 0x0000025a960be510 code [0x0000025a960be680, 0x0000025a960be6d8]
Event: 1.008 Thread 0x0000025a84b02b50 nmethod 827 0x0000025a960be810 code [0x0000025a960be9e0, 0x0000025a960bf508]
Event: 1.179 Thread 0x0000025a84b02640 nmethod 804 0x0000025a960bfa90 code [0x0000025a960bffe0, 0x0000025a960c87e8]
Event: 21.736 Thread 0x0000025a84affdc0  863       3       java.lang.ref.ReferenceQueue::reallyPoll (65 bytes)
Event: 21.737 Thread 0x0000025a84affdc0 nmethod 863 0x0000025a8ec83d10 code [0x0000025a8ec83ee0, 0x0000025a8ec843f8]
Event: 29.715 Thread 0x0000025a84affdc0  864       1       org.jpype.ref.JPypeReferenceQueue::access$100 (5 bytes)
Event: 29.715 Thread 0x0000025a84affdc0 nmethod 864 0x0000025a960ccf90 code [0x0000025a960cd120, 0x0000025a960cd1b8]
Event: 55.321 Thread 0x0000025a84affdc0  865   !   3       java.lang.ref.ReferenceQueue::remove (125 bytes)
Event: 55.323 Thread 0x0000025a84affdc0 nmethod 865 0x0000025a8ec84510 code [0x0000025a8ec84720, 0x0000025a8ec84e78]

GC Heap History (20 events):
Event: 18.370 GC heap before
{Heap before GC invocations=32 (full 23):
 garbage-first heap   total 20480K, used 5486K [0x00000000c0000000, 0x0000000100000000)
  region size 1024K, 1 young (1024K), 0 survivors (0K)
 Metaspace       used 2463K, capacity 4850K, committed 5120K, reserved 1056768K
  class space    used 209K, capacity 436K, committed 512K, reserved 1048576K
}
Event: 18.376 GC heap after
{Heap after GC invocations=33 (full 24):
 garbage-first heap   total 20480K, used 5486K [0x00000000c0000000, 0x0000000100000000)
  region size 1024K, 0 young (0K), 0 survivors (0K)
 Metaspace       used 2463K, capacity 4850K, committed 5120K, reserved 1056768K
  class space    used 209K, capacity 436K, committed 512K, reserved 1048576K
}
Event: 18.867 GC heap before
{Heap before GC invocations=33 (full 24):
 garbage-first heap   total 20480K, used 5486K [0x00000000c0000000, 0x0000000100000000)
  region size 1024K, 1 young (1024K), 0 survivors (0K)
 Metaspace       used 2463K, capacity 4850K, committed 5120K, reserved 1056768K
  class space    used 209K, capacity 436K, committed 512K, reserved 1048576K
}
Event: 18.873 GC heap after
{Heap after GC invocations=34 (full 25):
 garbage-first heap   total 20480K, used 5486K [0x00000000c0000000, 0x0000000100000000)
  region size 1024K, 0 young (0K), 0 survivors (0K)
 Metaspace       used 2463K, capacity 4850K, committed 5120K, reserved 1056768K
  class space    used 209K, capacity 436K, committed 512K, reserved 1048576K
}
Event: 18.982 GC heap before
{Heap before GC invocations=34 (full 25):
 garbage-first heap   total 20480K, used 5486K [0x00000000c0000000, 0x0000000100000000)
  region size 1024K, 1 young (1024K), 0 survivors (0K)
 Metaspace       used 2463K, capacity 4850K, committed 5120K, reserved 1056768K
  class space    used 209K, capacity 436K, committed 512K, reserved 1048576K
}
Event: 18.991 GC heap after
{Heap after GC invocations=35 (full 26):
 garbage-first heap   total 20480K, used 5486K [0x00000000c0000000, 0x0000000100000000)
  region size 1024K, 0 young (0K), 0 survivors (0K)
 Metaspace       used 2463K, capacity 4850K, committed 5120K, reserved 1056768K
  class space    used 209K, capacity 436K, committed 512K, reserved 1048576K
}
Event: 19.102 GC heap before
{Heap before GC invocations=35 (full 26):
 garbage-first heap   total 20480K, used 5486K [0x00000000c0000000, 0x0000000100000000)
  region size 1024K, 1 young (1024K), 0 survivors (0K)
 Metaspace       used 2463K, capacity 4850K, committed 5120K, reserved 1056768K
  class space    used 209K, capacity 436K, committed 512K, reserved 1048576K
}
Event: 19.108 GC heap after
{Heap after GC invocations=36 (full 27):
 garbage-first heap   total 20480K, used 5486K [0x00000000c0000000, 0x0000000100000000)
  region size 1024K, 0 young (0K), 0 survivors (0K)
 Metaspace       used 2463K, capacity 4850K, committed 5120K, reserved 1056768K
  class space    used 209K, capacity 436K, committed 512K, reserved 1048576K
}
Event: 21.480 GC heap before
{Heap before GC invocations=36 (full 27):
 garbage-first heap   total 20480K, used 5486K [0x00000000c0000000, 0x0000000100000000)
  region size 1024K, 1 young (1024K), 0 survivors (0K)
 Metaspace       used 2463K, capacity 4850K, committed 5120K, reserved 1056768K
  class space    used 209K, capacity 436K, committed 512K, reserved 1048576K
}
Event: 21.487 GC heap after
{Heap after GC invocations=37 (full 28):
 garbage-first heap   total 20480K, used 5486K [0x00000000c0000000, 0x0000000100000000)
  region size 1024K, 0 young (0K), 0 survivors (0K)
 Metaspace       used 2463K, capacity 4850K, committed 5120K, reserved 1056768K
  class space    used 209K, capacity 436K, committed 512K, reserved 1048576K
}
Event: 21.584 GC heap before
{Heap before GC invocations=37 (full 28):
 garbage-first heap   total 20480K, used 5486K [0x00000000c0000000, 0x0000000100000000)
  region size 1024K, 1 young (1024K), 0 survivors (0K)
 Metaspace       used 2463K, capacity 4850K, committed 5120K, reserved 1056768K
  class space    used 209K, capacity 436K, committed 512K, reserved 1048576K
}
Event: 21.593 GC heap after
{Heap after GC invocations=38 (full 29):
 garbage-first heap   total 20480K, used 5486K [0x00000000c0000000, 0x0000000100000000)
  region size 1024K, 0 young (0K), 0 survivors (0K)
 Metaspace       used 2463K, capacity 4850K, committed 5120K, reserved 1056768K
  class space    used 209K, capacity 436K, committed 512K, reserved 1048576K
}
Event: 21.678 GC heap before
{Heap before GC invocations=38 (full 29):
 garbage-first heap   total 20480K, used 5486K [0x00000000c0000000, 0x0000000100000000)
  region size 1024K, 1 young (1024K), 0 survivors (0K)
 Metaspace       used 2463K, capacity 4850K, committed 5120K, reserved 1056768K
  class space    used 209K, capacity 436K, committed 512K, reserved 1048576K
}
Event: 21.684 GC heap after
{Heap after GC invocations=39 (full 30):
 garbage-first heap   total 20480K, used 5486K [0x00000000c0000000, 0x0000000100000000)
  region size 1024K, 0 young (0K), 0 survivors (0K)
 Metaspace       used 2463K, capacity 4850K, committed 5120K, reserved 1056768K
  class space    used 209K, capacity 436K, committed 512K, reserved 1048576K
}
Event: 103.388 GC heap before
{Heap before GC invocations=39 (full 30):
 garbage-first heap   total 20480K, used 5486K [0x00000000c0000000, 0x0000000100000000)
  region size 1024K, 1 young (1024K), 0 survivors (0K)
 Metaspace       used 2465K, capacity 4850K, committed 5120K, reserved 1056768K
  class space    used 209K, capacity 436K, committed 512K, reserved 1048576K
}
Event: 103.400 GC heap after
{Heap after GC invocations=40 (full 31):
 garbage-first heap   total 20480K, used 5486K [0x00000000c0000000, 0x0000000100000000)
  region size 1024K, 0 young (0K), 0 survivors (0K)
 Metaspace       used 2465K, capacity 4850K, committed 5120K, reserved 1056768K
  class space    used 209K, capacity 436K, committed 512K, reserved 1048576K
}
Event: 103.579 GC heap before
{Heap before GC invocations=40 (full 31):
 garbage-first heap   total 20480K, used 5486K [0x00000000c0000000, 0x0000000100000000)
  region size 1024K, 1 young (1024K), 0 survivors (0K)
 Metaspace       used 2465K, capacity 4850K, committed 5120K, reserved 1056768K
  class space    used 209K, capacity 436K, committed 512K, reserved 1048576K
}
Event: 103.591 GC heap after
{Heap after GC invocations=41 (full 32):
 garbage-first heap   total 20480K, used 5486K [0x00000000c0000000, 0x0000000100000000)
  region size 1024K, 0 young (0K), 0 survivors (0K)
 Metaspace       used 2465K, capacity 4850K, committed 5120K, reserved 1056768K
  class space    used 209K, capacity 436K, committed 512K, reserved 1048576K
}
Event: 104.581 GC heap before
{Heap before GC invocations=41 (full 32):
 garbage-first heap   total 20480K, used 5486K [0x00000000c0000000, 0x0000000100000000)
  region size 1024K, 1 young (1024K), 0 survivors (0K)
 Metaspace       used 2465K, capacity 4850K, committed 5120K, reserved 1056768K
  class space    used 209K, capacity 436K, committed 512K, reserved 1048576K
}
Event: 104.593 GC heap after
{Heap after GC invocations=42 (full 33):
 garbage-first heap   total 20480K, used 5486K [0x00000000c0000000, 0x0000000100000000)
  region size 1024K, 0 young (0K), 0 survivors (0K)
 Metaspace       used 2465K, capacity 4850K, committed 5120K, reserved 1056768K
  class space    used 209K, capacity 436K, committed 512K, reserved 1048576K
}

Deoptimization events (20 events):
Event: 0.906 Thread 0x0000025a8499cb00 Uncommon trap: trap_request=0xffffffbe fr.pc=0x0000025a9609f790 relative=0x00000000000007d0
Event: 0.906 Thread 0x0000025a8499cb00 Uncommon trap: reason=profile_predicate action=maybe_recompile pc=0x0000025a9609f790 method=jdk.internal.jimage.ImageStringsReader.charsFromByteBuffer([CLjava/nio/ByteBuffer;)V @ 6 c2
Event: 0.906 Thread 0x0000025a8499cb00 DEOPT PACKING pc=0x0000025a9609f790 sp=0x000000affbfecda0
Event: 0.906 Thread 0x0000025a8499cb00 DEOPT UNPACKING pc=0x0000025a8e59852f sp=0x000000affbfecce8 mode 2
Event: 0.906 Thread 0x0000025a8499cb00 Uncommon trap: trap_request=0xffffffbe fr.pc=0x0000025a9609f790 relative=0x00000000000007d0
Event: 0.906 Thread 0x0000025a8499cb00 Uncommon trap: reason=profile_predicate action=maybe_recompile pc=0x0000025a9609f790 method=jdk.internal.jimage.ImageStringsReader.charsFromByteBuffer([CLjava/nio/ByteBuffer;)V @ 6 c2
Event: 0.906 Thread 0x0000025a8499cb00 DEOPT PACKING pc=0x0000025a9609f790 sp=0x000000affbfecda0
Event: 0.906 Thread 0x0000025a8499cb00 DEOPT UNPACKING pc=0x0000025a8e59852f sp=0x000000affbfecce8 mode 2
Event: 0.914 Thread 0x0000025a8499cb00 Uncommon trap: trap_request=0xffffffbe fr.pc=0x0000025a960a1b68 relative=0x0000000000000908
Event: 0.914 Thread 0x0000025a8499cb00 Uncommon trap: reason=profile_predicate action=maybe_recompile pc=0x0000025a960a1b68 method=jdk.internal.jimage.ImageStringsReader.charsFromByteBuffer([CLjava/nio/ByteBuffer;)V @ 6 c2
Event: 0.914 Thread 0x0000025a8499cb00 DEOPT PACKING pc=0x0000025a960a1b68 sp=0x000000affbfece00
Event: 0.914 Thread 0x0000025a8499cb00 DEOPT UNPACKING pc=0x0000025a8e59852f sp=0x000000affbfeccd8 mode 2
Event: 0.981 Thread 0x0000025a8499cb00 Uncommon trap: trap_request=0xffffffbe fr.pc=0x0000025a9609e4fc relative=0x00000000000003dc
Event: 0.981 Thread 0x0000025a8499cb00 Uncommon trap: reason=profile_predicate action=maybe_recompile pc=0x0000025a9609e4fc method=java.lang.StringLatin1.indexOf([BI[BII)I @ 18 c2
Event: 0.981 Thread 0x0000025a8499cb00 DEOPT PACKING pc=0x0000025a9609e4fc sp=0x000000affbfee070
Event: 0.981 Thread 0x0000025a8499cb00 DEOPT UNPACKING pc=0x0000025a8e59852f sp=0x000000affbfedfd0 mode 2
Event: 0.995 Thread 0x0000025a8499cb00 Uncommon trap: trap_request=0xffffff45 fr.pc=0x0000025a960acb70 relative=0x0000000000000070
Event: 0.995 Thread 0x0000025a8499cb00 Uncommon trap: reason=unstable_if action=reinterpret pc=0x0000025a960acb70 method=jdk.internal.misc.Unsafe.convEndian(ZI)I @ 4 c2
Event: 0.995 Thread 0x0000025a8499cb00 DEOPT PACKING pc=0x0000025a960acb70 sp=0x000000affbfee220
Event: 0.995 Thread 0x0000025a8499cb00 DEOPT UNPACKING pc=0x0000025a8e59852f sp=0x000000affbfee150 mode 2

Classes unloaded (0 events):
No events

Classes redefined (0 events):
No events

Internal exceptions (7 events):
Event: 0.164 Thread 0x0000025a8499cb00 Exception <a 'java/io/IOException'{0x00000000cfb96f58}: Bad pathname> (0x00000000cfb96f58) 
thrown [./open/src/hotspot/share/prims/jni.cpp, line 599]
Event: 0.168 Thread 0x0000025a8499cb00 Exception <a 'java/io/IOException'{0x00000000cfb9a6c8}: Bad pathname> (0x00000000cfb9a6c8) 
thrown [./open/src/hotspot/share/prims/jni.cpp, line 599]
Event: 0.695 Thread 0x0000025a8499cb00 Exception <a 'java/lang/NoSuchMethodError'{0x00000000cf9f40c0}: 'java.lang.Object java.lang.invoke.DirectMethodHandle$Holder.invokeInterface(java.lang.Object, java.lang.Object)'> (0x00000000cf9f40c0) 
thrown [./open/src/hotspot/share/interpreter/linkResolver.cpp, line 782]
Event: 0.696 Thread 0x0000025a8499cb00 Exception <a 'java/lang/IncompatibleClassChangeError'{0x00000000cf9f7a38}: Found class java.lang.Object, but interface was expected> (0x00000000cf9f7a38) 
thrown [./open/src/hotspot/share/interpreter/linkResolver.cpp, line 848]
Event: 0.828 Thread 0x0000025a8499cb00 Exception <a 'java/lang/NoSuchMethodError'{0x00000000c0ea8ab0}: 'void java.lang.invoke.DirectMethodHandle$Holder.invokeSpecial(java.lang.Object, java.lang.Object, java.lang.Object)'> (0x00000000c0ea8ab0) 
thrown [./open/src/hotspot/share/interpreter/linkResolver.cpp, line 782]
Event: 0.842 Thread 0x0000025a8499cb00 Exception <a 'java/lang/NoSuchMethodError'{0x00000000c0ec2550}: 'java.lang.Object java.lang.invoke.DirectMethodHandle$Holder.invokeStatic(java.lang.Object)'> (0x00000000c0ec2550) 
thrown [./open/src/hotspot/share/interpreter/linkResolver.cpp, line 782]
Event: 0.848 Thread 0x0000025a8499cb00 Exception <a 'java/lang/NoSuchMethodError'{0x00000000c0ecd060}: 'java.lang.Object java.lang.invoke.DirectMethodHandle$Holder.invokeStaticInit(java.lang.Object)'> (0x00000000c0ecd060) 
thrown [./open/src/hotspot/share/interpreter/linkResolver.cpp, line 782]

Events (20 events):
Event: 18.370 Executing VM operation: G1CollectFull
Event: 18.376 Executing VM operation: G1CollectFull done
Event: 18.867 Executing VM operation: G1CollectFull
Event: 18.873 Executing VM operation: G1CollectFull done
Event: 18.982 Executing VM operation: G1CollectFull
Event: 18.991 Executing VM operation: G1CollectFull done
Event: 19.102 Executing VM operation: G1CollectFull
Event: 19.108 Executing VM operation: G1CollectFull done
Event: 21.480 Executing VM operation: G1CollectFull
Event: 21.487 Executing VM operation: G1CollectFull done
Event: 21.583 Executing VM operation: G1CollectFull
Event: 21.593 Executing VM operation: G1CollectFull done
Event: 21.677 Executing VM operation: G1CollectFull
Event: 21.684 Executing VM operation: G1CollectFull done
Event: 103.388 Executing VM operation: G1CollectFull
Event: 103.400 Executing VM operation: G1CollectFull done
Event: 103.579 Executing VM operation: G1CollectFull
Event: 103.591 Executing VM operation: G1CollectFull done
Event: 104.581 Executing VM operation: G1CollectFull
Event: 104.593 Executing VM operation: G1CollectFull done


Dynamic libraries:
0x00007ff68e340000 - 0x00007ff68e35c000 	C:\anaconda3\envs\kochat_proj\python.exe
0x00007fff13970000 - 0x00007fff13b65000 	C:\WINDOWS\SYSTEM32\ntdll.dll
0x00007fff13450000 - 0x00007fff1350e000 	C:\WINDOWS\System32\KERNEL32.DLL
0x00007fff11500000 - 0x00007fff117c8000 	C:\WINDOWS\System32\KERNELBASE.dll
0x00007fff11400000 - 0x00007fff11500000 	C:\WINDOWS\System32\ucrtbase.dll
0x00007fff08100000 - 0x00007fff08119000 	C:\anaconda3\envs\kochat_proj\VCRUNTIME140.dll
0x00007ffeb5d90000 - 0x00007ffeb61bd000 	C:\anaconda3\envs\kochat_proj\python38.dll
0x00007fff12850000 - 0x00007fff128a5000 	C:\WINDOWS\System32\SHLWAPI.dll
0x00007fff12540000 - 0x00007fff125de000 	C:\WINDOWS\System32\msvcrt.dll
0x00007fff08120000 - 0x00007fff0812a000 	C:\WINDOWS\SYSTEM32\VERSION.dll
0x00007fff13220000 - 0x00007fff1328b000 	C:\WINDOWS\System32\WS2_32.dll
0x00007fff13290000 - 0x00007fff133b5000 	C:\WINDOWS\System32\RPCRT4.dll
0x00007fff129f0000 - 0x00007fff12a9e000 	C:\WINDOWS\System32\ADVAPI32.dll
0x00007fff119e0000 - 0x00007fff11a7c000 	C:\WINDOWS\System32\sechost.dll
0x00007fff109d0000 - 0x00007fff109e8000 	C:\WINDOWS\SYSTEM32\CRYPTSP.dll
0x00007fff100d0000 - 0x00007fff10104000 	C:\WINDOWS\system32\rsaenh.dll
0x00007fff119a0000 - 0x00007fff119c7000 	C:\WINDOWS\System32\bcrypt.dll
0x00007fff109f0000 - 0x00007fff109fc000 	C:\WINDOWS\SYSTEM32\CRYPTBASE.dll
0x00007fff11140000 - 0x00007fff111c2000 	C:\WINDOWS\System32\bcryptPrimitives.dll
0x00007fff0c020000 - 0x00007fff0c028000 	C:\anaconda3\envs\kochat_proj\lib\site-packages\markupsafe\_speedups.cp38-win_amd64.pyd
0x00007ffed8ea0000 - 0x00007ffed8eb7000 	C:\anaconda3\envs\kochat_proj\DLLs\_bz2.pyd
0x00007ffeb78d0000 - 0x00007ffeb7910000 	C:\anaconda3\envs\kochat_proj\DLLs\_lzma.pyd
0x00007ffef4040000 - 0x00007ffef404d000 	C:\anaconda3\envs\kochat_proj\DLLs\_hashlib.pyd
0x00007ffeb5a40000 - 0x00007ffeb5d8c000 	C:\anaconda3\envs\kochat_proj\Library\bin\libcrypto-1_1-x64.dll
0x00007fff13630000 - 0x00007fff137d0000 	C:\WINDOWS\System32\USER32.dll
0x00007fff113d0000 - 0x00007fff113f2000 	C:\WINDOWS\System32\win32u.dll
0x00007fff13900000 - 0x00007fff1392b000 	C:\WINDOWS\System32\GDI32.dll
0x00007fff117d0000 - 0x00007fff118db000 	C:\WINDOWS\System32\gdi32full.dll
0x00007fff111d0000 - 0x00007fff1126d000 	C:\WINDOWS\System32\msvcp_win.dll
0x00007fff12aa0000 - 0x00007fff12ad0000 	C:\WINDOWS\System32\IMM32.DLL
0x00007ffeb7880000 - 0x00007ffeb78c3000 	C:\anaconda3\envs\kochat_proj\DLLs\_decimal.pyd
0x00007ffeb7770000 - 0x00007ffeb787e000 	C:\anaconda3\envs\kochat_proj\DLLs\unicodedata.pyd
0x00007ffeb7750000 - 0x00007ffeb7766000 	C:\anaconda3\envs\kochat_proj\DLLs\_socket.pyd
0x00007fff104b0000 - 0x00007fff104eb000 	C:\WINDOWS\SYSTEM32\IPHLPAPI.DLL
0x00007ffeb7740000 - 0x00007ffeb7749000 	C:\anaconda3\envs\kochat_proj\DLLs\select.pyd
0x00007ffeb7720000 - 0x00007ffeb773e000 	C:\anaconda3\envs\kochat_proj\DLLs\_ssl.pyd
0x00007fff11270000 - 0x00007fff113c6000 	C:\WINDOWS\System32\CRYPT32.dll
0x00007ffeb7670000 - 0x00007ffeb771c000 	C:\anaconda3\envs\kochat_proj\Library\bin\libssl-1_1-x64.dll
0x00007ffeb7650000 - 0x00007ffeb7670000 	C:\anaconda3\envs\kochat_proj\DLLs\_ctypes.pyd
0x00007fff126f0000 - 0x00007fff1281a000 	C:\WINDOWS\System32\ole32.dll
0x00007fff11a80000 - 0x00007fff11dd4000 	C:\WINDOWS\System32\combase.dll
0x00007fff13830000 - 0x00007fff138fd000 	C:\WINDOWS\System32\OLEAUT32.dll
0x00007ffeb7640000 - 0x00007ffeb764b000 	C:\anaconda3\envs\kochat_proj\DLLs\libffi-7.dll
0x00007fff12ad0000 - 0x00007fff13214000 	C:\WINDOWS\System32\shell32.DLL
0x00007ffeb75a0000 - 0x00007ffeb7631000 	C:\anaconda3\envs\kochat_proj\msvcp140.dll
0x00007ffeb7590000 - 0x00007ffeb759c000 	C:\anaconda3\envs\kochat_proj\VCRUNTIME140_1.dll
0x00007ffeb6950000 - 0x00007ffeb6997000 	C:\anaconda3\envs\kochat_proj\lib\site-packages\torch\lib\asmjit.dll
0x00007ffeb68e0000 - 0x00007ffeb694a000 	C:\anaconda3\envs\kochat_proj\lib\site-packages\torch\lib\c10.dll
0x00007fff0f610000 - 0x00007fff0f7f4000 	C:\WINDOWS\SYSTEM32\dbghelp.dll
0x00007ffeb5680000 - 0x00007ffeb5a39000 	C:\anaconda3\envs\kochat_proj\lib\site-packages\torch\lib\fbgemm.dll
0x00007ffeb6450000 - 0x00007ffeb665d000 	C:\anaconda3\envs\kochat_proj\lib\site-packages\torch\lib\libiomp5md.dll
0x00007ffeb7420000 - 0x00007ffeb742d000 	C:\anaconda3\envs\kochat_proj\lib\site-packages\torch\lib\libiompstubs5md.dll
0x00007ffeb68d0000 - 0x00007ffeb68d9000 	C:\anaconda3\envs\kochat_proj\lib\site-packages\torch\lib\shm.dll
0x00007ffea84b0000 - 0x00007ffeb5673000 	C:\anaconda3\envs\kochat_proj\lib\site-packages\torch\lib\torch_cpu.dll
0x00007ffea81f0000 - 0x00007ffea84ad000 	C:\anaconda3\envs\kochat_proj\lib\site-packages\torch\lib\uv.dll
0x00007fff119d0000 - 0x00007fff119d8000 	C:\WINDOWS\System32\PSAPI.DLL
0x00007fff10f50000 - 0x00007fff10f7e000 	C:\WINDOWS\SYSTEM32\USERENV.dll
0x00007ffef3ee0000 - 0x00007ffef3ee7000 	C:\anaconda3\envs\kochat_proj\lib\site-packages\torch\lib\torch.dll
0x00007ffec3360000 - 0x00007ffec3367000 	C:\anaconda3\envs\kochat_proj\lib\site-packages\torch\lib\torch_global_deps.dll
0x00007ffea7730000 - 0x00007ffea81e6000 	C:\anaconda3\envs\kochat_proj\lib\site-packages\torch\lib\torch_python.dll
0x00007ffec3350000 - 0x00007ffec3357000 	C:\anaconda3\envs\kochat_proj\lib\site-packages\torch\_C.cp38-win_amd64.pyd
0x0000000065fc0000 - 0x0000000067e66000 	C:\anaconda3\envs\kochat_proj\lib\site-packages\numpy\.libs\libopenblas.EL2C6PLE4ZYW3ECEVIV3OXXGRN2NRFM2.gfortran-win_amd64.dll
0x00007ffea7420000 - 0x00007ffea7728000 	C:\anaconda3\envs\kochat_proj\lib\site-packages\numpy\core\_multiarray_umath.cp38-win_amd64.pyd
0x00007ffec3320000 - 0x00007ffec3342000 	C:\anaconda3\envs\kochat_proj\lib\site-packages\numpy\core\_multiarray_tests.cp38-win_amd64.pyd
0x00007ffeb7350000 - 0x00007ffeb737e000 	C:\anaconda3\envs\kochat_proj\lib\site-packages\numpy\linalg\_umath_linalg.cp38-win_amd64.pyd
0x00007ffec3300000 - 0x00007ffec3320000 	C:\anaconda3\envs\kochat_proj\lib\site-packages\numpy\fft\_pocketfft_internal.cp38-win_amd64.pyd
0x00007ffeb6830000 - 0x00007ffeb68c5000 	C:\anaconda3\envs\kochat_proj\lib\site-packages\numpy\random\mtrand.cp38-win_amd64.pyd
0x00007ffeb7320000 - 0x00007ffeb7349000 	C:\anaconda3\envs\kochat_proj\lib\site-packages\numpy\random\bit_generator.cp38-win_amd64.pyd
0x00007ffeb67f0000 - 0x00007ffeb6823000 	C:\anaconda3\envs\kochat_proj\lib\site-packages\numpy\random\_common.cp38-win_amd64.pyd
0x00007ffeb67a0000 - 0x00007ffeb67e2000 	C:\anaconda3\envs\kochat_proj\lib\site-packages\numpy\random\_bounded_integers.cp38-win_amd64.pyd
0x00007ffeb7300000 - 0x00007ffeb7318000 	C:\anaconda3\envs\kochat_proj\lib\site-packages\numpy\random\_mt19937.cp38-win_amd64.pyd
0x00007ffeb6780000 - 0x00007ffeb6797000 	C:\anaconda3\envs\kochat_proj\lib\site-packages\numpy\random\_philox.cp38-win_amd64.pyd
0x00007ffeb6760000 - 0x00007ffeb6779000 	C:\anaconda3\envs\kochat_proj\lib\site-packages\numpy\random\_pcg64.cp38-win_amd64.pyd
0x00007ffeb6430000 - 0x00007ffeb6442000 	C:\anaconda3\envs\kochat_proj\lib\site-packages\numpy\random\_sfc64.cp38-win_amd64.pyd
0x00007ffeb6380000 - 0x00007ffeb6430000 	C:\anaconda3\envs\kochat_proj\lib\site-packages\numpy\random\_generator.cp38-win_amd64.pyd
0x00007ffeb72f0000 - 0x00007ffeb72f9000 	C:\anaconda3\envs\kochat_proj\DLLs\_multiprocessing.pyd
0x00007ffeb6360000 - 0x00007ffeb6371000 	C:\anaconda3\envs\kochat_proj\DLLs\_asyncio.pyd
0x00007ffeb6750000 - 0x00007ffeb675d000 	C:\anaconda3\envs\kochat_proj\DLLs\_overlapped.pyd
0x00007fff107e0000 - 0x00007fff1084a000 	C:\WINDOWS\system32\mswsock.dll
0x00007ffeb6350000 - 0x00007ffeb6359000 	C:\anaconda3\envs\kochat_proj\DLLs\_queue.pyd
0x00007ffea73f0000 - 0x00007ffea7418000 	C:\anaconda3\envs\kochat_proj\lib\site-packages\sklearn\.libs\vcomp140.dll
0x00007ffeb6340000 - 0x00007ffeb634a000 	C:\anaconda3\envs\kochat_proj\lib\site-packages\sklearn\__check_build\_check_build.cp38-win_amd64.pyd
0x000000006af80000 - 0x000000006afa9000 	C:\anaconda3\envs\kochat_proj\lib\site-packages\scipy\.libs\libansari.54HGNEJBQIYZX5TZPCQGLNVIPFU6NWEX.gfortran-win_amd64.dll
0x00000000009a0000 - 0x0000000000a3e000 	C:\anaconda3\envs\kochat_proj\lib\site-packages\scipy\.libs\libbanded5x.ABYHDVQF7COXVK3TNFLCFIE3ZJ55VK3U.gfortran-win_amd64.dll
0x0000000062a80000 - 0x000000006482b000 	C:\anaconda3\envs\kochat_proj\lib\site-packages\scipy\.libs\libopenblas.XWYDX2IKJW2NMTWSFYNGFUWKQU3LYTCZ.gfortran-win_amd64.dll
0x000000006a7c0000 - 0x000000006a97b000 	C:\anaconda3\envs\kochat_proj\lib\site-packages\scipy\.libs\libbispeu.HPSBTY5F6WJ6KJ2NXCAHI76UA2TMTBUN.gfortran-win_amd64.dll
0x0000000000a40000 - 0x0000000000adb000 	C:\anaconda3\envs\kochat_proj\lib\site-packages\scipy\.libs\libblkdta00.WVSTB7IKZB6HIBJBRTLONTDDLX45W3KN.gfortran-win_amd64.dll
0x0000000071080000 - 0x00000000710cf000 	C:\anaconda3\envs\kochat_proj\lib\site-packages\scipy\.libs\libchkder.CIYBJUMHB77HZDWZ7O7OQB7IFLU42V62.gfortran-win_amd64.dll
0x000000006edc0000 - 0x000000006ee5c000 	C:\anaconda3\envs\kochat_proj\lib\site-packages\scipy\.libs\libcobyla2.2BWZ2MDM35NG3J3FO4MPMLJ2Z6EZ6EOI.gfortran-win_amd64.dll
0x000000006a1c0000 - 0x000000006a1dd000 	C:\anaconda3\envs\kochat_proj\lib\site-packages\scipy\.libs\libdcsrch.TWU2WQ2D2VRC5ZBASJTN75WEVOQEH4AA.gfortran-win_amd64.dll
0x000000006dcc0000 - 0x000000006dcdf000 	C:\anaconda3\envs\kochat_proj\lib\site-packages\scipy\.libs\libdet.LTWBOQRSX32MNDCVUWNOI5E435HRU6YP.gfortran-win_amd64.dll
0x00000000624c0000 - 0x0000000062645000 	C:\anaconda3\envs\kochat_proj\lib\site-packages\scipy\.libs\libdfft.FFXWMOQPKZXKAXKUFMVGLDO62AO7VPGS.gfortran-win_amd64.dll
0x000000006ab40000 - 0x000000006acfb000 	C:\anaconda3\envs\kochat_proj\lib\site-packages\scipy\.libs\libdfitpack.YXWNLD73YBGP5FO245APK6CUWEW5I2TK.gfortran-win_amd64.dll
0x000000006fe00000 - 0x0000000070071000 	C:\anaconda3\envs\kochat_proj\lib\site-packages\scipy\.libs\libdgamln.KENFY5NPMIE5SVC67G4NF6ARA7J2ONEV.gfortran-win_amd64.dll
0x0000000000ae0000 - 0x0000000000b99000 	C:\anaconda3\envs\kochat_proj\lib\site-packages\scipy\.libs\libdqag.KFXYQPE7TNPTKVZEOFZD5XRLKOIHA7RT.gfortran-win_amd64.dll
0x0000000000ba0000 - 0x0000000000cca000 	C:\anaconda3\envs\kochat_proj\lib\site-packages\scipy\.libs\libd_odr.BHE5JALHSZ6DIEWQMWW6K6S6SSQJUFW2.gfortran-win_amd64.dll
0x00000000707c0000 - 0x000000007081c000 	C:\anaconda3\envs\kochat_proj\lib\site-packages\scipy\.libs\libgetbreak.MQHZD2DJBWPPOFUZ6NM5DKQEVQSYTXY5.gfortran-win_amd64.dll
0x0000000000cd0000 - 0x0000000000d7b000 	C:\anaconda3\envs\kochat_proj\lib\site-packages\scipy\.libs\liblbfgsb.IBQVICK3GETUIWC3SE6D3FM7Q4K2W4JC.gfortran-win_amd64.dll
0x000000006cd00000 - 0x000000006ce26000 	C:\anaconda3\envs\kochat_proj\lib\site-packages\scipy\.libs\libmvndst.7O53DZ5WZNFDVHAUQKHVN7SV37RNFUZG.gfortran-win_amd64.dll
0x0000000065640000 - 0x00000000656bb000 	C:\anaconda3\envs\kochat_proj\lib\site-packages\scipy\.libs\libnnls.O7YW55GFEWHHLJHC7HW56M4N2SDMEE6J.gfortran-win_amd64.dll
0x0000000065f40000 - 0x0000000065f86000 	C:\anaconda3\envs\kochat_proj\lib\site-packages\scipy\.libs\libslsqp_op.RZ4TV2HJX5AEA5VT2ZSATTL3ELYSVEN7.gfortran-win_amd64.dll
0x000000006bc00000 - 0x000000006bd67000 	C:\anaconda3\envs\kochat_proj\lib\site-packages\scipy\.libs\libspecfun.OGUV3EZXE6PFA7VHXS36IRLE5K54SPJS.gfortran-win_amd64.dll
0x000000006ebc0000 - 0x000000006ebef000 	C:\anaconda3\envs\kochat_proj\lib\site-packages\scipy\.libs\libwrap_dum.QHE7IE27WXDLOUF7YPJIZTUSD7PSSW27.gfortran-win_amd64.dll
0x000000006e0c0000 - 0x000000006e0d8000 	C:\anaconda3\envs\kochat_proj\lib\site-packages\scipy\.libs\libwrap_dum.TFX7VWQFDZU2QGZETLZYZ64XLNXVLKLS.gfortran-win_amd64.dll
0x0000000070540000 - 0x00000000706ba000 	C:\anaconda3\envs\kochat_proj\lib\site-packages\scipy\.libs\lib_arpack-.JBTJ3EH6XBTOJRW4UXEFQDCV4M3KDT5D.gfortran-win_amd64.dll
0x000000006de40000 - 0x000000006de68000 	C:\anaconda3\envs\kochat_proj\lib\site-packages\scipy\.libs\lib_blas_su.GBT4BF6LFZUHVUR7XJGSCCTPPC3QBPDW.gfortran-win_amd64.dll
0x000000006e380000 - 0x000000006e44d000 	C:\anaconda3\envs\kochat_proj\lib\site-packages\scipy\.libs\lib_cpropac.LZ6ZKB6QF2D6OPK4LBR2BL2NRSRJTX53.gfortran-win_amd64.dll
0x0000000069a80000 - 0x0000000069b14000 	C:\anaconda3\envs\kochat_proj\lib\site-packages\scipy\.libs\lib_dop-f2p.ZRIYLRHKCGTZ7E4XYRDJPKIEKPDV23QH.gfortran-win_amd64.dll
0x000000006f880000 - 0x000000006f91e000 	C:\anaconda3\envs\kochat_proj\lib\site-packages\scipy\.libs\lib_dpropac.Q2H6ETLGCLDLQG24RM6ERK7QAQJBCPN5.gfortran-win_amd64.dll
0x0000000069740000 - 0x00000000697dc000 	C:\anaconda3\envs\kochat_proj\lib\site-packages\scipy\.libs\lib_lsoda-f.QV6HNOKDBJH3VU7CY33LWK37ZHUJ5C44.gfortran-win_amd64.dll
0x000000006f000000 - 0x000000006f09e000 	C:\anaconda3\envs\kochat_proj\lib\site-packages\scipy\.libs\lib_spropac.CMUCRHKRCGKZODLDG5AQIJK6AVZZKJHW.gfortran-win_amd64.dll
0x0000000000d80000 - 0x0000000000df7000 	C:\anaconda3\envs\kochat_proj\lib\site-packages\scipy\.libs\lib_test_fo.BMG7XNVQO3Y6HRRDJ5ONJJ54IWAYGMM4.gfortran-win_amd64.dll
0x0000000000e00000 - 0x0000000000ed7000 	C:\anaconda3\envs\kochat_proj\lib\site-packages\scipy\.libs\lib_vode-f2.G5JNYNBPNJBX64VU3S6O5EW5VPZJYI6C.gfortran-win_amd64.dll
0x000000006c740000 - 0x000000006c828000 	C:\anaconda3\envs\kochat_proj\lib\site-packages\scipy\.libs\lib_zpropac.PE24TP6TN6PMYXSF7N5EQ57RIYYYFUWV.gfortran-win_amd64.dll
0x00007ffea7350000 - 0x00007ffea73ed000 	C:\anaconda3\envs\kochat_proj\lib\site-packages\scipy\.libs\msvcp140.dll
0x00007ffea7330000 - 0x00007ffea7344000 	C:\anaconda3\envs\kochat_proj\lib\site-packages\scipy\_lib\_ccallback_c.cp38-win_amd64.pyd
0x00007ffea7110000 - 0x00007ffea732f000 	C:\anaconda3\envs\kochat_proj\lib\site-packages\scipy\sparse\_sparsetools.cp38-win_amd64.pyd
0x00007ffea7090000 - 0x00007ffea710f000 	C:\anaconda3\envs\kochat_proj\lib\site-packages\scipy\sparse\_csparsetools.cp38-win_amd64.pyd
0x00007ffea7030000 - 0x00007ffea7085000 	C:\anaconda3\envs\kochat_proj\lib\site-packages\scipy\sparse\csgraph\_shortest_path.cp38-win_amd64.pyd
0x00007ffea7000000 - 0x00007ffea7024000 	C:\anaconda3\envs\kochat_proj\lib\site-packages\scipy\sparse\csgraph\_tools.cp38-win_amd64.pyd
0x00007ffea6fd0000 - 0x00007ffea6ff2000 	C:\anaconda3\envs\kochat_proj\lib\site-packages\scipy\sparse\csgraph\_traversal.cp38-win_amd64.pyd
0x00007ffea6fa0000 - 0x00007ffea6fcd000 	C:\anaconda3\envs\kochat_proj\lib\site-packages\scipy\sparse\csgraph\_min_spanning_tree.cp38-win_amd64.pyd
0x00007ffea6f60000 - 0x00007ffea6f9c000 	C:\anaconda3\envs\kochat_proj\lib\site-packages\scipy\sparse\csgraph\_flow.cp38-win_amd64.pyd
0x00007ffea6f20000 - 0x00007ffea6f5d000 	C:\anaconda3\envs\kochat_proj\lib\site-packages\scipy\sparse\csgraph\_matching.cp38-win_amd64.pyd
0x00007ffea6ee0000 - 0x00007ffea6f18000 	C:\anaconda3\envs\kochat_proj\lib\site-packages\scipy\sparse\csgraph\_reordering.cp38-win_amd64.pyd
0x00007ffea6ec0000 - 0x00007ffea6ed8000 	C:\anaconda3\envs\kochat_proj\lib\site-packages\sklearn\utils\murmurhash.cp38-win_amd64.pyd
0x00007ffea6e30000 - 0x00007ffea6ebb000 	C:\anaconda3\envs\kochat_proj\lib\site-packages\scipy\spatial\_ckdtree.cp38-win_amd64.pyd
0x00007ffea6d50000 - 0x00007ffea6e21000 	C:\anaconda3\envs\kochat_proj\lib\site-packages\scipy\spatial\_qhull.cp38-win_amd64.pyd

dbghelp: loaded successfully - version: 4.0.5 - missing functions: none
symbol engine: initialized successfully - sym options: 0x614 - pdb path: .;C:\anaconda3\envs\kochat_proj;C:\WINDOWS\SYSTEM32;C:\anaconda3\envs\kochat_proj\lib\site-packages\markupsafe;C:\anaconda3\envs\kochat_proj\DLLs;C:\anaconda3\envs\kochat_proj\Library\bin;C:\anaconda3\envs\kochat_proj\lib\site-packages\torch\lib;C:\anaconda3\envs\kochat_proj\lib\site-packages\torch;C:\anaconda3\envs\kochat_proj\lib\site-packages\numpy\.libs;C:\anaconda3\envs\kochat_proj\lib\site-packages\numpy\core;C:\anaconda3\envs\kochat_proj\lib\site-packages\numpy\linalg;C:\anaconda3\envs\kochat_proj\lib\site-packages\numpy\fft;C:\anaconda3\envs\kochat_proj\lib\site-packages\numpy\random;C:\anaconda3\envs\kochat_proj\lib\site-packages\sklearn\.libs;C:\anaconda3\envs\kochat_proj\lib\site-packages\sklearn\__check_build;C:\anaconda3\envs\kochat_proj\lib\site-packages\scipy\.libs;C:\anaconda3\envs\kochat_proj\lib\site-packages\scipy\_lib;C:\anaconda3\envs\kochat_proj\lib\site-packages\scipy\sparse;C:\anaconda3\envs\kochat_proj\lib\site-packages\scipy\sparse\csgraph;C:\anaconda3\envs\kochat_proj\lib\site-packages\sklearn\utils;C:\anaconda3\envs\kochat_proj\lib\site-packages\scipy\spatial;C:\anaconda3\envs\kochat_proj\lib\site-packages\scipy\linalg;C:\anaconda3\envs\kochat_proj\lib\site-packages\scipy\special;C:\anaconda3\envs\kochat_proj\lib\site-packages\scipy\spatial\transform;C:\anaconda3\envs\kochat_proj\lib\site-packages\scipy\ndimage;C:\anaconda3\envs\kochat_proj\lib\site-packages\scipy\sparse\linalg\_isolve;C:\anaconda3\envs\kochat_proj\lib\site-packages\scipy\sparse\linalg\_dsolve;C:\anaconda3\envs\kochat_proj\lib\site-packages\scipy\sparse\linalg\_eigen\arpack;C:\anaconda3\envs\kochat_proj\lib\site-packages\scipy\optimize;C:\anaconda3\envs\kochat_proj\lib\site-packages\scipy\optimize\_trlib;C:\anaconda3\envs\kochat_proj\lib\site-packages\scipy\optimize\_lsq;C:\anaconda3\envs\kochat_proj\lib\site-packages\scipy\optimize\_highs;C:\anaconda3\envs\kochat_proj\lib\site-packages\scipy\integrate;C:\anaconda3\envs\kochat_proj\lib\site-packages\scipy\interpolate;C:\anaconda3\envs\kochat_proj\lib\site-packages\scipy\stats;C:\anaconda3\envs\kochat_proj\lib\site-packages\scipy\stats\_boost;C:\anaconda3\envs\kochat_proj\lib\site-packages\scipy\stats\_unuran;C:\anaconda3\envs\kochat_proj\lib\site-packages\sklearn\preprocessing;C:\anaconda3\envs\kochat_proj\lib\site-packages\sklearn\metrics\cluster;C:\anaconda3\envs\kochat_proj\lib\site-packages\sklearn\metrics;C:\anaconda3\envs\kochat_proj\lib\site-packages\sklearn\linear_model;C:\anaconda3\envs\kochat_proj\lib\site-packages\sklearn\svm;C:\anaconda3\envs\kochat_proj\lib\site-packages\pandas\_libs;C:\anaconda3\envs\kochat_proj\lib\site-packages\pandas\_libs\tslibs;C:\anaconda3\envs\kochat_proj\lib\site-packages\pandas\_libs\window;C:\anaconda3\envs\kochat_proj\lib\site-packages;C:\anaconda3\envs\kochat_proj\lib\site-packages\lxml;C:\anaconda3\envs\kochat_proj\lib\site-packages\matplotlib;C:\WINDOWS\WinSxS\amd64_microsoft.windows.common-controls_6595b64144ccf1df_6.0.19041.1110_none_60b5254171f9507e;C:\anaconda3\envs\kochat_proj\lib\site-packages\matplotlib\backends;C:\anaconda3\envs\kochat_proj\lib\site-packages\sklearn\decomposition;C:\anaconda3\envs\kochat_proj\lib\site-packages\gensim;C:\anaconda3\envs\kochat_proj\lib\site-packages\gensim\corpora;C:\anaconda3\envs\kochat_proj\lib\site-packages\gensim\models;C:\anaconda3\envs\kochat_proj\lib\site-packages\sklearn\neighbors;C:\Users\LG\openjdk-15_windows-x64_bin\jdk-15\bin\server;C:\Users\LG\openjdk-15_windows-x64_bin\jdk-15\bin;C:\anaconda3\envs\kochat_proj\tcl\reg1.3

VM Arguments:
jvm_args: -Dfile.encoding=UTF8 -ea -Xmx1024m 
java_command: <unknown>
java_class_path (initial): C:\anaconda3\envs\kochat_proj\Lib\site-packages\konlpy\java;C:\anaconda3\envs\kochat_proj\Lib\site-packages\konlpy\java\bin;C:\anaconda3\envs\kochat_proj\Lib\site-packages\konlpy\java\*;C:\anaconda3\envs\kochat_proj\Lib\site-packages\konlpy\java\jhannanum-0.8.4.jar;C:\anaconda3\envs\kochat_proj\Lib\site-packages\konlpy\java\kkma-2.0.jar;C:\anaconda3\envs\kochat_proj\Lib\site-packages\konlpy\java\aho-corasick.jar;C:\anaconda3\envs\kochat_proj\Lib\site-packages\konlpy\java\shineware-common-1.0.jar;C:\anaconda3\envs\kochat_proj\Lib\site-packages\konlpy\java\shineware-ds-1.0.jar;C:\anaconda3\envs\kochat_proj\Lib\site-packages\konlpy\java\komoran-3.0.jar;C:\anaconda3\envs\kochat_proj\Lib\site-packages\konlpy\java\snakeyaml-1.12.jar;C:\anaconda3\envs\kochat_proj\Lib\site-packages\konlpy\java\scala-library-2.12.3.jar;C:\anaconda3\envs\kochat_proj\Lib\site-packages\konlpy\java\open-korean-text-2.1.0.jar;C:\anaconda3\envs\kochat_proj\Lib\site-packages\konlpy\java\twitter-text-1.14.7.jar;C:\anaconda3\envs\kochat_proj\Lib\site-packages\konlpy\java\*
Launcher Type: generic

[Global flags]
     intx CICompilerCount                          = 4                                         {product} {ergonomic}
     uint ConcGCThreads                            = 2                                         {product} {ergonomic}
     uint G1ConcRefinementThreads                  = 8                                         {product} {ergonomic}
   size_t G1HeapRegionSize                         = 1048576                                   {product} {ergonomic}
    uintx GCDrainStackTargetSize                   = 64                                        {product} {ergonomic}
   size_t InitialHeapSize                          = 264241152                                 {product} {ergonomic}
   size_t MarkStackSize                            = 4194304                                   {product} {ergonomic}
   size_t MaxHeapSize                              = 1073741824                                {product} {command line}
   size_t MaxNewSize                               = 643825664                                 {product} {ergonomic}
   size_t MinHeapDeltaBytes                        = 1048576                                   {product} {ergonomic}
   size_t MinHeapSize                              = 8388608                                   {product} {ergonomic}
    uintx NonNMethodCodeHeapSize                   = 5839372                                {pd product} {ergonomic}
    uintx NonProfiledCodeHeapSize                  = 122909434                              {pd product} {ergonomic}
    uintx ProfiledCodeHeapSize                     = 122909434                              {pd product} {ergonomic}
    uintx ReservedCodeCacheSize                    = 251658240                              {pd product} {ergonomic}
     bool SegmentedCodeCache                       = true                                      {product} {ergonomic}
   size_t SoftMaxHeapSize                          = 1073741824                             {manageable} {ergonomic}
     bool UseCompressedClassPointers               = true                                 {lp64_product} {ergonomic}
     bool UseCompressedOops                        = true                                 {lp64_product} {ergonomic}
     bool UseG1GC                                  = true                                      {product} {ergonomic}
     bool UseLargePagesIndividualAllocation        = false                                  {pd product} {ergonomic}

Logging:
Log output configuration:
 #0: stdout all=warning uptime,level,tags
 #1: stderr all=off uptime,level,tags

Environment Variables:
JAVA_HOME=C:\Users\LG\openjdk-15_windows-x64_bin\jdk-15
PATH=C:\anaconda3\envs\kochat_proj;C:\anaconda3\envs\kochat_proj\Library\mingw-w64\bin;C:\anaconda3\envs\kochat_proj\Library\usr\bin;C:\anaconda3\envs\kochat_proj\Library\bin;C:\anaconda3\envs\kochat_proj\Scripts;C:\anaconda3\envs\kochat_proj\bin;C:\anaconda3\condabin;C:\Program Files\Common Files\Oracle\Java\javapath;C:\Program Files\Eclipse Adoptium\jdk-8.0.322.6-hotspot\bin;C:\WINDOWS\system32;C:\WINDOWS;C:\WINDOWS\System32\Wbem;C:\WINDOWS\System32\WindowsPowerShell\v1.0;C:\WINDOWS\System32\OpenSSH;C:\Program Files\Git\cmd;C:\Program Files\Microsoft SQL Server\150\Tools\Binn;C:\Program Files\Microsoft SQL Server\Client SDK\ODBC\170\Tools\Binn;C:\Program Files\dotnet;C:\Program Files\Docker\Docker\resources\bin;C:\ProgramData\DockerDesktop\version-bin;C:\Users\LG\openjdk-15_windows-x64_bin\jdk-15\bin;C:\anaconda3;C:\anaconda3\Library\mingw-w64\bin;C:\anaconda3\Library\usr\bin;C:\anaconda3\Library\bin;C:\anaconda3\Scripts;C:\Users\LG\AppData\Local\Microsoft\WindowsApps;C:\Users\LG\AppData\Local\Programs\Microsoft VS Code\bin;C:\Users\LG\.dotnet\tools
USERNAME=LG
OS=Windows_NT
PROCESSOR_IDENTIFIER=Intel64 Family 6 Model 126 Stepping 5, GenuineIntel



---------------  S Y S T E M  ---------------

OS:
 Windows 10 , 64 bit Build 19041 (10.0.19041.1566)
OS uptime: 0 days 0:05 hours
HyperV virtualization detected

CPU: total 8 (initial active 8) (4 cores per cpu, 2 threads per core) family 6 model 126 stepping 5, cmov, cx8, fxsr, mmx, sse, sse2, sse3, ssse3, sse4.1, sse4.2, popcnt, vzeroupper, avx, avx2, aes, clmul, erms, 3dnowpref, lzcnt, ht, tsc, tscinvbit, bmi1, bmi2, adx, avx512f, avx512dq, avx512cd, avx512bw, avx512vl, avx512_vpopcntdq, avx512_vpclmulqdq, avx512_vbmi, avx512_vbmi2, avx512_vaes, avx512_vnni, sha, fma, clflush, clflushopt

Memory: 4k page, system-wide physical 16093M (8648M free)
TotalPageFile size 18525M (AvailPageFile size 10150M)
current process WorkingSet (physical memory assigned to process): 2443M, peak: 5182M
current process commit charge ("private bytes"): 3029M, peak: 5699M

vm_info: OpenJDK 64-Bit Server VM (15+36-1562) for windows-amd64 JRE (15+36-1562), built on Aug 11 2020 22:33:04 by "mach5one" with unknown MS VC++:1925

END.
