#
# A fatal error has been detected by the Java Runtime Environment:
#
#  Internal Error (./open/src/hotspot/os_cpu/windows_x86/os_windows_x86.cpp:145), pid=9940, tid=12480
#  guarantee(result == EXCEPTION_CONTINUE_EXECUTION) failed: Unexpected result from topLevelExceptionFilter
#
# JRE version: OpenJDK Runtime Environment (15.0+36) (build 15+36-1562)
# Java VM: OpenJDK 64-Bit Server VM (15+36-1562, mixed mode, sharing, tiered, compressed oops, g1 gc, windows-amd64)
# No core dump will be written. Minidumps are not enabled by default on client versions of Windows
#
# If you would like to submit a bug report, please visit:
#   https://bugreport.java.com/bugreport/crash.jsp
# The crash happened outside the Java Virtual Machine in native code.
# See problematic frame for where to report the bug.
#

---------------  S U M M A R Y ------------

Command Line: -Dfile.encoding=UTF8 -ea -Xmx1024m 

Host: Intel(R) Core(TM) i7-1065G7 CPU @ 1.30GHz, 8 cores, 15G,  Windows 10 , 64 bit Build 19041 (10.0.19041.1566)
Time: Mon Mar 21 22:06:32 2022 대한민국 표준시 elapsed time: 114.886303 seconds (0d 0h 1m 54s)

---------------  T H R E A D  ---------------

Current thread (0x000001e87fe4b990):  JavaThread "Python Reference Queue" daemon [_thread_in_native, id=12480, stack(0x000000a899db0000,0x000000a899fa0000)]

Stack: [0x000000a899db0000,0x000000a899fa0000]
Native frames: (J=compiled Java code, j=interpreted, Vv=VM code, C=native code)
C  0x00007ffe97be9eaa
C  0x00007ffe97d40379
C  0x00007ffe97d41ad3
C  0x00007ffe97d420e7
C  0x00007ffe977d593c
C  0x00007ffe97be9b6c
C  [ntdll.dll+0xa20cf]
C  [ntdll.dll+0x51454]
C  [ntdll.dll+0xa0bfe]
C  0x00007ffea356735d
C  0x00007ffea3567392
C  0x00007ffea3493884
C  0x00007ffea3496393
C  0x00007ffea37a48f3
C  [python38.dll+0x7f529]  dict_dealloc+0x239  (dictobject.c:1986)
C  [python38.dll+0x80314]  subtype_dealloc+0x1a4  (typeobject.c:1273)
C  [python38.dll+0x7f488]  dict_dealloc+0x198  (dictobject.c:1994)
C  [python38.dll+0x42264]  subtype_clear+0xa8  (typeobject.c:1138)
C  [python38.dll+0x41ec0]  delete_garbage+0x50  (gcmodule.c:949)
C  [python38.dll+0x430c9]  collect+0x165  (gcmodule.c:1128)
C  [python38.dll+0xd6649]  collect_with_callback+0x45  (gcmodule.c:1241)
C  [python38.dll+0xd64ab]  PyGC_Collect+0x63  (gcmodule.c:1834)
C  0x00007ffea3d3bec0  Java_jpype_ref_JPypeReferenceQueue_wake+0x40  (jp_reference_queue.cpp:60)
C  0x000001e81a03f177

Java frames: (J=compiled Java code, j=interpreted, Vv=VM code)
j  org.jpype.ref.JPypeReferenceQueue.wake(J)V+0
j  org.jpype.ref.JPypeReferenceQueue$Worker.run()V+49
j  java.lang.Thread.run()V+11 java.base@15
v  ~StubRoutines::call_stub

---------------  P R O C E S S  ---------------

Threads class SMR info:
_java_thread_list=0x000001e82f655300, length=12, elements={
0x000001e87fe4ab20, 0x000001e87fe4fcf0, 0x000001e87fe4d670, 0x000001e87fe4f820,
0x000001e87fe501c0, 0x000001e87fe4ccd0, 0x000001e87fe820a0, 0x000001e87fe84410,
0x000001e87fe84e30, 0x000001e87fe4aff0, 0x000001e87fe4b4c0, 0x000001e87fe4b990
}

Java Threads: ( => current thread )
  0x000001e87fe4ab20 JavaThread "main" [_thread_in_native, id=1180, stack(0x000000a895600000,0x000000a8957f0000)]
  0x000001e87fe4fcf0 JavaThread "Reference Handler" daemon [_thread_blocked, id=12760, stack(0x000000a898480000,0x000000a898670000)]
  0x000001e87fe4d670 JavaThread "Finalizer" daemon [_thread_blocked, id=10400, stack(0x000000a898670000,0x000000a898860000)]
  0x000001e87fe4f820 JavaThread "Signal Dispatcher" daemon [_thread_blocked, id=5272, stack(0x000000a898860000,0x000000a898a50000)]
  0x000001e87fe501c0 JavaThread "Attach Listener" daemon [_thread_blocked, id=3104, stack(0x000000a898a50000,0x000000a898c40000)]
  0x000001e87fe4ccd0 JavaThread "Service Thread" daemon [_thread_blocked, id=10860, stack(0x000000a898c40000,0x000000a898e30000)]
  0x000001e87fe820a0 JavaThread "C2 CompilerThread0" daemon [_thread_blocked, id=3732, stack(0x000000a898e30000,0x000000a899020000)]
  0x000001e87fe84410 JavaThread "C1 CompilerThread0" daemon [_thread_blocked, id=8120, stack(0x000000a899020000,0x000000a899210000)]
  0x000001e87fe84e30 JavaThread "Sweeper thread" daemon [_thread_blocked, id=12772, stack(0x000000a899210000,0x000000a899400000)]
  0x000001e87fe4aff0 JavaThread "Notification Thread" daemon [_thread_blocked, id=8792, stack(0x000000a899400000,0x000000a8995f0000)]
  0x000001e87fe4b4c0 JavaThread "Common-Cleaner" daemon [_thread_blocked, id=12824, stack(0x000000a8997e0000,0x000000a8999d0000)]
=>0x000001e87fe4b990 JavaThread "Python Reference Queue" daemon [_thread_in_native, id=12480, stack(0x000000a899db0000,0x000000a899fa0000)]

Other Threads:
  0x000001e810a111b0 VMThread "VM Thread" [stack: 0x000000a898290000,0x000000a898480000] [id=348]
  0x000001e81096e660 WatcherThread [stack: 0x000000a8995f0000,0x000000a8997e0000] [id=10356]
  0x000001e8109aec70 GCTaskThread "GC Thread#0" [stack: 0x000000a8978e0000,0x000000a897ad0000] [id=5708]
  0x000001e811676460 GCTaskThread "GC Thread#1" [stack: 0x000000a899fa0000,0x000000a89a190000] [id=7356]
  0x000001e811678770 GCTaskThread "GC Thread#2" [stack: 0x000000a89a190000,0x000000a89a380000] [id=10676]
  0x000001e811678aa0 GCTaskThread "GC Thread#3" [stack: 0x000000a89a380000,0x000000a89a570000] [id=5892]
  0x000001e811671b10 GCTaskThread "GC Thread#4" [stack: 0x000000a89a570000,0x000000a89a760000] [id=7968]
  0x000001e82f5b6050 GCTaskThread "GC Thread#5" [stack: 0x000000a89a760000,0x000000a89a950000] [id=6340]
  0x000001e81095e4e0 ConcurrentGCThread "G1 Main Marker" [stack: 0x000000a897ad0000,0x000000a897cc0000] [id=8732]
  0x000001e8109ad620 ConcurrentGCThread "G1 Conc#0" [stack: 0x000000a897cc0000,0x000000a897eb0000] [id=5860]
  0x000001e8109a3c90 ConcurrentGCThread "G1 Refine#0" [stack: 0x000000a897eb0000,0x000000a8980a0000] [id=12888]
  0x000001e810ae2170 ConcurrentGCThread "G1 Young RemSet Sampling" [stack: 0x000000a8980a0000,0x000000a898290000] [id=9532]

Threads with active compile tasks:

VM state: not at safepoint (normal execution)

VM Mutex/Monitor currently owned by a thread: None

Heap address: 0x00000000c0000000, size: 1024 MB, Compressed Oops mode: 32-bit
CDS archive(s) mapped at: [0x0000000800000000-0x0000000800b50000-0x0000000800b50000), size 11862016, SharedBaseAddress: 0x0000000800000000, ArchiveRelocationMode: 0.
Compressed class space mapped at: 0x0000000800b50000-0x0000000840b50000, size: 1073741824
Narrow klass base: 0x0000000800000000, Narrow klass shift: 3, Narrow klass range: 0x100000000

GC Precious Log:
 CPUs: 8 total, 8 available
 Memory: 16093M
 Large Page Support: Disabled
 NUMA Support: Disabled
 Compressed Oops: Enabled (32-bit)
 Heap Region Size: 1M
 Heap Min Capacity: 8M
 Heap Initial Capacity: 252M
 Heap Max Capacity: 1G
 Pre-touch: Disabled
 Parallel Workers: 8
 Concurrent Workers: 2
 Concurrent Refinement Workers: 8
 Periodic GC: Disabled

Heap:
 garbage-first heap   total 20480K, used 5485K [0x00000000c0000000, 0x0000000100000000)
  region size 1024K, 1 young (1024K), 0 survivors (0K)
 Metaspace       used 2466K, capacity 4850K, committed 5120K, reserved 1056768K
  class space    used 209K, capacity 436K, committed 512K, reserved 1048576K

Heap Regions: E=young(eden), S=young(survivor), O=old, HS=humongous(starts), HC=humongous(continues), CS=collection set, F=free, OA=open archive, CA=closed archive, TAMS=top-at-mark-start (previous, next)
|   0|0x00000000c0000000, 0x00000000c00ffff0, 0x00000000c0100000| 99%| O|  |TAMS 0x00000000c0000000, 0x00000000c0000000| Untracked 
|   1|0x00000000c0100000, 0x00000000c01ffff0, 0x00000000c0200000| 99%| O|  |TAMS 0x00000000c0100000, 0x00000000c0100000| Untracked 
|   2|0x00000000c0200000, 0x00000000c02fffc8, 0x00000000c0300000| 99%| O|  |TAMS 0x00000000c0200000, 0x00000000c0200000| Untracked 
|   3|0x00000000c0300000, 0x00000000c03fff98, 0x00000000c0400000| 99%| O|  |TAMS 0x00000000c0300000, 0x00000000c0300000| Untracked 
|   4|0x00000000c0400000, 0x00000000c0500000, 0x00000000c0500000|100%| O|  |TAMS 0x00000000c0400000, 0x00000000c0400000| Untracked 
|   5|0x00000000c0500000, 0x00000000c055b7b0, 0x00000000c0600000| 35%| O|  |TAMS 0x00000000c0500000, 0x00000000c0500000| Untracked 
|   6|0x00000000c0600000, 0x00000000c0600000, 0x00000000c0700000|  0%| F|  |TAMS 0x00000000c0600000, 0x00000000c0600000| Untracked 
|   7|0x00000000c0700000, 0x00000000c0700000, 0x00000000c0800000|  0%| F|  |TAMS 0x00000000c0700000, 0x00000000c0700000| Untracked 
|   8|0x00000000c0800000, 0x00000000c0800000, 0x00000000c0900000|  0%| F|  |TAMS 0x00000000c0800000, 0x00000000c0800000| Untracked 
|   9|0x00000000c0900000, 0x00000000c0900000, 0x00000000c0a00000|  0%| F|  |TAMS 0x00000000c0900000, 0x00000000c0900000| Untracked 
|  10|0x00000000c0a00000, 0x00000000c0a00000, 0x00000000c0b00000|  0%| F|  |TAMS 0x00000000c0a00000, 0x00000000c0a00000| Untracked 
|  11|0x00000000c0b00000, 0x00000000c0b00000, 0x00000000c0c00000|  0%| F|  |TAMS 0x00000000c0b00000, 0x00000000c0b00000| Untracked 
|  12|0x00000000c0c00000, 0x00000000c0c00000, 0x00000000c0d00000|  0%| F|  |TAMS 0x00000000c0c00000, 0x00000000c0c00000| Untracked 
|  13|0x00000000c0d00000, 0x00000000c0d00000, 0x00000000c0e00000|  0%| F|  |TAMS 0x00000000c0d00000, 0x00000000c0d00000| Untracked 
|  14|0x00000000c0e00000, 0x00000000c0e00000, 0x00000000c0f00000|  0%| F|  |TAMS 0x00000000c0e00000, 0x00000000c0e00000| Untracked 
|  15|0x00000000c0f00000, 0x00000000c0f00000, 0x00000000c1000000|  0%| F|  |TAMS 0x00000000c0f00000, 0x00000000c0f00000| Untracked 
|  16|0x00000000c1000000, 0x00000000c1000000, 0x00000000c1100000|  0%| F|  |TAMS 0x00000000c1000000, 0x00000000c1000000| Untracked 
|  17|0x00000000c1100000, 0x00000000c1100000, 0x00000000c1200000|  0%| F|  |TAMS 0x00000000c1100000, 0x00000000c1100000| Untracked 
|  18|0x00000000c1200000, 0x00000000c1200000, 0x00000000c1300000|  0%| F|  |TAMS 0x00000000c1200000, 0x00000000c1200000| Untracked 
|  19|0x00000000c1300000, 0x00000000c130d530, 0x00000000c1400000|  5%| E|  |TAMS 0x00000000c1300000, 0x00000000c1300000| Complete 

Card table byte_map: [0x000001e829cb0000,0x000001e829eb0000] _byte_map_base: 0x000001e8296b0000

Marking Bits (Prev, Next): (CMBitMap*) 0x000001e810978140, (CMBitMap*) 0x000001e810978180
 Prev Bits: [0x000001e82a0b0000, 0x000001e82b0b0000)
 Next Bits: [0x000001e82b0b0000, 0x000001e82c0b0000)

Polling page: 0x000001e81a010000

Metaspace:

Usage:
  Non-class:      4.31 MB capacity,     2.20 MB ( 51%) used,     2.10 MB ( 49%) free+waste,     1.94 KB ( <1%) overhead. 
      Class:    436.00 KB capacity,   209.36 KB ( 48%) used,   225.64 KB ( 52%) free+waste,     1.00 KB ( <1%) overhead. 
       Both:      4.74 MB capacity,     2.41 MB ( 51%) used,     2.33 MB ( 49%) free+waste,     2.94 KB ( <1%) overhead. 

Virtual space:
  Non-class space:        8.00 MB reserved,       4.50 MB ( 56%) committed 
      Class space:        1.00 GB reserved,     512.00 KB ( <1%) committed 
             Both:        1.01 GB reserved,       5.00 MB ( <1%) committed 

Chunk freelists:
   Non-Class:  2.00 KB
       Class:  12.00 KB
        Both:  14.00 KB

MaxMetaspaceSize: 17179869184.00 GB
CompressedClassSpaceSize: 1.00 GB

CodeHeap 'non-profiled nmethods': size=120000Kb used=408Kb max_used=408Kb free=119591Kb
 bounds [0x000001e821b00000, 0x000001e821d70000, 0x000001e829030000]
CodeHeap 'profiled nmethods': size=120000Kb used=1361Kb max_used=1361Kb free=118638Kb
 bounds [0x000001e81a5d0000, 0x000001e81a840000, 0x000001e821b00000]
CodeHeap 'non-nmethods': size=5760Kb used=1143Kb max_used=1186Kb free=4616Kb
 bounds [0x000001e81a030000, 0x000001e81a2a0000, 0x000001e81a5d0000]
 total_blobs=1252 nmethods=870 adapters=295
 compilation: enabled
              stopped_count=0, restarted_count=0
 full_count=0

Compilation events (20 events):
Event: 0.545 Thread 0x000001e87fe84410 nmethod 865 0x000001e81a722d90 code [0x000001e81a722f40, 0x000001e81a723178]
Event: 0.545 Thread 0x000001e87fe84410  866       1       java.net.URL::getUserInfo (5 bytes)
Event: 0.545 Thread 0x000001e87fe84410 nmethod 866 0x000001e821b55810 code [0x000001e821b559a0, 0x000001e821b55a58]
Event: 0.546 Thread 0x000001e87fe820a0 nmethod 810 0x000001e821b55b10 code [0x000001e821b55d20, 0x000001e821b57098]
Event: 0.546 Thread 0x000001e87fe820a0  841       4       jdk.internal.jrtfs.JrtPath::getFileSystem (5 bytes)
Event: 0.546 Thread 0x000001e87fe820a0 nmethod 841 0x000001e821b58010 code [0x000001e821b58180, 0x000001e821b581f8]
Event: 0.546 Thread 0x000001e87fe820a0  844       4       java.nio.DirectIntBufferU::ix (10 bytes)
Event: 0.547 Thread 0x000001e87fe820a0 nmethod 844 0x000001e821b58310 code [0x000001e821b58480, 0x000001e821b584f8]
Event: 0.547 Thread 0x000001e87fe820a0  771       4       java.nio.ByteBuffer::<init> (47 bytes)
Event: 0.553 Thread 0x000001e87fe820a0 nmethod 771 0x000001e821b58610 code [0x000001e821b587a0, 0x000001e821b58c58]
Event: 0.553 Thread 0x000001e87fe820a0  754       4       java.nio.ByteBuffer::limit (8 bytes)
Event: 0.553 Thread 0x000001e87fe885e0 nmethod 834 0x000001e821b59010 code [0x000001e821b591e0, 0x000001e821b5a0a8]
Event: 0.553 Thread 0x000001e87fe820a0 nmethod 754 0x000001e821b5a710 code [0x000001e821b5a880, 0x000001e821b5a958]
Event: 0.801 Thread 0x000001e87fe7ded0 nmethod 805 0x000001e821b5aa10 code [0x000001e821b5aea0, 0x000001e821b61ea8]
Event: 22.856 Thread 0x000001e87fe84410  868       3       java.lang.ref.ReferenceQueue::reallyPoll (65 bytes)
Event: 22.857 Thread 0x000001e87fe84410 nmethod 868 0x000001e81a723290 code [0x000001e81a723460, 0x000001e81a723978]
Event: 30.365 Thread 0x000001e87fe84410  869       1       org.jpype.ref.JPypeReferenceQueue::access$100 (5 bytes)
Event: 30.365 Thread 0x000001e87fe84410 nmethod 869 0x000001e821b65a90 code [0x000001e821b65c20, 0x000001e821b65cb8]
Event: 55.681 Thread 0x000001e87fe84410  870   !   3       java.lang.ref.ReferenceQueue::remove (125 bytes)
Event: 55.682 Thread 0x000001e87fe84410 nmethod 870 0x000001e81a723a90 code [0x000001e81a723ca0, 0x000001e81a7243f8]

GC Heap History (20 events):
Event: 20.293 GC heap before
{Heap before GC invocations=20 (full 15):
 garbage-first heap   total 20480K, used 5485K [0x00000000c0000000, 0x0000000100000000)
  region size 1024K, 1 young (1024K), 0 survivors (0K)
 Metaspace       used 2464K, capacity 4850K, committed 5120K, reserved 1056768K
  class space    used 209K, capacity 436K, committed 512K, reserved 1048576K
}
Event: 20.301 GC heap after
{Heap after GC invocations=21 (full 16):
 garbage-first heap   total 20480K, used 5485K [0x00000000c0000000, 0x0000000100000000)
  region size 1024K, 0 young (0K), 0 survivors (0K)
 Metaspace       used 2464K, capacity 4850K, committed 5120K, reserved 1056768K
  class space    used 209K, capacity 436K, committed 512K, reserved 1048576K
}
Event: 20.906 GC heap before
{Heap before GC invocations=21 (full 16):
 garbage-first heap   total 20480K, used 5485K [0x00000000c0000000, 0x0000000100000000)
  region size 1024K, 1 young (1024K), 0 survivors (0K)
 Metaspace       used 2464K, capacity 4850K, committed 5120K, reserved 1056768K
  class space    used 209K, capacity 436K, committed 512K, reserved 1048576K
}
Event: 20.913 GC heap after
{Heap after GC invocations=22 (full 17):
 garbage-first heap   total 20480K, used 5485K [0x00000000c0000000, 0x0000000100000000)
  region size 1024K, 0 young (0K), 0 survivors (0K)
 Metaspace       used 2464K, capacity 4850K, committed 5120K, reserved 1056768K
  class space    used 209K, capacity 436K, committed 512K, reserved 1048576K
}
Event: 21.023 GC heap before
{Heap before GC invocations=22 (full 17):
 garbage-first heap   total 20480K, used 5485K [0x00000000c0000000, 0x0000000100000000)
  region size 1024K, 1 young (1024K), 0 survivors (0K)
 Metaspace       used 2464K, capacity 4850K, committed 5120K, reserved 1056768K
  class space    used 209K, capacity 436K, committed 512K, reserved 1048576K
}
Event: 21.032 GC heap after
{Heap after GC invocations=23 (full 18):
 garbage-first heap   total 20480K, used 5485K [0x00000000c0000000, 0x0000000100000000)
  region size 1024K, 0 young (0K), 0 survivors (0K)
 Metaspace       used 2464K, capacity 4850K, committed 5120K, reserved 1056768K
  class space    used 209K, capacity 436K, committed 512K, reserved 1048576K
}
Event: 21.613 GC heap before
{Heap before GC invocations=23 (full 18):
 garbage-first heap   total 20480K, used 5485K [0x00000000c0000000, 0x0000000100000000)
  region size 1024K, 1 young (1024K), 0 survivors (0K)
 Metaspace       used 2464K, capacity 4850K, committed 5120K, reserved 1056768K
  class space    used 209K, capacity 436K, committed 512K, reserved 1048576K
}
Event: 21.622 GC heap after
{Heap after GC invocations=24 (full 19):
 garbage-first heap   total 20480K, used 5485K [0x00000000c0000000, 0x0000000100000000)
  region size 1024K, 0 young (0K), 0 survivors (0K)
 Metaspace       used 2464K, capacity 4850K, committed 5120K, reserved 1056768K
  class space    used 209K, capacity 436K, committed 512K, reserved 1048576K
}
Event: 21.750 GC heap before
{Heap before GC invocations=24 (full 19):
 garbage-first heap   total 20480K, used 5485K [0x00000000c0000000, 0x0000000100000000)
  region size 1024K, 1 young (1024K), 0 survivors (0K)
 Metaspace       used 2464K, capacity 4850K, committed 5120K, reserved 1056768K
  class space    used 209K, capacity 436K, committed 512K, reserved 1048576K
}
Event: 21.758 GC heap after
{Heap after GC invocations=25 (full 20):
 garbage-first heap   total 20480K, used 5485K [0x00000000c0000000, 0x0000000100000000)
  region size 1024K, 0 young (0K), 0 survivors (0K)
 Metaspace       used 2464K, capacity 4850K, committed 5120K, reserved 1056768K
  class space    used 209K, capacity 436K, committed 512K, reserved 1048576K
}
Event: 24.462 GC heap before
{Heap before GC invocations=25 (full 20):
 garbage-first heap   total 20480K, used 5485K [0x00000000c0000000, 0x0000000100000000)
  region size 1024K, 1 young (1024K), 0 survivors (0K)
 Metaspace       used 2465K, capacity 4850K, committed 5120K, reserved 1056768K
  class space    used 209K, capacity 436K, committed 512K, reserved 1048576K
}
Event: 24.471 GC heap after
{Heap after GC invocations=26 (full 21):
 garbage-first heap   total 20480K, used 5485K [0x00000000c0000000, 0x0000000100000000)
  region size 1024K, 0 young (0K), 0 survivors (0K)
 Metaspace       used 2465K, capacity 4850K, committed 5120K, reserved 1056768K
  class space    used 209K, capacity 436K, committed 512K, reserved 1048576K
}
Event: 24.591 GC heap before
{Heap before GC invocations=26 (full 21):
 garbage-first heap   total 20480K, used 5485K [0x00000000c0000000, 0x0000000100000000)
  region size 1024K, 1 young (1024K), 0 survivors (0K)
 Metaspace       used 2465K, capacity 4850K, committed 5120K, reserved 1056768K
  class space    used 209K, capacity 436K, committed 512K, reserved 1048576K
}
Event: 24.601 GC heap after
{Heap after GC invocations=27 (full 22):
 garbage-first heap   total 20480K, used 5485K [0x00000000c0000000, 0x0000000100000000)
  region size 1024K, 0 young (0K), 0 survivors (0K)
 Metaspace       used 2465K, capacity 4850K, committed 5120K, reserved 1056768K
  class space    used 209K, capacity 436K, committed 512K, reserved 1048576K
}
Event: 112.885 GC heap before
{Heap before GC invocations=27 (full 22):
 garbage-first heap   total 20480K, used 5485K [0x00000000c0000000, 0x0000000100000000)
  region size 1024K, 1 young (1024K), 0 survivors (0K)
 Metaspace       used 2466K, capacity 4850K, committed 5120K, reserved 1056768K
  class space    used 209K, capacity 436K, committed 512K, reserved 1048576K
}
Event: 112.893 GC heap after
{Heap after GC invocations=28 (full 23):
 garbage-first heap   total 20480K, used 5485K [0x00000000c0000000, 0x0000000100000000)
  region size 1024K, 0 young (0K), 0 survivors (0K)
 Metaspace       used 2466K, capacity 4850K, committed 5120K, reserved 1056768K
  class space    used 209K, capacity 436K, committed 512K, reserved 1048576K
}
Event: 112.985 GC heap before
{Heap before GC invocations=28 (full 23):
 garbage-first heap   total 20480K, used 5485K [0x00000000c0000000, 0x0000000100000000)
  region size 1024K, 1 young (1024K), 0 survivors (0K)
 Metaspace       used 2466K, capacity 4850K, committed 5120K, reserved 1056768K
  class space    used 209K, capacity 436K, committed 512K, reserved 1048576K
}
Event: 112.992 GC heap after
{Heap after GC invocations=29 (full 24):
 garbage-first heap   total 20480K, used 5485K [0x00000000c0000000, 0x0000000100000000)
  region size 1024K, 0 young (0K), 0 survivors (0K)
 Metaspace       used 2466K, capacity 4850K, committed 5120K, reserved 1056768K
  class space    used 209K, capacity 436K, committed 512K, reserved 1048576K
}
Event: 113.508 GC heap before
{Heap before GC invocations=29 (full 24):
 garbage-first heap   total 20480K, used 5485K [0x00000000c0000000, 0x0000000100000000)
  region size 1024K, 1 young (1024K), 0 survivors (0K)
 Metaspace       used 2466K, capacity 4850K, committed 5120K, reserved 1056768K
  class space    used 209K, capacity 436K, committed 512K, reserved 1048576K
}
Event: 113.519 GC heap after
{Heap after GC invocations=30 (full 25):
 garbage-first heap   total 20480K, used 5485K [0x00000000c0000000, 0x0000000100000000)
  region size 1024K, 0 young (0K), 0 survivors (0K)
 Metaspace       used 2466K, capacity 4850K, committed 5120K, reserved 1056768K
  class space    used 209K, capacity 436K, committed 512K, reserved 1048576K
}

Deoptimization events (20 events):
Event: 0.435 Thread 0x000001e87fe4ab20 Uncommon trap: trap_request=0xffffffbe fr.pc=0x000001e821b3a610 relative=0x00000000000007d0
Event: 0.435 Thread 0x000001e87fe4ab20 Uncommon trap: reason=profile_predicate action=maybe_recompile pc=0x000001e821b3a610 method=jdk.internal.jimage.ImageStringsReader.charsFromByteBuffer([CLjava/nio/ByteBuffer;)V @ 6 c2
Event: 0.435 Thread 0x000001e87fe4ab20 DEOPT PACKING pc=0x000001e821b3a610 sp=0x000000a8957ec940
Event: 0.435 Thread 0x000001e87fe4ab20 DEOPT UNPACKING pc=0x000001e81a03852f sp=0x000000a8957ec888 mode 2
Event: 0.435 Thread 0x000001e87fe4ab20 Uncommon trap: trap_request=0xffffffbe fr.pc=0x000001e821b3a610 relative=0x00000000000007d0
Event: 0.435 Thread 0x000001e87fe4ab20 Uncommon trap: reason=profile_predicate action=maybe_recompile pc=0x000001e821b3a610 method=jdk.internal.jimage.ImageStringsReader.charsFromByteBuffer([CLjava/nio/ByteBuffer;)V @ 6 c2
Event: 0.435 Thread 0x000001e87fe4ab20 DEOPT PACKING pc=0x000001e821b3a610 sp=0x000000a8957ec940
Event: 0.435 Thread 0x000001e87fe4ab20 DEOPT UNPACKING pc=0x000001e81a03852f sp=0x000000a8957ec888 mode 2
Event: 0.435 Thread 0x000001e87fe4ab20 Uncommon trap: trap_request=0xffffffbe fr.pc=0x000001e821b3a610 relative=0x00000000000007d0
Event: 0.435 Thread 0x000001e87fe4ab20 Uncommon trap: reason=profile_predicate action=maybe_recompile pc=0x000001e821b3a610 method=jdk.internal.jimage.ImageStringsReader.charsFromByteBuffer([CLjava/nio/ByteBuffer;)V @ 6 c2
Event: 0.435 Thread 0x000001e87fe4ab20 DEOPT PACKING pc=0x000001e821b3a610 sp=0x000000a8957ec940
Event: 0.435 Thread 0x000001e87fe4ab20 DEOPT UNPACKING pc=0x000001e81a03852f sp=0x000000a8957ec888 mode 2
Event: 0.451 Thread 0x000001e87fe4ab20 Uncommon trap: trap_request=0xffffffbe fr.pc=0x000001e821b3d340 relative=0x0000000000000960
Event: 0.451 Thread 0x000001e87fe4ab20 Uncommon trap: reason=profile_predicate action=maybe_recompile pc=0x000001e821b3d340 method=jdk.internal.jimage.ImageStringsReader.charsFromByteBuffer([CLjava/nio/ByteBuffer;)V @ 6 c2
Event: 0.451 Thread 0x000001e87fe4ab20 DEOPT PACKING pc=0x000001e821b3d340 sp=0x000000a8957eca80
Event: 0.451 Thread 0x000001e87fe4ab20 DEOPT UNPACKING pc=0x000001e81a03852f sp=0x000000a8957ec958 mode 2
Event: 0.533 Thread 0x000001e87fe4ab20 Uncommon trap: trap_request=0xffffffbe fr.pc=0x000001e821b3c4fc relative=0x00000000000003dc
Event: 0.533 Thread 0x000001e87fe4ab20 Uncommon trap: reason=profile_predicate action=maybe_recompile pc=0x000001e821b3c4fc method=java.lang.StringLatin1.indexOf([BI[BII)I @ 18 c2
Event: 0.533 Thread 0x000001e87fe4ab20 DEOPT PACKING pc=0x000001e821b3c4fc sp=0x000000a8957edc60
Event: 0.533 Thread 0x000001e87fe4ab20 DEOPT UNPACKING pc=0x000001e81a03852f sp=0x000000a8957edbc0 mode 2

Classes unloaded (0 events):
No events

Classes redefined (0 events):
No events

Internal exceptions (7 events):
Event: 0.069 Thread 0x000001e87fe4ab20 Exception <a 'java/io/IOException'{0x00000000cfb96f58}: Bad pathname> (0x00000000cfb96f58) 
thrown [./open/src/hotspot/share/prims/jni.cpp, line 599]
Event: 0.074 Thread 0x000001e87fe4ab20 Exception <a 'java/io/IOException'{0x00000000cfb9a6c8}: Bad pathname> (0x00000000cfb9a6c8) 
thrown [./open/src/hotspot/share/prims/jni.cpp, line 599]
Event: 0.209 Thread 0x000001e87fe4ab20 Exception <a 'java/lang/NoSuchMethodError'{0x00000000cf9f40c0}: 'java.lang.Object java.lang.invoke.DirectMethodHandle$Holder.invokeInterface(java.lang.Object, java.lang.Object)'> (0x00000000cf9f40c0) 
thrown [./open/src/hotspot/share/interpreter/linkResolver.cpp, line 782]
Event: 0.209 Thread 0x000001e87fe4ab20 Exception <a 'java/lang/IncompatibleClassChangeError'{0x00000000cf9f7a38}: Found class java.lang.Object, but interface was expected> (0x00000000cf9f7a38) 
thrown [./open/src/hotspot/share/interpreter/linkResolver.cpp, line 848]
Event: 0.357 Thread 0x000001e87fe4ab20 Exception <a 'java/lang/NoSuchMethodError'{0x00000000c0ea8ab0}: 'void java.lang.invoke.DirectMethodHandle$Holder.invokeSpecial(java.lang.Object, java.lang.Object, java.lang.Object)'> (0x00000000c0ea8ab0) 
thrown [./open/src/hotspot/share/interpreter/linkResolver.cpp, line 782]
Event: 0.370 Thread 0x000001e87fe4ab20 Exception <a 'java/lang/NoSuchMethodError'{0x00000000c0ec24c8}: 'java.lang.Object java.lang.invoke.DirectMethodHandle$Holder.invokeStatic(java.lang.Object)'> (0x00000000c0ec24c8) 
thrown [./open/src/hotspot/share/interpreter/linkResolver.cpp, line 782]
Event: 0.375 Thread 0x000001e87fe4ab20 Exception <a 'java/lang/NoSuchMethodError'{0x00000000c0eccfd8}: 'java.lang.Object java.lang.invoke.DirectMethodHandle$Holder.invokeStaticInit(java.lang.Object)'> (0x00000000c0eccfd8) 
thrown [./open/src/hotspot/share/interpreter/linkResolver.cpp, line 782]

Events (20 events):
Event: 20.292 Executing VM operation: G1CollectFull
Event: 20.301 Executing VM operation: G1CollectFull done
Event: 20.906 Executing VM operation: G1CollectFull
Event: 20.913 Executing VM operation: G1CollectFull done
Event: 21.023 Executing VM operation: G1CollectFull
Event: 21.032 Executing VM operation: G1CollectFull done
Event: 21.613 Executing VM operation: G1CollectFull
Event: 21.622 Executing VM operation: G1CollectFull done
Event: 21.750 Executing VM operation: G1CollectFull
Event: 21.758 Executing VM operation: G1CollectFull done
Event: 24.462 Executing VM operation: G1CollectFull
Event: 24.471 Executing VM operation: G1CollectFull done
Event: 24.590 Executing VM operation: G1CollectFull
Event: 24.601 Executing VM operation: G1CollectFull done
Event: 112.885 Executing VM operation: G1CollectFull
Event: 112.893 Executing VM operation: G1CollectFull done
Event: 112.985 Executing VM operation: G1CollectFull
Event: 112.992 Executing VM operation: G1CollectFull done
Event: 113.508 Executing VM operation: G1CollectFull
Event: 113.519 Executing VM operation: G1CollectFull done


Dynamic libraries:
0x00007ff68e340000 - 0x00007ff68e35c000 	C:\anaconda3\envs\kochat_proj\python.exe
0x00007fff13970000 - 0x00007fff13b65000 	C:\WINDOWS\SYSTEM32\ntdll.dll
0x00007fff13450000 - 0x00007fff1350e000 	C:\WINDOWS\System32\KERNEL32.DLL
0x00007fff11500000 - 0x00007fff117c8000 	C:\WINDOWS\System32\KERNELBASE.dll
0x00007fff11400000 - 0x00007fff11500000 	C:\WINDOWS\System32\ucrtbase.dll
0x00007ffef0160000 - 0x00007ffef0179000 	C:\anaconda3\envs\kochat_proj\VCRUNTIME140.dll
0x00007ffea6d00000 - 0x00007ffea712d000 	C:\anaconda3\envs\kochat_proj\python38.dll
0x00007fff12850000 - 0x00007fff128a5000 	C:\WINDOWS\System32\SHLWAPI.dll
0x00007fff12540000 - 0x00007fff125de000 	C:\WINDOWS\System32\msvcrt.dll
0x00007fff08120000 - 0x00007fff0812a000 	C:\WINDOWS\SYSTEM32\VERSION.dll
0x00007fff13220000 - 0x00007fff1328b000 	C:\WINDOWS\System32\WS2_32.dll
0x00007fff13290000 - 0x00007fff133b5000 	C:\WINDOWS\System32\RPCRT4.dll
0x00007fff129f0000 - 0x00007fff12a9e000 	C:\WINDOWS\System32\ADVAPI32.dll
0x00007fff119e0000 - 0x00007fff11a7c000 	C:\WINDOWS\System32\sechost.dll
0x00007fff109d0000 - 0x00007fff109e8000 	C:\WINDOWS\SYSTEM32\CRYPTSP.dll
0x00007fff100d0000 - 0x00007fff10104000 	C:\WINDOWS\system32\rsaenh.dll
0x00007fff119a0000 - 0x00007fff119c7000 	C:\WINDOWS\System32\bcrypt.dll
0x00007fff109f0000 - 0x00007fff109fc000 	C:\WINDOWS\SYSTEM32\CRYPTBASE.dll
0x00007fff11140000 - 0x00007fff111c2000 	C:\WINDOWS\System32\bcryptPrimitives.dll
0x00007ffef8900000 - 0x00007ffef8908000 	C:\anaconda3\envs\kochat_proj\lib\site-packages\markupsafe\_speedups.cp38-win_amd64.pyd
0x00007ffef0140000 - 0x00007ffef0157000 	C:\anaconda3\envs\kochat_proj\DLLs\_bz2.pyd
0x00007ffef0100000 - 0x00007ffef0140000 	C:\anaconda3\envs\kochat_proj\DLLs\_lzma.pyd
0x00007ffef3ee0000 - 0x00007ffef3eed000 	C:\anaconda3\envs\kochat_proj\DLLs\_hashlib.pyd
0x00007ffeec8d0000 - 0x00007ffeecc1c000 	C:\anaconda3\envs\kochat_proj\Library\bin\libcrypto-1_1-x64.dll
0x00007fff13630000 - 0x00007fff137d0000 	C:\WINDOWS\System32\USER32.dll
0x00007fff113d0000 - 0x00007fff113f2000 	C:\WINDOWS\System32\win32u.dll
0x00007fff13900000 - 0x00007fff1392b000 	C:\WINDOWS\System32\GDI32.dll
0x00007fff117d0000 - 0x00007fff118db000 	C:\WINDOWS\System32\gdi32full.dll
0x00007fff111d0000 - 0x00007fff1126d000 	C:\WINDOWS\System32\msvcp_win.dll
0x00007fff12aa0000 - 0x00007fff12ad0000 	C:\WINDOWS\System32\IMM32.DLL
0x00007ffef00b0000 - 0x00007ffef00f3000 	C:\anaconda3\envs\kochat_proj\DLLs\_decimal.pyd
0x00007ffeeef40000 - 0x00007ffeef04e000 	C:\anaconda3\envs\kochat_proj\DLLs\unicodedata.pyd
0x00007ffef0090000 - 0x00007ffef00a6000 	C:\anaconda3\envs\kochat_proj\DLLs\_socket.pyd
0x00007fff104b0000 - 0x00007fff104eb000 	C:\WINDOWS\SYSTEM32\IPHLPAPI.DLL
0x00007ffef0080000 - 0x00007ffef0089000 	C:\anaconda3\envs\kochat_proj\DLLs\select.pyd
0x00007ffef0060000 - 0x00007ffef007e000 	C:\anaconda3\envs\kochat_proj\DLLs\_ssl.pyd
0x00007fff11270000 - 0x00007fff113c6000 	C:\WINDOWS\System32\CRYPT32.dll
0x00007ffeec820000 - 0x00007ffeec8cc000 	C:\anaconda3\envs\kochat_proj\Library\bin\libssl-1_1-x64.dll
0x00007ffef0040000 - 0x00007ffef0060000 	C:\anaconda3\envs\kochat_proj\DLLs\_ctypes.pyd
0x00007fff126f0000 - 0x00007fff1281a000 	C:\WINDOWS\System32\ole32.dll
0x00007fff11a80000 - 0x00007fff11dd4000 	C:\WINDOWS\System32\combase.dll
0x00007ffef0030000 - 0x00007ffef003b000 	C:\anaconda3\envs\kochat_proj\DLLs\libffi-7.dll
0x00007fff13830000 - 0x00007fff138fd000 	C:\WINDOWS\System32\OLEAUT32.dll
0x00007fff12ad0000 - 0x00007fff13214000 	C:\WINDOWS\System32\shell32.DLL
0x00007ffeeee10000 - 0x00007ffeeeea1000 	C:\anaconda3\envs\kochat_proj\msvcp140.dll
0x00007ffef0020000 - 0x00007ffef002c000 	C:\anaconda3\envs\kochat_proj\VCRUNTIME140_1.dll
0x00007ffeeffd0000 - 0x00007ffef0017000 	C:\anaconda3\envs\kochat_proj\lib\site-packages\torch\lib\asmjit.dll
0x00007ffeeeed0000 - 0x00007ffeeef3a000 	C:\anaconda3\envs\kochat_proj\lib\site-packages\torch\lib\c10.dll
0x00007fff0f610000 - 0x00007fff0f7f4000 	C:\WINDOWS\SYSTEM32\dbghelp.dll
0x00007ffebbb50000 - 0x00007ffebbf09000 	C:\anaconda3\envs\kochat_proj\lib\site-packages\torch\lib\fbgemm.dll
0x00007ffeb67a0000 - 0x00007ffeb69ad000 	C:\anaconda3\envs\kochat_proj\lib\site-packages\torch\lib\libiomp5md.dll
0x00007ffeeffc0000 - 0x00007ffeeffcd000 	C:\anaconda3\envs\kochat_proj\lib\site-packages\torch\lib\libiompstubs5md.dll
0x00007ffeeff90000 - 0x00007ffeeff99000 	C:\anaconda3\envs\kochat_proj\lib\site-packages\torch\lib\shm.dll
0x00007ffe85da0000 - 0x00007ffe92f63000 	C:\anaconda3\envs\kochat_proj\lib\site-packages\torch\lib\torch_cpu.dll
0x00007ffeb5ae0000 - 0x00007ffeb5d9d000 	C:\anaconda3\envs\kochat_proj\lib\site-packages\torch\lib\uv.dll
0x00007fff119d0000 - 0x00007fff119d8000 	C:\WINDOWS\System32\PSAPI.DLL
0x00007fff10f50000 - 0x00007fff10f7e000 	C:\WINDOWS\SYSTEM32\USERENV.dll
0x00007ffeeff80000 - 0x00007ffeeff87000 	C:\anaconda3\envs\kochat_proj\lib\site-packages\torch\lib\torch.dll
0x00007ffeeff70000 - 0x00007ffeeff77000 	C:\anaconda3\envs\kochat_proj\lib\site-packages\torch\lib\torch_global_deps.dll
0x00007ffea6240000 - 0x00007ffea6cf6000 	C:\anaconda3\envs\kochat_proj\lib\site-packages\torch\lib\torch_python.dll
0x00007ffeef540000 - 0x00007ffeef547000 	C:\anaconda3\envs\kochat_proj\lib\site-packages\torch\_C.cp38-win_amd64.pyd
0x0000000065fc0000 - 0x0000000067e66000 	C:\anaconda3\envs\kochat_proj\lib\site-packages\numpy\.libs\libopenblas.EL2C6PLE4ZYW3ECEVIV3OXXGRN2NRFM2.gfortran-win_amd64.dll
0x00007ffea5f30000 - 0x00007ffea6238000 	C:\anaconda3\envs\kochat_proj\lib\site-packages\numpy\core\_multiarray_umath.cp38-win_amd64.pyd
0x00007ffeef070000 - 0x00007ffeef092000 	C:\anaconda3\envs\kochat_proj\lib\site-packages\numpy\core\_multiarray_tests.cp38-win_amd64.pyd
0x00007ffeeedc0000 - 0x00007ffeeedee000 	C:\anaconda3\envs\kochat_proj\lib\site-packages\numpy\linalg\_umath_linalg.cp38-win_amd64.pyd
0x00007ffeedc00000 - 0x00007ffeedc20000 	C:\anaconda3\envs\kochat_proj\lib\site-packages\numpy\fft\_pocketfft_internal.cp38-win_amd64.pyd
0x00007ffec3620000 - 0x00007ffec36b5000 	C:\anaconda3\envs\kochat_proj\lib\site-packages\numpy\random\mtrand.cp38-win_amd64.pyd
0x00007ffeedbd0000 - 0x00007ffeedbf9000 	C:\anaconda3\envs\kochat_proj\lib\site-packages\numpy\random\bit_generator.cp38-win_amd64.pyd
0x00007ffeed4c0000 - 0x00007ffeed4f3000 	C:\anaconda3\envs\kochat_proj\lib\site-packages\numpy\random\_common.cp38-win_amd64.pyd
0x00007ffeec390000 - 0x00007ffeec3d2000 	C:\anaconda3\envs\kochat_proj\lib\site-packages\numpy\random\_bounded_integers.cp38-win_amd64.pyd
0x00007ffeec370000 - 0x00007ffeec388000 	C:\anaconda3\envs\kochat_proj\lib\site-packages\numpy\random\_mt19937.cp38-win_amd64.pyd
0x00007ffeeb820000 - 0x00007ffeeb837000 	C:\anaconda3\envs\kochat_proj\lib\site-packages\numpy\random\_philox.cp38-win_amd64.pyd
0x00007ffeeb800000 - 0x00007ffeeb819000 	C:\anaconda3\envs\kochat_proj\lib\site-packages\numpy\random\_pcg64.cp38-win_amd64.pyd
0x00007ffee9ce0000 - 0x00007ffee9cf2000 	C:\anaconda3\envs\kochat_proj\lib\site-packages\numpy\random\_sfc64.cp38-win_amd64.pyd
0x00007ffeb9010000 - 0x00007ffeb90c0000 	C:\anaconda3\envs\kochat_proj\lib\site-packages\numpy\random\_generator.cp38-win_amd64.pyd
0x00007ffeeedb0000 - 0x00007ffeeedb9000 	C:\anaconda3\envs\kochat_proj\DLLs\_multiprocessing.pyd
0x00007ffee0c50000 - 0x00007ffee0c61000 	C:\anaconda3\envs\kochat_proj\DLLs\_asyncio.pyd
0x00007ffeeed60000 - 0x00007ffeeed6d000 	C:\anaconda3\envs\kochat_proj\DLLs\_overlapped.pyd
0x00007fff107e0000 - 0x00007fff1084a000 	C:\WINDOWS\system32\mswsock.dll
0x00007ffeee190000 - 0x00007ffeee199000 	C:\anaconda3\envs\kochat_proj\DLLs\_queue.pyd
0x00007ffee0c20000 - 0x00007ffee0c48000 	C:\anaconda3\envs\kochat_proj\lib\site-packages\sklearn\.libs\vcomp140.dll
0x00007ffeed620000 - 0x00007ffeed62a000 	C:\anaconda3\envs\kochat_proj\lib\site-packages\sklearn\__check_build\_check_build.cp38-win_amd64.pyd
0x000000006af80000 - 0x000000006afa9000 	C:\anaconda3\envs\kochat_proj\lib\site-packages\scipy\.libs\libansari.54HGNEJBQIYZX5TZPCQGLNVIPFU6NWEX.gfortran-win_amd64.dll
0x00000000002e0000 - 0x000000000037e000 	C:\anaconda3\envs\kochat_proj\lib\site-packages\scipy\.libs\libbanded5x.ABYHDVQF7COXVK3TNFLCFIE3ZJ55VK3U.gfortran-win_amd64.dll
0x0000000062a80000 - 0x000000006482b000 	C:\anaconda3\envs\kochat_proj\lib\site-packages\scipy\.libs\libopenblas.XWYDX2IKJW2NMTWSFYNGFUWKQU3LYTCZ.gfortran-win_amd64.dll
0x000000006a7c0000 - 0x000000006a97b000 	C:\anaconda3\envs\kochat_proj\lib\site-packages\scipy\.libs\libbispeu.HPSBTY5F6WJ6KJ2NXCAHI76UA2TMTBUN.gfortran-win_amd64.dll
0x0000000000380000 - 0x000000000041b000 	C:\anaconda3\envs\kochat_proj\lib\site-packages\scipy\.libs\libblkdta00.WVSTB7IKZB6HIBJBRTLONTDDLX45W3KN.gfortran-win_amd64.dll
0x0000000071080000 - 0x00000000710cf000 	C:\anaconda3\envs\kochat_proj\lib\site-packages\scipy\.libs\libchkder.CIYBJUMHB77HZDWZ7O7OQB7IFLU42V62.gfortran-win_amd64.dll
0x000000006edc0000 - 0x000000006ee5c000 	C:\anaconda3\envs\kochat_proj\lib\site-packages\scipy\.libs\libcobyla2.2BWZ2MDM35NG3J3FO4MPMLJ2Z6EZ6EOI.gfortran-win_amd64.dll
0x000000006a1c0000 - 0x000000006a1dd000 	C:\anaconda3\envs\kochat_proj\lib\site-packages\scipy\.libs\libdcsrch.TWU2WQ2D2VRC5ZBASJTN75WEVOQEH4AA.gfortran-win_amd64.dll
0x000000006dcc0000 - 0x000000006dcdf000 	C:\anaconda3\envs\kochat_proj\lib\site-packages\scipy\.libs\libdet.LTWBOQRSX32MNDCVUWNOI5E435HRU6YP.gfortran-win_amd64.dll
0x00000000624c0000 - 0x0000000062645000 	C:\anaconda3\envs\kochat_proj\lib\site-packages\scipy\.libs\libdfft.FFXWMOQPKZXKAXKUFMVGLDO62AO7VPGS.gfortran-win_amd64.dll
0x000000006ab40000 - 0x000000006acfb000 	C:\anaconda3\envs\kochat_proj\lib\site-packages\scipy\.libs\libdfitpack.YXWNLD73YBGP5FO245APK6CUWEW5I2TK.gfortran-win_amd64.dll
0x000000006fe00000 - 0x0000000070071000 	C:\anaconda3\envs\kochat_proj\lib\site-packages\scipy\.libs\libdgamln.KENFY5NPMIE5SVC67G4NF6ARA7J2ONEV.gfortran-win_amd64.dll
0x0000000000420000 - 0x00000000004d9000 	C:\anaconda3\envs\kochat_proj\lib\site-packages\scipy\.libs\libdqag.KFXYQPE7TNPTKVZEOFZD5XRLKOIHA7RT.gfortran-win_amd64.dll
0x00000000004e0000 - 0x000000000060a000 	C:\anaconda3\envs\kochat_proj\lib\site-packages\scipy\.libs\libd_odr.BHE5JALHSZ6DIEWQMWW6K6S6SSQJUFW2.gfortran-win_amd64.dll
0x00000000707c0000 - 0x000000007081c000 	C:\anaconda3\envs\kochat_proj\lib\site-packages\scipy\.libs\libgetbreak.MQHZD2DJBWPPOFUZ6NM5DKQEVQSYTXY5.gfortran-win_amd64.dll
0x0000000000610000 - 0x00000000006bb000 	C:\anaconda3\envs\kochat_proj\lib\site-packages\scipy\.libs\liblbfgsb.IBQVICK3GETUIWC3SE6D3FM7Q4K2W4JC.gfortran-win_amd64.dll
0x000000006cd00000 - 0x000000006ce26000 	C:\anaconda3\envs\kochat_proj\lib\site-packages\scipy\.libs\libmvndst.7O53DZ5WZNFDVHAUQKHVN7SV37RNFUZG.gfortran-win_amd64.dll
0x0000000065640000 - 0x00000000656bb000 	C:\anaconda3\envs\kochat_proj\lib\site-packages\scipy\.libs\libnnls.O7YW55GFEWHHLJHC7HW56M4N2SDMEE6J.gfortran-win_amd64.dll
0x0000000065f40000 - 0x0000000065f86000 	C:\anaconda3\envs\kochat_proj\lib\site-packages\scipy\.libs\libslsqp_op.RZ4TV2HJX5AEA5VT2ZSATTL3ELYSVEN7.gfortran-win_amd64.dll
0x000000006bc00000 - 0x000000006bd67000 	C:\anaconda3\envs\kochat_proj\lib\site-packages\scipy\.libs\libspecfun.OGUV3EZXE6PFA7VHXS36IRLE5K54SPJS.gfortran-win_amd64.dll
0x000000006ebc0000 - 0x000000006ebef000 	C:\anaconda3\envs\kochat_proj\lib\site-packages\scipy\.libs\libwrap_dum.QHE7IE27WXDLOUF7YPJIZTUSD7PSSW27.gfortran-win_amd64.dll
0x000000006e0c0000 - 0x000000006e0d8000 	C:\anaconda3\envs\kochat_proj\lib\site-packages\scipy\.libs\libwrap_dum.TFX7VWQFDZU2QGZETLZYZ64XLNXVLKLS.gfortran-win_amd64.dll
0x0000000070540000 - 0x00000000706ba000 	C:\anaconda3\envs\kochat_proj\lib\site-packages\scipy\.libs\lib_arpack-.JBTJ3EH6XBTOJRW4UXEFQDCV4M3KDT5D.gfortran-win_amd64.dll
0x000000006de40000 - 0x000000006de68000 	C:\anaconda3\envs\kochat_proj\lib\site-packages\scipy\.libs\lib_blas_su.GBT4BF6LFZUHVUR7XJGSCCTPPC3QBPDW.gfortran-win_amd64.dll
0x000000006e380000 - 0x000000006e44d000 	C:\anaconda3\envs\kochat_proj\lib\site-packages\scipy\.libs\lib_cpropac.LZ6ZKB6QF2D6OPK4LBR2BL2NRSRJTX53.gfortran-win_amd64.dll
0x0000000069a80000 - 0x0000000069b14000 	C:\anaconda3\envs\kochat_proj\lib\site-packages\scipy\.libs\lib_dop-f2p.ZRIYLRHKCGTZ7E4XYRDJPKIEKPDV23QH.gfortran-win_amd64.dll
0x000000006f880000 - 0x000000006f91e000 	C:\anaconda3\envs\kochat_proj\lib\site-packages\scipy\.libs\lib_dpropac.Q2H6ETLGCLDLQG24RM6ERK7QAQJBCPN5.gfortran-win_amd64.dll
0x0000000069740000 - 0x00000000697dc000 	C:\anaconda3\envs\kochat_proj\lib\site-packages\scipy\.libs\lib_lsoda-f.QV6HNOKDBJH3VU7CY33LWK37ZHUJ5C44.gfortran-win_amd64.dll
0x000000006f000000 - 0x000000006f09e000 	C:\anaconda3\envs\kochat_proj\lib\site-packages\scipy\.libs\lib_spropac.CMUCRHKRCGKZODLDG5AQIJK6AVZZKJHW.gfortran-win_amd64.dll
0x00000000006c0000 - 0x0000000000737000 	C:\anaconda3\envs\kochat_proj\lib\site-packages\scipy\.libs\lib_test_fo.BMG7XNVQO3Y6HRRDJ5ONJJ54IWAYGMM4.gfortran-win_amd64.dll
0x0000000000740000 - 0x0000000000817000 	C:\anaconda3\envs\kochat_proj\lib\site-packages\scipy\.libs\lib_vode-f2.G5JNYNBPNJBX64VU3S6O5EW5VPZJYI6C.gfortran-win_amd64.dll
0x000000006c740000 - 0x000000006c828000 	C:\anaconda3\envs\kochat_proj\lib\site-packages\scipy\.libs\lib_zpropac.PE24TP6TN6PMYXSF7N5EQ57RIYYYFUWV.gfortran-win_amd64.dll
0x00007ffec3580000 - 0x00007ffec361d000 	C:\anaconda3\envs\kochat_proj\lib\site-packages\scipy\.libs\msvcp140.dll
0x00007ffee0c00000 - 0x00007ffee0c14000 	C:\anaconda3\envs\kochat_proj\lib\site-packages\scipy\_lib\_ccallback_c.cp38-win_amd64.pyd
0x00007ffea5d10000 - 0x00007ffea5f2f000 	C:\anaconda3\envs\kochat_proj\lib\site-packages\scipy\sparse\_sparsetools.cp38-win_amd64.pyd
0x00007ffeb8ad0000 - 0x00007ffeb8b4f000 	C:\anaconda3\envs\kochat_proj\lib\site-packages\scipy\sparse\_csparsetools.cp38-win_amd64.pyd
0x00007ffec3d60000 - 0x00007ffec3db5000 	C:\anaconda3\envs\kochat_proj\lib\site-packages\scipy\sparse\csgraph\_shortest_path.cp38-win_amd64.pyd
0x00007ffee0160000 - 0x00007ffee0184000 	C:\anaconda3\envs\kochat_proj\lib\site-packages\scipy\sparse\csgraph\_tools.cp38-win_amd64.pyd
0x00007ffee00d0000 - 0x00007ffee00f2000 	C:\anaconda3\envs\kochat_proj\lib\site-packages\scipy\sparse\csgraph\_traversal.cp38-win_amd64.pyd
0x00007ffed9e30000 - 0x00007ffed9e5d000 	C:\anaconda3\envs\kochat_proj\lib\site-packages\scipy\sparse\csgraph\_min_spanning_tree.cp38-win_amd64.pyd
0x00007ffed5680000 - 0x00007ffed56bc000 	C:\anaconda3\envs\kochat_proj\lib\site-packages\scipy\sparse\csgraph\_flow.cp38-win_amd64.pyd
0x00007ffed0ff0000 - 0x00007ffed102d000 	C:\anaconda3\envs\kochat_proj\lib\site-packages\scipy\sparse\csgraph\_matching.cp38-win_amd64.pyd
0x00007ffec3f20000 - 0x00007ffec3f58000 	C:\anaconda3\envs\kochat_proj\lib\site-packages\scipy\sparse\csgraph\_reordering.cp38-win_amd64.pyd
0x00007ffee0be0000 - 0x00007ffee0bf8000 	C:\anaconda3\envs\kochat_proj\lib\site-packages\sklearn\utils\murmurhash.cp38-win_amd64.pyd
0x00007ffeb7880000 - 0x00007ffeb790b000 	C:\anaconda3\envs\kochat_proj\lib\site-packages\scipy\spatial\_ckdtree.cp38-win_amd64.pyd
0x00007ffeb7720000 - 0x00007ffeb77f1000 	C:\anaconda3\envs\kochat_proj\lib\site-packages\scipy\spatial\_qhull.cp38-win_amd64.pyd

dbghelp: loaded successfully - version: 4.0.5 - missing functions: none
symbol engine: initialized successfully - sym options: 0x614 - pdb path: .;C:\anaconda3\envs\kochat_proj;C:\WINDOWS\SYSTEM32;C:\anaconda3\envs\kochat_proj\lib\site-packages\markupsafe;C:\anaconda3\envs\kochat_proj\DLLs;C:\anaconda3\envs\kochat_proj\Library\bin;C:\anaconda3\envs\kochat_proj\lib\site-packages\torch\lib;C:\anaconda3\envs\kochat_proj\lib\site-packages\torch;C:\anaconda3\envs\kochat_proj\lib\site-packages\numpy\.libs;C:\anaconda3\envs\kochat_proj\lib\site-packages\numpy\core;C:\anaconda3\envs\kochat_proj\lib\site-packages\numpy\linalg;C:\anaconda3\envs\kochat_proj\lib\site-packages\numpy\fft;C:\anaconda3\envs\kochat_proj\lib\site-packages\numpy\random;C:\anaconda3\envs\kochat_proj\lib\site-packages\sklearn\.libs;C:\anaconda3\envs\kochat_proj\lib\site-packages\sklearn\__check_build;C:\anaconda3\envs\kochat_proj\lib\site-packages\scipy\.libs;C:\anaconda3\envs\kochat_proj\lib\site-packages\scipy\_lib;C:\anaconda3\envs\kochat_proj\lib\site-packages\scipy\sparse;C:\anaconda3\envs\kochat_proj\lib\site-packages\scipy\sparse\csgraph;C:\anaconda3\envs\kochat_proj\lib\site-packages\sklearn\utils;C:\anaconda3\envs\kochat_proj\lib\site-packages\scipy\spatial;C:\anaconda3\envs\kochat_proj\lib\site-packages\scipy\linalg;C:\anaconda3\envs\kochat_proj\lib\site-packages\scipy\special;C:\anaconda3\envs\kochat_proj\lib\site-packages\scipy\spatial\transform;C:\anaconda3\envs\kochat_proj\lib\site-packages\scipy\ndimage;C:\anaconda3\envs\kochat_proj\lib\site-packages\scipy\sparse\linalg\_isolve;C:\anaconda3\envs\kochat_proj\lib\site-packages\scipy\sparse\linalg\_dsolve;C:\anaconda3\envs\kochat_proj\lib\site-packages\scipy\sparse\linalg\_eigen\arpack;C:\anaconda3\envs\kochat_proj\lib\site-packages\scipy\optimize;C:\anaconda3\envs\kochat_proj\lib\site-packages\scipy\optimize\_trlib;C:\anaconda3\envs\kochat_proj\lib\site-packages\scipy\optimize\_lsq;C:\anaconda3\envs\kochat_proj\lib\site-packages\scipy\optimize\_highs;C:\anaconda3\envs\kochat_proj\lib\site-packages\scipy\integrate;C:\anaconda3\envs\kochat_proj\lib\site-packages\scipy\interpolate;C:\anaconda3\envs\kochat_proj\lib\site-packages\scipy\stats;C:\anaconda3\envs\kochat_proj\lib\site-packages\scipy\stats\_boost;C:\anaconda3\envs\kochat_proj\lib\site-packages\scipy\stats\_unuran;C:\anaconda3\envs\kochat_proj\lib\site-packages\sklearn\preprocessing;C:\anaconda3\envs\kochat_proj\lib\site-packages\sklearn\metrics\cluster;C:\anaconda3\envs\kochat_proj\lib\site-packages\sklearn\metrics;C:\anaconda3\envs\kochat_proj\lib\site-packages\sklearn\linear_model;C:\anaconda3\envs\kochat_proj\lib\site-packages\sklearn\svm;C:\anaconda3\envs\kochat_proj\lib\site-packages\pandas\_libs;C:\anaconda3\envs\kochat_proj\lib\site-packages\pandas\_libs\tslibs;C:\anaconda3\envs\kochat_proj\lib\site-packages\pandas\_libs\window;C:\anaconda3\envs\kochat_proj\lib\site-packages;C:\anaconda3\envs\kochat_proj\lib\site-packages\lxml;C:\anaconda3\envs\kochat_proj\lib\site-packages\matplotlib;C:\WINDOWS\WinSxS\amd64_microsoft.windows.common-controls_6595b64144ccf1df_6.0.19041.1110_none_60b5254171f9507e;C:\anaconda3\envs\kochat_proj\lib\site-packages\matplotlib\backends;C:\anaconda3\envs\kochat_proj\lib\site-packages\sklearn\decomposition;C:\anaconda3\envs\kochat_proj\lib\site-packages\gensim;C:\anaconda3\envs\kochat_proj\lib\site-packages\gensim\corpora;C:\anaconda3\envs\kochat_proj\lib\site-packages\gensim\models;C:\anaconda3\envs\kochat_proj\lib\site-packages\sklearn\neighbors;C:\Users\LG\openjdk-15_windows-x64_bin\jdk-15\bin\server;C:\Users\LG\openjdk-15_windows-x64_bin\jdk-15\bin;C:\anaconda3\envs\kochat_proj\tcl\reg1.3

VM Arguments:
jvm_args: -Dfile.encoding=UTF8 -ea -Xmx1024m 
java_command: <unknown>
java_class_path (initial): C:\anaconda3\envs\kochat_proj\Lib\site-packages\konlpy\java;C:\anaconda3\envs\kochat_proj\Lib\site-packages\konlpy\java\bin;C:\anaconda3\envs\kochat_proj\Lib\site-packages\konlpy\java\*;C:\anaconda3\envs\kochat_proj\Lib\site-packages\konlpy\java\jhannanum-0.8.4.jar;C:\anaconda3\envs\kochat_proj\Lib\site-packages\konlpy\java\kkma-2.0.jar;C:\anaconda3\envs\kochat_proj\Lib\site-packages\konlpy\java\aho-corasick.jar;C:\anaconda3\envs\kochat_proj\Lib\site-packages\konlpy\java\shineware-common-1.0.jar;C:\anaconda3\envs\kochat_proj\Lib\site-packages\konlpy\java\shineware-ds-1.0.jar;C:\anaconda3\envs\kochat_proj\Lib\site-packages\konlpy\java\komoran-3.0.jar;C:\anaconda3\envs\kochat_proj\Lib\site-packages\konlpy\java\snakeyaml-1.12.jar;C:\anaconda3\envs\kochat_proj\Lib\site-packages\konlpy\java\scala-library-2.12.3.jar;C:\anaconda3\envs\kochat_proj\Lib\site-packages\konlpy\java\open-korean-text-2.1.0.jar;C:\anaconda3\envs\kochat_proj\Lib\site-packages\konlpy\java\twitter-text-1.14.7.jar;C:\anaconda3\envs\kochat_proj\Lib\site-packages\konlpy\java\*
Launcher Type: generic

[Global flags]
     intx CICompilerCount                          = 4                                         {product} {ergonomic}
     uint ConcGCThreads                            = 2                                         {product} {ergonomic}
     uint G1ConcRefinementThreads                  = 8                                         {product} {ergonomic}
   size_t G1HeapRegionSize                         = 1048576                                   {product} {ergonomic}
    uintx GCDrainStackTargetSize                   = 64                                        {product} {ergonomic}
   size_t InitialHeapSize                          = 264241152                                 {product} {ergonomic}
   size_t MarkStackSize                            = 4194304                                   {product} {ergonomic}
   size_t MaxHeapSize                              = 1073741824                                {product} {command line}
   size_t MaxNewSize                               = 643825664                                 {product} {ergonomic}
   size_t MinHeapDeltaBytes                        = 1048576                                   {product} {ergonomic}
   size_t MinHeapSize                              = 8388608                                   {product} {ergonomic}
    uintx NonNMethodCodeHeapSize                   = 5839372                                {pd product} {ergonomic}
    uintx NonProfiledCodeHeapSize                  = 122909434                              {pd product} {ergonomic}
    uintx ProfiledCodeHeapSize                     = 122909434                              {pd product} {ergonomic}
    uintx ReservedCodeCacheSize                    = 251658240                              {pd product} {ergonomic}
     bool SegmentedCodeCache                       = true                                      {product} {ergonomic}
   size_t SoftMaxHeapSize                          = 1073741824                             {manageable} {ergonomic}
     bool UseCompressedClassPointers               = true                                 {lp64_product} {ergonomic}
     bool UseCompressedOops                        = true                                 {lp64_product} {ergonomic}
     bool UseG1GC                                  = true                                      {product} {ergonomic}
     bool UseLargePagesIndividualAllocation        = false                                  {pd product} {ergonomic}

Logging:
Log output configuration:
 #0: stdout all=warning uptime,level,tags
 #1: stderr all=off uptime,level,tags

Environment Variables:
JAVA_HOME=C:\Users\LG\openjdk-15_windows-x64_bin\jdk-15
PATH=C:\anaconda3\envs\kochat_proj;C:\anaconda3\envs\kochat_proj\Library\mingw-w64\bin;C:\anaconda3\envs\kochat_proj\Library\usr\bin;C:\anaconda3\envs\kochat_proj\Library\bin;C:\anaconda3\envs\kochat_proj\Scripts;C:\anaconda3\envs\kochat_proj\bin;C:\anaconda3\condabin;C:\Program Files\Common Files\Oracle\Java\javapath;C:\Program Files\Eclipse Adoptium\jdk-8.0.322.6-hotspot\bin;C:\WINDOWS\system32;C:\WINDOWS;C:\WINDOWS\System32\Wbem;C:\WINDOWS\System32\WindowsPowerShell\v1.0;C:\WINDOWS\System32\OpenSSH;C:\Program Files\Git\cmd;C:\Program Files\Microsoft SQL Server\150\Tools\Binn;C:\Program Files\Microsoft SQL Server\Client SDK\ODBC\170\Tools\Binn;C:\Program Files\dotnet;C:\Program Files\Docker\Docker\resources\bin;C:\ProgramData\DockerDesktop\version-bin;C:\Users\LG\openjdk-15_windows-x64_bin\jdk-15\bin;C:\anaconda3;C:\anaconda3\Library\mingw-w64\bin;C:\anaconda3\Library\usr\bin;C:\anaconda3\Library\bin;C:\anaconda3\Scripts;C:\Users\LG\AppData\Local\Microsoft\WindowsApps;C:\Users\LG\AppData\Local\Programs\Microsoft VS Code\bin;C:\Users\LG\.dotnet\tools
USERNAME=LG
OS=Windows_NT
PROCESSOR_IDENTIFIER=Intel64 Family 6 Model 126 Stepping 5, GenuineIntel



---------------  S Y S T E M  ---------------

OS:
 Windows 10 , 64 bit Build 19041 (10.0.19041.1566)
OS uptime: 0 days 0:30 hours
HyperV virtualization detected

CPU: total 8 (initial active 8) (4 cores per cpu, 2 threads per core) family 6 model 126 stepping 5, cmov, cx8, fxsr, mmx, sse, sse2, sse3, ssse3, sse4.1, sse4.2, popcnt, vzeroupper, avx, avx2, aes, clmul, erms, 3dnowpref, lzcnt, ht, tsc, tscinvbit, bmi1, bmi2, adx, avx512f, avx512dq, avx512cd, avx512bw, avx512vl, avx512_vpopcntdq, avx512_vpclmulqdq, avx512_vbmi, avx512_vbmi2, avx512_vaes, avx512_vnni, sha, fma, clflush, clflushopt

Memory: 4k page, system-wide physical 16093M (5319M free)
TotalPageFile size 18525M (AvailPageFile size 6417M)
current process WorkingSet (physical memory assigned to process): 2768M, peak: 5179M
current process commit charge ("private bytes"): 3360M, peak: 5698M

vm_info: OpenJDK 64-Bit Server VM (15+36-1562) for windows-amd64 JRE (15+36-1562), built on Aug 11 2020 22:33:04 by "mach5one" with unknown MS VC++:1925

END.
